[2021-01-11 15:08:50] [General - Main] [INFO] Logging initialized in debug mode.
[2021-01-11 15:08:50] [General - ShellExec] [DEBUG] Executing "id -u"
[2021-01-11 15:08:50] [General - ShellExec] [DEBUG] Got exit code 0
[2021-01-11 15:08:50] [General - ShellExec] [DEBUG] Executing "cat /proc/device-tree/model"
[2021-01-11 15:08:50] [General - ShellExec] [DEBUG] Got exit code 0
[2021-01-11 15:08:50] [General - Main] [INFO] Starting PhotonVision version v2022.1.4 on Linux Raspbian (Pi COMPUTE_MODULE_3)
[2021-01-11 15:08:52] [Camera - PicamJNI] [INFO] Successfully loaded libpicam shared object
[2021-01-11 15:08:52] [General - Main] [INFO] Native libraries loaded.
[2021-01-11 15:08:52] [General - ConfigManager] [INFO] Loading settings...
[2021-01-11 15:08:54] [General - ConfigManager] [INFO] Hardware settings does not exist! Loading defaults
[2021-01-11 15:08:54] [Camera - CameraConfiguration] [DEBUG] Creating camera configuration for UsbCamerammal service 16.1 (AKA gloworm) at /dev/video0
[2021-01-11 15:08:55] [General - ConfigManager] [ERROR] Exception while deserializing cameras/mmal_service_16.1/pipelines/New Pipeline.json
[2021-01-11 15:08:55] [General - ConfigManager] [ERROR] com.fasterxml.jackson.databind.exc.MismatchedInputException: Cannot deserialize value of type `org.photonvision.vision.target.TargetModel` from Object value (token `JsonToken.START_OBJECT`)
 at [Source: (File); line: 63, column: 19] (through reference chain: org.photonvision.vision.pipeline.ReflectivePipelineSettings["targetModel"])
	at com.fasterxml.jackson.databind.exc.MismatchedInputException.from(MismatchedInputException.java:59)
	at com.fasterxml.jackson.databind.DeserializationContext.reportInputMismatch(DeserializationContext.java:1601)
	at com.fasterxml.jackson.databind.DeserializationContext.handleUnexpectedToken(DeserializationContext.java:1375)
	at com.fasterxml.jackson.databind.DeserializationContext.handleUnexpectedToken(DeserializationContext.java:1280)
	at com.fasterxml.jackson.databind.DeserializationContext.extractScalarFromObject(DeserializationContext.java:872)
	at com.fasterxml.jackson.databind.deser.std.EnumDeserializer.deserialize(EnumDeserializer.java:199)
	at com.fasterxml.jackson.databind.deser.impl.FieldProperty.deserializeAndSet(FieldProperty.java:138)
	at com.fasterxml.jackson.databind.deser.BeanDeserializer.vanillaDeserialize(BeanDeserializer.java:324)
	at com.fasterxml.jackson.databind.deser.BeanDeserializer.deserialize(BeanDeserializer.java:187)
	at com.fasterxml.jackson.databind.jsontype.impl.AsArrayTypeDeserializer._deserialize(AsArrayTypeDeserializer.java:120)
	at com.fasterxml.jackson.databind.jsontype.impl.AsArrayTypeDeserializer.deserializeTypedFromObject(AsArrayTypeDeserializer.java:61)
	at com.fasterxml.jackson.databind.deser.BeanDeserializerBase.deserializeWithType(BeanDeserializerBase.java:1292)
	at com.fasterxml.jackson.databind.deser.impl.TypeWrappedDeserializer.deserialize(TypeWrappedDeserializer.java:74)
	at com.fasterxml.jackson.databind.deser.DefaultDeserializationContext.readRootValue(DefaultDeserializationContext.java:322)
	at com.fasterxml.jackson.databind.ObjectMapper._readMapAndClose(ObjectMapper.java:4593)
	at com.fasterxml.jackson.databind.ObjectMapper.readValue(ObjectMapper.java:3413)
	at org.photonvision.common.util.file.JacksonUtils.deserialize(JacksonUtils.java:61)
	at org.photonvision.common.configuration.ConfigManager.lambda$loadCameraConfigs$2(ConfigManager.java:308)
	at java.base/java.util.stream.ReferencePipeline$3$1.accept(ReferencePipeline.java:195)
	at java.base/java.util.stream.ReferencePipeline$2$1.accept(ReferencePipeline.java:177)
	at java.base/java.util.Iterator.forEachRemaining(Iterator.java:133)
	at java.base/java.util.Spliterators$IteratorSpliterator.forEachRemaining(Spliterators.java:1801)
	at java.base/java.util.stream.AbstractPipeline.copyInto(AbstractPipeline.java:484)
	at java.base/java.util.stream.AbstractPipeline.wrapAndCopyInto(AbstractPipeline.java:474)
	at java.base/java.util.stream.ReduceOps$ReduceOp.evaluateSequential(ReduceOps.java:913)
	at java.base/java.util.stream.AbstractPipeline.evaluate(AbstractPipeline.java:234)
	at java.base/java.util.stream.ReferencePipeline.collect(ReferencePipeline.java:578)
	at org.photonvision.common.configuration.ConfigManager.loadCameraConfigs(ConfigManager.java:320)
	at org.photonvision.common.configuration.ConfigManager.load(ConfigManager.java:184)
	at org.photonvision.Main.main(Main.java:222)

[2021-01-11 15:08:55] [VisionModule - VisionLED] [INFO] Changing LED internal state to Default
[2021-01-11 15:08:55] [General - NetworkManager] [INFO] Setting DHCP with team team -1
[2021-01-11 15:08:55] [General - ShellExec] [DEBUG] Executing "cat /etc/hostname | tr -d " \t\n\r""
[2021-01-11 15:08:55] [General - ShellExec] [DEBUG] Got exit code 0
[2021-01-11 15:08:55] [General - ShellExec] [DEBUG] Executing "echo gloworm > /etc/hostname"
[2021-01-11 15:08:55] [General - ShellExec] [DEBUG] Got exit code 0
[2021-01-11 15:08:55] [General - ShellExec] [DEBUG] Executing "hostnamectl set-hostname gloworm"
[2021-01-11 15:08:55] [General - ShellExec] [DEBUG] Got exit code 0
[2021-01-11 15:08:55] [General - ShellExec] [DEBUG] Executing "sed -i "s/127.0.1.1.*gloworm/127.0.1.1\tgloworm/g" /etc/hosts"
[2021-01-11 15:08:56] [General - ShellExec] [DEBUG] Got exit code 0
[2021-01-11 15:08:56] [General - ShellExec] [DEBUG] Executing "sudo service avahi-daemon restart"
[2021-01-11 15:08:56] [General - ShellExec] [DEBUG] Got exit code 0
[2021-01-11 15:08:56] [General - NetworkManager] [INFO] Set hostname to gloworm
[2021-01-11 15:08:56] [General - ShellExec] [DEBUG] Executing "dhclient eth0"
[2021-01-11 15:08:56] [General - ShellExec] [DEBUG] Got exit code 0
[2021-01-11 15:08:56] [General - NetworkTablesManager] [INFO] Starting NT Client
[2021-01-11 15:08:56] [General - NetworkTablesManager] [ERROR] [NetworkTablesManager] Could not connect to the robot! Will retry in the background...
[2021-01-11 15:08:56] [Camera - VisionSourceManager] [DEBUG] Matching 1 new cameras!
[2021-01-11 15:08:56] [Camera - VisionSourceManager] [INFO] Adding local video device - "mmal service 16.1" at "/dev/video0"
[2021-01-11 15:08:56] [Camera - VisionSourceManager] [DEBUG] Trying to match 1 unmatched configs...
[2021-01-11 15:08:56] [Camera - VisionSourceManager] [DEBUG] Trying to find a match for loaded camera mmal service 16.1 with path /dev/video0
[2021-01-11 15:08:56] [Camera - VisionSourceManager] [DEBUG] Matched the config for mmal service 16.1 to a physical camera!
[2021-01-11 15:08:56] [Camera - VisionSourceManager] [DEBUG] After matching loaded configs 0 cameras were unmatched.
[2021-01-11 15:08:56] [Camera - VisionSourceManager] [DEBUG] Matched or created 1 camera configs!
[2021-01-11 15:08:56] [VisionModule - VisionLED] [INFO] Changing LED internal state to Default
[2021-01-11 15:08:56] [Camera - VisionSourceManager] [DEBUG] Matched config for camera "AcceleratedPicamFrameProvider" and loaded 0 pipelines
[2021-01-11 15:08:56] [Camera - VisionSourceManager] [INFO] Adding 1 configs to VMM.
[2021-01-11 15:08:56] [WebServer - DataChangeService] [DEBUG] Added subscriber - Sources: DCS_WEBSOCKET, DCS_HTTP, DCS_NETWORKTABLES, DCS_VISIONMODULE, DCS_OTHER, Destinations: DCD_ACTIVEMODULE, DCD_ACTIVEPIPELINESETTINGS, DCD_GENSETTINGS, DCD_UI, DCD_OTHER
[2021-01-11 15:08:56] [VisionModule - VisionModule - gloworm] [INFO] Setting pipeline to 0
[2021-01-11 15:08:57] [VisionModule - VisionLED] [INFO] Changing LED internal state to On
[2021-01-11 15:08:57] [VisionModule - VisionModule - gloworm] [INFO] Setting FOV of vendor camera to 74.8
[2021-01-11 15:08:57] [VisionModule - VisionLED] [INFO] Changing LED internal state to On
[2021-01-11 15:08:57] [WebServer - DataChangeService] [DEBUG] Added subscriber - Sources: DCS_WEBSOCKET, DCS_HTTP, DCS_NETWORKTABLES, DCS_VISIONMODULE, DCS_OTHER, Destinations: DCD_UI
[2021-01-11 15:08:57] [WebServer - DataChangeService] [DEBUG] Added subscriber - Sources: DCS_WEBSOCKET, Destinations: DCD_GENSETTINGS
[2021-01-11 15:08:58] [General - ConfigManager] [DEBUG] Saving to disk...
[2021-01-11 15:08:59] [General - ConfigManager] [INFO] Settings saved!
[2021-01-11 15:09:00] [General - NetworkTablesManager] [ERROR] NT Connection has failed! Will retry in background.
[2021-01-11 15:09:01] [General - NetworkTablesManager] [INFO] Searching for rios
[2021-01-11 15:09:01] [General - NetworkTablesManager] [INFO] Trying 127.0.0.1
[2021-01-11 15:09:01] [General - NetworkTablesManager] [INFO] Didn't match RIO IP
[2021-01-11 15:09:01] [General - NetworkTablesManager] [INFO] Trying 169.254.180.62
[2021-01-11 15:09:01] [General - NetworkTablesManager] [INFO] Didn't match RIO IP
[2021-01-11 15:09:01] [General - NetworkTablesManager] [INFO] Looking up roboRIO--1-FRC.local
[2021-01-11 15:09:16] [General - NetworkTablesManager] [INFO] Looking up roboRIO--1-FRC.lan
[2021-01-11 15:09:26] [General - NetworkTablesManager] [INFO] Looking up roboRIO--1-FRC.frc-field.local
[2021-01-11 15:09:40] [WebServer - Server] [DEBUG] Handled HTTP GET request from [fe80:0:0:0:c3a:8c78:1f6:5ea7%2] in 71.80922ms
[2021-01-11 15:09:40] [WebServer - Server] [DEBUG] Handled HTTP GET request from [fe80:0:0:0:c3a:8c78:1f6:5ea7%2] in 228.44885ms
[2021-01-11 15:09:41] [WebServer - Server] [DEBUG] Handled HTTP GET request from [fe80:0:0:0:c3a:8c78:1f6:5ea7%2] in 209.61244ms
[2021-01-11 15:09:41] [WebServer - Server] [DEBUG] Handled HTTP GET request from [fe80:0:0:0:c3a:8c78:1f6:5ea7%2] in 35.225155ms
[2021-01-11 15:09:41] [WebServer - Server] [DEBUG] Handled HTTP GET request from [fe80:0:0:0:c3a:8c78:1f6:5ea7%2] in 119.24046ms
[2021-01-11 15:09:41] [WebServer - Server] [DEBUG] Handled HTTP GET request from [fe80:0:0:0:c3a:8c78:1f6:5ea7%2] in 115.165ms
[2021-01-11 15:09:41] [WebServer - Server] [DEBUG] Handled HTTP GET request from 169.254.94.167 in 580.3901ms
[2021-01-11 15:09:41] [WebServer - Server] [DEBUG] Handled HTTP GET request from [fe80:0:0:0:c3a:8c78:1f6:5ea7%2] in 673.6258ms
[2021-01-11 15:09:42] [WebServer - Server] [DEBUG] Handled HTTP GET request from [fe80:0:0:0:c3a:8c78:1f6:5ea7%2] in 1178.71ms
[2021-01-11 15:09:42] [WebServer - Server] [DEBUG] Handled HTTP GET request from [fe80:0:0:0:c3a:8c78:1f6:5ea7%2] in 17.398907ms
[2021-01-11 15:09:42] [WebServer - Server] [DEBUG] Handled HTTP GET request from [fe80:0:0:0:c3a:8c78:1f6:5ea7%2] in 187.04422ms
[2021-01-11 15:09:42] [WebServer - Server] [DEBUG] Handled HTTP GET request from [fe80:0:0:0:c3a:8c78:1f6:5ea7%2] in 95.87729ms
[2021-01-11 15:09:43] [WebServer - Server] [DEBUG] Handled HTTP GET request from 169.254.94.167 in 331.03635ms
[2021-01-11 15:09:43] [WebServer - SocketHandler] [INFO] New websocket connection from /fe80:0:0:0:c3a:8c78:1f6:5ea7%2:59674
[2021-01-11 15:09:43] [WebServer - Server] [DEBUG] Handled HTTP GET request from [fe80:0:0:0:c3a:8c78:1f6:5ea7%2] in 783.6878ms
[2021-01-11 15:09:44] [WebServer - Server] [DEBUG] Handled HTTP GET request from [fe80:0:0:0:c3a:8c78:1f6:5ea7%2] in 19.043123ms
[2021-01-11 15:09:44] [General - NetworkTablesManager] [INFO] Searching for rios
[2021-01-11 15:09:44] [General - NetworkTablesManager] [INFO] Trying 127.0.0.1
[2021-01-11 15:09:44] [General - NetworkTablesManager] [INFO] Didn't match RIO IP
[2021-01-11 15:09:44] [General - NetworkTablesManager] [INFO] Trying 169.254.180.62
[2021-01-11 15:09:44] [General - NetworkTablesManager] [INFO] Didn't match RIO IP
[2021-01-11 15:09:44] [General - NetworkTablesManager] [INFO] Looking up roboRIO--1-FRC.local
[2021-01-11 15:09:59] [General - NetworkTablesManager] [INFO] Looking up roboRIO--1-FRC.lan
[2021-01-11 15:10:09] [General - NetworkTablesManager] [INFO] Looking up roboRIO--1-FRC.frc-field.local
[2021-01-11 15:11:50] [General - NetworkManager] [INFO] Setting STATIC with team team 686
[2021-01-11 15:11:50] [General - ShellExec] [DEBUG] Executing "cat /etc/hostname | tr -d " \t\n\r""
[2021-01-11 15:11:50] [General - ShellExec] [DEBUG] Got exit code 0
[2021-01-11 15:11:50] [General - ShellExec] [DEBUG] Executing "echo gloworm > /etc/hostname"
[2021-01-11 15:11:50] [General - ShellExec] [DEBUG] Got exit code 0
[2021-01-11 15:11:50] [General - ShellExec] [DEBUG] Executing "hostnamectl set-hostname gloworm"
[2021-01-11 15:11:50] [General - ShellExec] [DEBUG] Got exit code 0
[2021-01-11 15:11:50] [General - ShellExec] [DEBUG] Executing "sed -i "s/127.0.1.1.*gloworm/127.0.1.1\tgloworm/g" /etc/hosts"
[2021-01-11 15:11:50] [General - ShellExec] [DEBUG] Got exit code 0
[2021-01-11 15:11:50] [General - ShellExec] [DEBUG] Executing "sudo service avahi-daemon restart"
[2021-01-11 15:11:50] [General - ShellExec] [DEBUG] Got exit code 0
[2021-01-11 15:11:50] [General - NetworkManager] [INFO] Set hostname to gloworm
[2021-01-11 15:11:50] [General - ShellExec] [DEBUG] Executing "ip addr add 10.6.86.11/8 dev eth0"
[2021-01-11 15:11:50] [General - ShellExec] [DEBUG] Got exit code 0
[2021-01-11 15:11:50] [General - NetworkTablesManager] [INFO] Starting NT Client
[2021-01-11 15:11:50] [General - NetworkTablesManager] [ERROR] [NetworkTablesManager] Could not connect to the robot! Will retry in the background...
[2021-01-11 15:11:50] [WebServer - Server] [DEBUG] Handled HTTP POST request from [fe80:0:0:0:c3a:8c78:1f6:5ea7%2] in 597.3086ms
[2021-01-11 15:11:50] [General - NetworkManager] [INFO] Setting STATIC with team team 686
[2021-01-11 15:11:50] [General - ShellExec] [DEBUG] Executing "cat /etc/hostname | tr -d " \t\n\r""
[2021-01-11 15:11:50] [General - ShellExec] [DEBUG] Got exit code 0
[2021-01-11 15:11:50] [General - ShellExec] [DEBUG] Executing "echo gloworm > /etc/hostname"
[2021-01-11 15:11:50] [General - ShellExec] [DEBUG] Got exit code 0
[2021-01-11 15:11:50] [General - ShellExec] [DEBUG] Executing "hostnamectl set-hostname gloworm"
[2021-01-11 15:11:51] [General - ShellExec] [DEBUG] Got exit code 0
[2021-01-11 15:11:51] [General - ShellExec] [DEBUG] Executing "sed -i "s/127.0.1.1.*gloworm/127.0.1.1\tgloworm/g" /etc/hosts"
[2021-01-11 15:11:51] [General - ShellExec] [DEBUG] Got exit code 0
[2021-01-11 15:11:51] [General - ShellExec] [DEBUG] Executing "sudo service avahi-daemon restart"
[2021-01-11 15:11:51] [General - ShellExec] [DEBUG] Got exit code 0
[2021-01-11 15:11:51] [General - NetworkManager] [INFO] Set hostname to gloworm
[2021-01-11 15:11:51] [General - ShellExec] [DEBUG] Executing "ip addr add 10.6.86.11/8 dev eth0"
[2021-01-11 15:11:51] [General - ShellExec] [DEBUG] Got exit code 2
[2021-01-11 15:11:51] [General - NetworkTablesManager] [INFO] Starting NT Client
[2021-01-11 15:11:51] [General - ConfigManager] [DEBUG] Saving to disk...
[2021-01-11 15:11:52] [General - NetworkTablesManager] [ERROR] [NetworkTablesManager] Could not connect to the robot! Will retry in the background...
[2021-01-11 15:11:52] [WebServer - Server] [DEBUG] Handled HTTP POST request from [fe80:0:0:0:c3a:8c78:1f6:5ea7%2] in 1183.2611ms
[2021-01-11 15:11:52] [General - ConfigManager] [INFO] Settings saved!
[2021-01-11 15:11:56] [VisionModule - VisionLED] [INFO] Changing LED internal state to Default
[2021-01-11 15:11:56] [General - HardwareManager] [INFO] Setting led brightness to 43%
[2021-01-11 15:11:57] [General - ConfigManager] [DEBUG] Saving to disk...
[2021-01-11 15:11:58] [General - ConfigManager] [INFO] Settings saved!
[2021-01-11 15:12:01] [VisionModule - VisionLED] [INFO] Changing LED internal state to Default
[2021-01-11 15:12:01] [General - HardwareManager] [INFO] Setting led brightness to 1%
[2021-01-11 15:12:02] [General - ConfigManager] [DEBUG] Saving to disk...
[2021-01-11 15:12:03] [General - ConfigManager] [INFO] Settings saved!
[2021-01-11 15:12:07] [VisionModule - VisionLED] [INFO] Changing LED internal state to Default
[2021-01-11 15:12:07] [General - HardwareManager] [INFO] Setting led brightness to 2%
[2021-01-11 15:12:08] [General - ConfigManager] [DEBUG] Saving to disk...
[2021-01-11 15:12:09] [VisionModule - VisionLED] [INFO] Changing LED internal state to Default
[2021-01-11 15:12:09] [General - HardwareManager] [INFO] Setting led brightness to 4%
[2021-01-11 15:12:09] [General - ConfigManager] [INFO] Settings saved!
[2021-01-11 15:12:09] [VisionModule - VisionLED] [INFO] Changing LED internal state to Default
[2021-01-11 15:12:09] [General - HardwareManager] [INFO] Setting led brightness to 6%
[2021-01-11 15:12:10] [General - ConfigManager] [DEBUG] Saving to disk...
[2021-01-11 15:12:11] [General - ConfigManager] [INFO] Settings saved!
[2021-01-11 15:12:11] [VisionModule - VisionLED] [INFO] Changing LED internal state to Default
[2021-01-11 15:12:11] [General - HardwareManager] [INFO] Setting led brightness to 22%
[2021-01-11 15:12:12] [General - ConfigManager] [DEBUG] Saving to disk...
[2021-01-11 15:12:13] [General - ConfigManager] [INFO] Settings saved!
[2021-01-11 15:12:13] [VisionModule - VisionLED] [INFO] Changing LED internal state to Default
[2021-01-11 15:12:13] [General - HardwareManager] [INFO] Setting led brightness to 100%
[2021-01-11 15:12:14] [VisionModule - VisionLED] [INFO] Changing LED internal state to Default
[2021-01-11 15:12:14] [General - HardwareManager] [INFO] Setting led brightness to 40%
[2021-01-11 15:12:15] [General - ConfigManager] [DEBUG] Saving to disk...
[2021-01-11 15:12:16] [General - ConfigManager] [INFO] Settings saved!
[2021-01-11 15:12:26] [General - ShellExec] [DEBUG] Executing "reboot now"
[2021-01-11 15:12:27] [General - ShellExec] [DEBUG] Got exit code 0
[2021-01-11 15:12:27] [WebServer - Server] [DEBUG] Handled HTTP POST request from [fe80:0:0:0:c3a:8c78:1f6:5ea7%2] in 381.3091ms
[2021-01-11 15:12:27] [General - HardwareManager] [INFO] Shutting down LEDs...
[2021-01-11 15:12:28] [General - PigpioSocket] [ERROR] Failed to stop waveform
[2021-01-11 15:12:28] [General - PigpioSocket] [ERROR] java.io.IOException: Timeout: No response from pigpio daemon within 1000 ms.
	at org.photonvision.common.hardware.GPIO.pi.PigpioSocketLock.sendCmd(PigpioSocketLock.java:126)
	at org.photonvision.common.hardware.GPIO.pi.PigpioSocketLock.sendCmd(PigpioSocketLock.java:65)
	at org.photonvision.common.hardware.GPIO.pi.PigpioSocket.waveTxStop(PigpioSocket.java:272)
	at org.photonvision.common.hardware.VisionLED.setStateImpl(VisionLED.java:99)
	at org.photonvision.common.hardware.VisionLED.setInternal(VisionLED.java:174)
	at org.photonvision.common.hardware.VisionLED.setState(VisionLED.java:113)
	at org.photonvision.common.hardware.HardwareManager.onJvmExit(HardwareManager.java:120)
	at java.base/java.lang.Thread.run(Thread.java:834)

[2021-01-11 15:12:28] [VisionModule - VisionLED] [ERROR] Failed to stop blink!
[2021-01-11 15:12:28] [VisionModule - VisionLED] [ERROR] org.photonvision.common.hardware.GPIO.pi.PigpioException: (-99999999) null
	at org.photonvision.common.hardware.GPIO.pi.PigpioSocket.waveTxStop(PigpioSocket.java:277)
	at org.photonvision.common.hardware.VisionLED.setStateImpl(VisionLED.java:99)
	at org.photonvision.common.hardware.VisionLED.setInternal(VisionLED.java:174)
	at org.photonvision.common.hardware.VisionLED.setState(VisionLED.java:113)
	at org.photonvision.common.hardware.HardwareManager.onJvmExit(HardwareManager.java:120)
	at java.base/java.lang.Thread.run(Thread.java:834)
Caused by: java.io.IOException: Timeout: No response from pigpio daemon within 1000 ms.
	at org.photonvision.common.hardware.GPIO.pi.PigpioSocketLock.sendCmd(PigpioSocketLock.java:126)
	at org.photonvision.common.hardware.GPIO.pi.PigpioSocketLock.sendCmd(PigpioSocketLock.java:65)
	at org.photonvision.common.hardware.GPIO.pi.PigpioSocket.waveTxStop(PigpioSocket.java:272)
	... 5 more

[2021-01-11 15:12:29] [General - PigpioSocket] [ERROR] Failed to write to GPIO pin: 13
[2021-01-11 15:12:29] [General - PigpioSocket] [ERROR] java.io.IOException: Timeout: No response from pigpio daemon within 1000 ms.
	at org.photonvision.common.hardware.GPIO.pi.PigpioSocketLock.sendCmd(PigpioSocketLock.java:126)
	at org.photonvision.common.hardware.GPIO.pi.PigpioSocketLock.sendCmd(PigpioSocketLock.java:75)
	at org.photonvision.common.hardware.GPIO.pi.PigpioSocket.gpioWrite(PigpioSocket.java:112)
	at org.photonvision.common.hardware.GPIO.pi.PigpioPin.setStateImpl(PigpioPin.java:47)
	at org.photonvision.common.hardware.GPIO.GPIOBase.setState(GPIOBase.java:53)
	at org.photonvision.common.hardware.VisionLED.lambda$setStateImpl$4(VisionLED.java:106)
	at java.base/java.util.ArrayList.forEach(ArrayList.java:1541)
	at org.photonvision.common.hardware.VisionLED.setStateImpl(VisionLED.java:106)
	at org.photonvision.common.hardware.VisionLED.setInternal(VisionLED.java:174)
	at org.photonvision.common.hardware.VisionLED.setState(VisionLED.java:113)
	at org.photonvision.common.hardware.HardwareManager.onJvmExit(HardwareManager.java:120)
	at java.base/java.lang.Thread.run(Thread.java:834)

[2021-01-11 15:12:29] [General - PigpioPin] [ERROR] gpioWrite FAIL - (-99999999) null
[2021-01-11 15:12:29] [General - PigpioSocket] [ERROR] Failed to write to GPIO pin: 18
[2021-01-11 15:12:29] [General - PigpioSocket] [ERROR] java.net.SocketException: Broken pipe (Write failed)
	at java.base/java.net.SocketOutputStream.socketWrite0(Native Method)
	at java.base/java.net.SocketOutputStream.socketWrite(SocketOutputStream.java:110)
	at java.base/java.net.SocketOutputStream.write(SocketOutputStream.java:150)
	at java.base/java.io.DataOutputStream.write(DataOutputStream.java:107)
	at java.base/java.io.FilterOutputStream.write(FilterOutputStream.java:108)
	at org.photonvision.common.hardware.GPIO.pi.PigpioSocketLock.sendCmd(PigpioSocketLock.java:107)
	at org.photonvision.common.hardware.GPIO.pi.PigpioSocketLock.sendCmd(PigpioSocketLock.java:75)
	at org.photonvision.common.hardware.GPIO.pi.PigpioSocket.gpioWrite(PigpioSocket.java:112)
	at org.photonvision.common.hardware.GPIO.pi.PigpioPin.setStateImpl(PigpioPin.java:47)
	at org.photonvision.common.hardware.GPIO.GPIOBase.setState(GPIOBase.java:53)
	at org.photonvision.common.hardware.VisionLED.lambda$setStateImpl$4(VisionLED.java:106)
	at java.base/java.util.ArrayList.forEach(ArrayList.java:1541)
	at org.photonvision.common.hardware.VisionLED.setStateImpl(VisionLED.java:106)
	at org.photonvision.common.hardware.VisionLED.setInternal(VisionLED.java:174)
	at org.photonvision.common.hardware.VisionLED.setState(VisionLED.java:113)
	at org.photonvision.common.hardware.HardwareManager.onJvmExit(HardwareManager.java:120)
	at java.base/java.lang.Thread.run(Thread.java:834)

[2021-01-11 15:12:29] [General - PigpioPin] [ERROR] gpioWrite FAIL - (-99999999) null
[2021-01-11 15:12:29] [VisionModule - VisionLED] [INFO] Changing LED internal state to Off
