[2021-01-11 15:18:14] [General - Main] [INFO] Logging initialized in debug mode.
[2021-01-11 15:18:14] [General - ShellExec] [DEBUG] Executing "id -u"
[2021-01-11 15:18:14] [General - ShellExec] [DEBUG] Got exit code 0
[2021-01-11 15:18:14] [General - ShellExec] [DEBUG] Executing "cat /proc/device-tree/model"
[2021-01-11 15:18:14] [General - ShellExec] [DEBUG] Got exit code 0
[2021-01-11 15:18:14] [General - Main] [INFO] Starting PhotonVision version v2022.1.5 on Linux Raspbian (Pi COMPUTE_MODULE_3)
[2021-01-11 15:18:15] [Camera - PicamJNI] [INFO] Successfully loaded libpicam shared object
[2021-01-11 15:18:15] [General - Main] [INFO] Native libraries loaded.
[2021-01-11 15:18:15] [General - ConfigManager] [INFO] Loading settings...
[2021-01-11 15:18:15] [General - ConfigManager] [INFO] Hardware config does not exist! Loading defaults
[2021-01-11 15:18:17] [Camera - CameraConfiguration] [DEBUG] Creating camera configuration for UsbCameraUSB_Camera (AKA USB_Camera) at \\?\usb#vid_0458&pid_708c&mi_00#6&29a4ead7&0&0000#{e5323777-f976-4f5b-9b55-b94699c46e44}\global
[2021-01-11 15:18:17] [General - ConfigManager] [WARN] Could not load camera /opt/photonvision/photonvision_config/cameras/mmal_service_16.1's config.json! Loading default
[2021-01-11 15:18:17] [Camera - CameraConfiguration] [DEBUG] Creating camera configuration for UsbCameraHP HD Webcam (AKA HP_HD_Webcam) at \\?\usb#vid_05c8&pid_0369&mi_00#6&342fd1bb&0&0000#{e5323777-f976-4f5b-9b55-b94699c46e44}\global
[2021-01-11 15:18:18] [General - NetworkManager] [INFO] Setting DHCP with team team 686
[2021-01-11 15:18:18] [General - ShellExec] [DEBUG] Executing "cat /etc/hostname | tr -d " \t\n\r""
[2021-01-11 15:18:18] [General - ShellExec] [DEBUG] Got exit code 0
[2021-01-11 15:18:18] [General - ShellExec] [DEBUG] Executing "echo photonvision > /etc/hostname"
[2021-01-11 15:18:18] [General - ShellExec] [DEBUG] Got exit code 0
[2021-01-11 15:18:18] [General - ShellExec] [DEBUG] Executing "hostnamectl set-hostname photonvision"
[2021-01-11 15:18:18] [General - ShellExec] [DEBUG] Got exit code 0
[2021-01-11 15:18:18] [General - ShellExec] [DEBUG] Executing "sed -i "s/127.0.1.1.*photonvision/127.0.1.1\tphotonvision/g" /etc/hosts"
[2021-01-11 15:18:18] [General - ShellExec] [DEBUG] Got exit code 0
[2021-01-11 15:18:18] [General - ShellExec] [DEBUG] Executing "sudo service avahi-daemon restart"
[2021-01-11 15:18:18] [General - ShellExec] [DEBUG] Got exit code 0
[2021-01-11 15:18:18] [General - NetworkManager] [INFO] Set hostname to photonvision
[2021-01-11 15:18:18] [General - ShellExec] [DEBUG] Executing "dhclient eth0"
[2021-01-11 15:18:18] [General - ShellExec] [DEBUG] Got exit code 0
[2021-01-11 15:18:18] [General - NetworkTablesManager] [INFO] Starting NT Client
[2021-01-11 15:18:18] [General - NetworkTablesManager] [ERROR] [NetworkTablesManager] Could not connect to the robot! Will retry in the background...
[2021-01-11 15:18:18] [Camera - VisionSourceManager] [DEBUG] Matching 1 new cameras!
[2021-01-11 15:18:18] [Camera - VisionSourceManager] [INFO] Adding local video device - "mmal service 16.1" at "/dev/video0"
[2021-01-11 15:18:18] [Camera - VisionSourceManager] [DEBUG] Trying to match 2 unmatched configs...
[2021-01-11 15:18:19] [Camera - VisionSourceManager] [DEBUG] Trying to find a match for loaded camera HP HD Webcam with path \\?\usb#vid_05c8&pid_0369&mi_00#6&342fd1bb&0&0000#{e5323777-f976-4f5b-9b55-b94699c46e44}\global
[2021-01-11 15:18:19] [Camera - VisionSourceManager] [DEBUG] Failed to match by path and name, falling back to name-only match
[2021-01-11 15:18:19] [Camera - VisionSourceManager] [DEBUG] Trying to find a match for loaded camera USB_Camera with path \\?\usb#vid_0458&pid_708c&mi_00#6&29a4ead7&0&0000#{e5323777-f976-4f5b-9b55-b94699c46e44}\global
[2021-01-11 15:18:19] [Camera - VisionSourceManager] [DEBUG] Failed to match by path and name, falling back to name-only match
[2021-01-11 15:18:19] [Camera - VisionSourceManager] [DEBUG] After matching loaded configs 1 cameras were unmatched.
[2021-01-11 15:18:19] [Camera - VisionSourceManager] [INFO] Creating a new camera config for camera mmal_service_16.1
[2021-01-11 15:18:19] [Camera - CameraConfiguration] [DEBUG] Creating USB camera configuration for UsbCamerammal service 16.1 (AKA mmal_service_16.1) at /dev/video0
[2021-01-11 15:18:19] [Camera - VisionSourceManager] [DEBUG] Matched or created 1 camera configs!
[2021-01-11 15:18:19] [Camera - VisionSourceManager] [WARN] After matching, 2 configs remained unmatched. Is your camera disconnected?
[2021-01-11 15:18:19] [Camera - VisionSourceManager] [WARN] Unloaded configs: HP_HD_WebcamUSB_Camera
[2021-01-11 15:18:19] [Camera - VisionSourceManager] [DEBUG] Matched config for camera "AcceleratedPicamFrameProvider" and loaded 0 pipelines
[2021-01-11 15:18:19] [Camera - VisionSourceManager] [INFO] Adding 1 configs to VMM.
[2021-01-11 15:18:19] [WebServer - DataChangeService] [DEBUG] Added subscriber - Sources: DCS_WEBSOCKET, DCS_HTTP, DCS_NETWORKTABLES, DCS_VISIONMODULE, DCS_OTHER, Destinations: DCD_ACTIVEMODULE, DCD_ACTIVEPIPELINESETTINGS, DCD_GENSETTINGS, DCD_UI, DCD_OTHER
[2021-01-11 15:18:19] [VisionModule - VisionModule - mmal_service_16.1] [INFO] Setting pipeline to 0
[2021-01-11 15:18:20] [WebServer - DataChangeService] [DEBUG] Added subscriber - Sources: DCS_WEBSOCKET, DCS_HTTP, DCS_NETWORKTABLES, DCS_VISIONMODULE, DCS_OTHER, Destinations: DCD_UI
[2021-01-11 15:18:20] [WebServer - DataChangeService] [DEBUG] Added subscriber - Sources: DCS_WEBSOCKET, Destinations: DCD_GENSETTINGS
[2021-01-11 15:18:20] [General - NetworkTablesManager] [ERROR] NT Connection has failed! Will retry in background.
[2021-01-11 15:18:21] [General - NetworkTablesManager] [INFO] Searching for rios
[2021-01-11 15:18:21] [General - NetworkTablesManager] [INFO] Trying 127.0.0.1
[2021-01-11 15:18:21] [General - NetworkTablesManager] [INFO] Didn't match RIO IP
[2021-01-11 15:18:21] [General - NetworkTablesManager] [INFO] Trying 169.254.242.7
[2021-01-11 15:18:21] [General - NetworkTablesManager] [INFO] Didn't match RIO IP
[2021-01-11 15:18:21] [General - NetworkTablesManager] [INFO] Trying 10.6.86.11
[2021-01-11 15:18:21] [General - NetworkTablesManager] [INFO] Maybe found 10.6.86.11
[2021-01-11 15:18:21] [General - NetworkTablesManager] [INFO] Looking up 10.6.86.2
[2021-01-11 15:18:21] [General - NetworkTablesManager] [INFO] Pinging 10.6.86.2
[2021-01-11 15:18:21] [General - NetworkTablesManager] [INFO] Unable to reach 10.6.86.2
[2021-01-11 15:18:21] [General - NetworkTablesManager] [INFO] Looking up roboRIO-686-FRC.local
[2021-01-11 15:18:21] [General - ConfigManager] [DEBUG] Saving to disk...
[2021-01-11 15:18:22] [WebServer - SocketHandler] [INFO] New websocket connection from /10.6.86.99:58086
[2021-01-11 15:18:22] [General - ConfigManager] [INFO] Settings saved!
[2021-01-11 15:18:23] [General - NetworkTablesManager] [INFO] Searching for rios
[2021-01-11 15:18:23] [General - NetworkTablesManager] [INFO] Trying 127.0.0.1
[2021-01-11 15:18:23] [General - NetworkTablesManager] [INFO] Didn't match RIO IP
[2021-01-11 15:18:23] [General - NetworkTablesManager] [INFO] Trying 169.254.242.7
[2021-01-11 15:18:23] [General - NetworkTablesManager] [INFO] Didn't match RIO IP
[2021-01-11 15:18:23] [General - NetworkTablesManager] [INFO] Trying 10.6.86.11
[2021-01-11 15:18:23] [General - NetworkTablesManager] [INFO] Maybe found 10.6.86.11
[2021-01-11 15:18:23] [General - NetworkTablesManager] [INFO] Looking up 10.6.86.2
[2021-01-11 15:18:23] [General - NetworkTablesManager] [INFO] Pinging 10.6.86.2
[2021-01-11 15:18:24] [General - NetworkTablesManager] [INFO] Unable to reach 10.6.86.2
[2021-01-11 15:18:24] [General - NetworkTablesManager] [INFO] Looking up roboRIO-686-FRC.local
[2021-01-11 15:18:30] [VisionModule - VisionModule - mmal_service_16.1] [INFO] Setting pipeline to -1
[2021-01-11 15:18:31] [VisionModule - VisionRunner - AcceleratedPicamFrameProvider] [ERROR] Exception on loop 825
[2021-01-11 15:18:31] [VisionModule - VisionModule - mmal_service_16.1] [INFO] Setting pipeline to 0
[2021-01-11 15:18:33] [General - ConfigManager] [DEBUG] Saving to disk...
[2021-01-11 15:18:34] [General - ConfigManager] [INFO] Settings saved!
[2021-01-11 15:18:36] [General - NetworkTablesManager] [INFO] Looking up roboRIO-686-FRC.lan
[2021-01-11 15:18:36] [General - NetworkTablesManager] [INFO] Looking up roboRIO-686-FRC.lan
[2021-01-11 15:18:41] [VisionModule - VisionModuleChangeSubscriber - mmal_service_16.1] [INFO] Changing nick to Red Cargo
[2021-01-11 15:18:43] [General - ConfigManager] [DEBUG] Saving to disk...
[2021-01-11 15:18:43] [General - ConfigManager] [INFO] Settings saved!
[2021-01-11 15:18:45] [VisionModule - PipelineManager] [INFO] Adding new pipe of type ColoredShape at idx 0
[2021-01-11 15:18:46] [General - NetworkTablesManager] [INFO] Looking up roboRIO-686-FRC.frc-field.local
[2021-01-11 15:18:46] [General - NetworkTablesManager] [INFO] Looking up roboRIO-686-FRC.frc-field.local
[2021-01-11 15:18:47] [VisionModule - VisionModule - mmal_service_16.1] [INFO] Setting pipeline to -1
[2021-01-11 15:18:47] [General - ConfigManager] [DEBUG] Saving to disk...
[2021-01-11 15:18:47] [General - ConfigManager] [INFO] Settings saved!
[2021-01-11 15:18:48] [VisionModule - VisionModule - mmal_service_16.1] [INFO] Setting pipeline to 0
[2021-01-11 15:18:49] [VisionModule - VisionModule - mmal_service_16.1] [INFO] Setting pipeline to -1
[2021-01-11 15:18:49] [General - ConfigManager] [DEBUG] Saving to disk...
[2021-01-11 15:18:50] [General - ConfigManager] [INFO] Settings saved!
[2021-01-11 15:18:51] [General - ConfigManager] [DEBUG] Saving to disk...
[2021-01-11 15:18:51] [General - MetricsPublisher] [DEBUG] Publishing Metrics...
[2021-01-11 15:18:51] [General - ShellExec] [DEBUG] Executing "sed 's/.\{3\}$/.&/' <<< cat /sys/class/thermal/thermal_zone0/temp"
[2021-01-11 15:18:51] [General - ShellExec] [DEBUG] Got exit code 0
[2021-01-11 15:18:51] [General - ShellExec] [DEBUG] Executing "top -bn1 | grep "Cpu(s)" | sed "s/.*, *\([0-9.]*\)%* id.*/\1/" | awk '{print 100 - $1}'"
[2021-01-11 15:18:51] [General - ConfigManager] [INFO] Settings saved!
[2021-01-11 15:18:51] [General - ShellExec] [DEBUG] Got exit code 0
[2021-01-11 15:18:51] [General - ShellExec] [DEBUG] Executing "vcgencmd get_mem arm | grep -Eo '[0-9]+'"
[2021-01-11 15:18:51] [General - ShellExec] [DEBUG] Got exit code 0
[2021-01-11 15:18:51] [General - ShellExec] [DEBUG] Executing "vcgencmd get_mem gpu | grep -Eo '[0-9]+'"
[2021-01-11 15:18:51] [General - ShellExec] [DEBUG] Got exit code 0
[2021-01-11 15:18:52] [General - ShellExec] [DEBUG] Executing "free --mega | awk -v i=2 -v j=3 'FNR == i {print $j}'"
[2021-01-11 15:18:52] [General - ShellExec] [DEBUG] Got exit code 0
[2021-01-11 15:18:52] [General - ShellExec] [DEBUG] Executing "vcgencmd get_mem malloc | grep -Eo '[0-9]+'"
[2021-01-11 15:18:52] [General - ShellExec] [DEBUG] Got exit code 0
[2021-01-11 15:18:52] [General - ShellExec] [DEBUG] Executing "df ./ --output=pcent | tail -n +2"
[2021-01-11 15:18:52] [VisionModule - VisionModule - mmal_service_16.1] [INFO] Setting pipeline to 0
[2021-01-11 15:18:52] [General - ShellExec] [DEBUG] Got exit code 0
[2021-01-11 15:18:52] [WebServer - Server] [DEBUG] Handled HTTP POST request from 10.6.86.99 in 540.3338ms
[2021-01-11 15:18:53] [General - ConfigManager] [DEBUG] Saving to disk...
[2021-01-11 15:18:54] [General - ConfigManager] [INFO] Settings saved!
[2021-01-11 15:19:14] [General - ConfigManager] [DEBUG] Saving to disk...
[2021-01-11 15:19:14] [General - ConfigManager] [INFO] Settings saved!
[2021-01-11 15:19:18] [General - ConfigManager] [DEBUG] Saving to disk...
[2021-01-11 15:19:18] [General - ConfigManager] [INFO] Settings saved!
[2021-01-11 15:19:21] [General - ConfigManager] [DEBUG] Saving to disk...
[2021-01-11 15:19:22] [General - ConfigManager] [INFO] Settings saved!
[2021-01-11 15:19:24] [General - ConfigManager] [DEBUG] Saving to disk...
[2021-01-11 15:19:24] [General - ConfigManager] [INFO] Settings saved!
[2021-01-11 15:19:27] [General - ConfigManager] [DEBUG] Saving to disk...
[2021-01-11 15:19:28] [General - ConfigManager] [INFO] Settings saved!
[2021-01-11 15:19:34] [General - ConfigManager] [DEBUG] Saving to disk...
[2021-01-11 15:19:34] [General - ConfigManager] [INFO] Settings saved!
[2021-01-11 15:19:38] [General - ConfigManager] [DEBUG] Saving to disk...
[2021-01-11 15:19:39] [General - ConfigManager] [INFO] Settings saved!
[2021-01-11 15:20:01] [General - ConfigManager] [DEBUG] Saving to disk...
[2021-01-11 15:20:01] [General - ConfigManager] [INFO] Settings saved!
[2021-01-11 15:20:03] [General - ConfigManager] [DEBUG] Saving to disk...
[2021-01-11 15:20:04] [General - ConfigManager] [INFO] Settings saved!
[2021-01-11 15:20:06] [General - ConfigManager] [DEBUG] Saving to disk...
[2021-01-11 15:20:06] [General - ConfigManager] [INFO] Settings saved!
[2021-01-11 15:20:11] [General - ConfigManager] [DEBUG] Saving to disk...
[2021-01-11 15:20:11] [General - ConfigManager] [INFO] Settings saved!
[2021-01-11 15:20:13] [WebServer - Server] [DEBUG] Handled HTTP GET request from 10.6.86.99 in 18.5325ms
[2021-01-11 15:20:13] [WebServer - Server] [DEBUG] Handled HTTP GET request from 10.6.86.99 in 22.157969ms
[2021-01-11 15:20:13] [WebServer - Server] [DEBUG] Handled HTTP GET request from 10.6.86.99 in 5.375156ms
[2021-01-11 15:20:13] [WebServer - Server] [DEBUG] Handled HTTP GET request from 10.6.86.99 in 20.338385ms
[2021-01-11 15:20:13] [WebServer - SocketHandler] [INFO] Closing websocket connection from /10.6.86.99:58086 for reason: Connection closed by client
[2021-01-11 15:20:13] [WebServer - SocketHandler] [INFO] All websocket connections are closed. Setting inputShouldShow to false.
[2021-01-11 15:20:13] [WebServer - Server] [DEBUG] Handled HTTP GET request from 10.6.86.99 in 32.00828ms
[2021-01-11 15:20:13] [WebServer - Server] [DEBUG] Handled HTTP GET request from 10.6.86.99 in 12.474167ms
[2021-01-11 15:20:13] [WebServer - Server] [DEBUG] Handled HTTP GET request from 10.6.86.99 in 17.947187ms
[2021-01-11 15:20:13] [WebServer - Server] [DEBUG] Handled HTTP GET request from 10.6.86.99 in 10.968802ms
[2021-01-11 15:20:14] [WebServer - Server] [DEBUG] Handled HTTP GET request from 10.6.86.99 in 56.893227ms
[2021-01-11 15:20:14] [WebServer - SocketHandler] [INFO] New websocket connection from /10.6.86.99:58186
[2021-01-11 15:20:14] [WebServer - Server] [DEBUG] Handled HTTP GET request from 10.6.86.99 in 4.968854ms
[2021-01-11 15:20:14] [WebServer - Server] [DEBUG] Handled HTTP GET request from 10.6.86.99 in 4.450417ms
[2021-01-11 15:20:14] [WebServer - Server] [DEBUG] Handled HTTP GET request from 10.6.86.99 in 4.368437ms
[2021-01-11 15:20:14] [WebServer - Server] [DEBUG] Handled HTTP GET request from 10.6.86.99 in 5.627396ms
[2021-01-11 15:20:14] [WebServer - Server] [DEBUG] Handled HTTP GET request from 10.6.86.99 in 5.103594ms
[2021-01-11 15:20:15] [General - NetworkTablesManager] [INFO] Searching for rios
[2021-01-11 15:20:15] [General - NetworkTablesManager] [INFO] Trying 127.0.0.1
[2021-01-11 15:20:15] [General - NetworkTablesManager] [INFO] Didn't match RIO IP
[2021-01-11 15:20:15] [General - NetworkTablesManager] [INFO] Trying 169.254.242.7
[2021-01-11 15:20:15] [General - NetworkTablesManager] [INFO] Didn't match RIO IP
[2021-01-11 15:20:15] [General - NetworkTablesManager] [INFO] Trying 10.6.86.11
[2021-01-11 15:20:15] [General - NetworkTablesManager] [INFO] Maybe found 10.6.86.11
[2021-01-11 15:20:15] [General - NetworkTablesManager] [INFO] Looking up 10.6.86.2
[2021-01-11 15:20:15] [General - NetworkTablesManager] [INFO] Pinging 10.6.86.2
[2021-01-11 15:20:15] [General - NetworkTablesManager] [INFO] Unable to reach 10.6.86.2
[2021-01-11 15:20:15] [General - NetworkTablesManager] [INFO] Looking up roboRIO-686-FRC.local
[2021-01-11 15:20:15] [General - ConfigManager] [DEBUG] Saving to disk...
[2021-01-11 15:20:16] [General - ConfigManager] [INFO] Settings saved!
[2021-01-11 15:20:27] [General - ConfigManager] [DEBUG] Saving to disk...
[2021-01-11 15:20:27] [General - ConfigManager] [INFO] Settings saved!
[2021-01-11 15:20:30] [General - NetworkTablesManager] [INFO] Looking up roboRIO-686-FRC.lan
[2021-01-11 15:20:40] [General - NetworkTablesManager] [INFO] Looking up roboRIO-686-FRC.frc-field.local
[2021-01-11 15:20:46] [General - ConfigManager] [DEBUG] Saving to disk...
[2021-01-11 15:20:46] [General - ConfigManager] [INFO] Settings saved!
[2021-01-11 15:20:53] [General - ConfigManager] [DEBUG] Saving to disk...
[2021-01-11 15:20:54] [General - ConfigManager] [INFO] Settings saved!
[2021-01-11 15:21:03] [General - ConfigManager] [DEBUG] Saving to disk...
[2021-01-11 15:21:03] [General - ConfigManager] [INFO] Settings saved!
[2021-01-11 15:21:05] [General - ConfigManager] [DEBUG] Saving to disk...
[2021-01-11 15:21:06] [General - ConfigManager] [INFO] Settings saved!
[2021-01-11 15:21:15] [General - ConfigManager] [DEBUG] Saving to disk...
[2021-01-11 15:21:15] [General - ConfigManager] [INFO] Settings saved!
[2021-01-11 15:21:21] [General - ConfigManager] [DEBUG] Saving to disk...
[2021-01-11 15:21:22] [General - ConfigManager] [INFO] Settings saved!
[2021-01-11 15:21:29] [General - ConfigManager] [DEBUG] Saving to disk...
[2021-01-11 15:21:29] [General - ConfigManager] [INFO] Settings saved!
[2021-01-11 15:21:35] [General - ConfigManager] [DEBUG] Saving to disk...
[2021-01-11 15:21:35] [General - ConfigManager] [INFO] Settings saved!
[2021-01-11 15:21:43] [General - ConfigManager] [DEBUG] Saving to disk...
[2021-01-11 15:21:44] [General - ConfigManager] [INFO] Settings saved!
[2021-01-11 15:21:48] [General - ConfigManager] [DEBUG] Saving to disk...
[2021-01-11 15:21:48] [General - ConfigManager] [INFO] Settings saved!
[2021-01-11 15:21:50] [General - ConfigManager] [DEBUG] Saving to disk...
[2021-01-11 15:21:50] [General - ConfigManager] [INFO] Settings saved!
[2021-01-11 15:21:52] [General - ConfigManager] [DEBUG] Saving to disk...
[2021-01-11 15:21:53] [General - ConfigManager] [INFO] Settings saved!
[2021-01-11 15:21:56] [General - ConfigManager] [DEBUG] Saving to disk...
[2021-01-11 15:21:56] [General - ConfigManager] [INFO] Settings saved!
[2021-01-11 15:21:58] [General - ConfigManager] [DEBUG] Saving to disk...
[2021-01-11 15:21:58] [General - ConfigManager] [INFO] Settings saved!
[2021-01-11 15:22:10] [General - ConfigManager] [DEBUG] Saving to disk...
[2021-01-11 15:22:11] [General - ConfigManager] [INFO] Settings saved!
[2021-01-11 15:22:24] [General - ConfigManager] [DEBUG] Saving to disk...
[2021-01-11 15:22:24] [General - ConfigManager] [INFO] Settings saved!
[2021-01-11 15:22:33] [General - ConfigManager] [DEBUG] Saving to disk...
[2021-01-11 15:22:33] [General - ConfigManager] [INFO] Settings saved!
[2021-01-11 15:22:45] [General - ConfigManager] [DEBUG] Saving to disk...
[2021-01-11 15:22:45] [General - ConfigManager] [INFO] Settings saved!
[2021-01-11 15:22:57] [General - ConfigManager] [DEBUG] Saving to disk...
[2021-01-11 15:22:57] [General - ConfigManager] [INFO] Settings saved!
[2021-01-11 15:23:10] [General - ConfigManager] [DEBUG] Saving to disk...
[2021-01-11 15:23:11] [General - ConfigManager] [INFO] Settings saved!
[2021-01-11 15:23:16] [General - ConfigManager] [DEBUG] Saving to disk...
[2021-01-11 15:23:16] [General - ConfigManager] [INFO] Settings saved!
[2021-01-11 15:23:36] [General - ConfigManager] [DEBUG] Saving to disk...
[2021-01-11 15:23:36] [General - ConfigManager] [INFO] Settings saved!
[2021-01-11 15:24:00] [VisionModule - VisionModuleChangeSubscriber - mmal_service_16.1] [INFO] Adding a ColoredShape pipeline with name Blue Cargo
[2021-01-11 15:24:01] [General - ConfigManager] [DEBUG] Saving to disk...
[2021-01-11 15:24:02] [General - ConfigManager] [INFO] Settings saved!
[2021-01-11 15:24:17] [General - ConfigManager] [DEBUG] Saving to disk...
[2021-01-11 15:24:17] [General - ConfigManager] [INFO] Settings saved!
[2021-01-11 15:24:24] [General - ConfigManager] [DEBUG] Saving to disk...
[2021-01-11 15:24:25] [General - ConfigManager] [INFO] Settings saved!
[2021-01-11 15:24:26] [General - ConfigManager] [DEBUG] Saving to disk...
[2021-01-11 15:24:26] [General - ConfigManager] [INFO] Settings saved!
[2021-01-11 15:24:40] [General - ConfigManager] [DEBUG] Saving to disk...
[2021-01-11 15:24:40] [General - ConfigManager] [INFO] Settings saved!
[2021-01-11 15:24:47] [General - ConfigManager] [DEBUG] Saving to disk...
[2021-01-11 15:24:48] [General - ConfigManager] [INFO] Settings saved!
[2021-01-11 15:24:55] [General - ConfigManager] [DEBUG] Saving to disk...
[2021-01-11 15:24:55] [General - ConfigManager] [INFO] Settings saved!
[2021-01-11 15:25:01] [General - ConfigManager] [DEBUG] Saving to disk...
[2021-01-11 15:25:01] [General - ConfigManager] [INFO] Settings saved!
[2021-01-11 15:25:04] [General - ConfigManager] [DEBUG] Saving to disk...
[2021-01-11 15:25:04] [General - ConfigManager] [INFO] Settings saved!
[2021-01-11 15:25:07] [General - ConfigManager] [DEBUG] Saving to disk...
[2021-01-11 15:25:08] [General - ConfigManager] [INFO] Settings saved!
[2021-01-11 15:25:17] [General - ConfigManager] [DEBUG] Saving to disk...
[2021-01-11 15:25:17] [General - ConfigManager] [INFO] Settings saved!
[2021-01-11 15:25:33] [General - ConfigManager] [DEBUG] Saving to disk...
[2021-01-11 15:25:33] [General - ConfigManager] [INFO] Settings saved!
[2021-01-11 15:25:42] [General - ConfigManager] [DEBUG] Saving to disk...
[2021-01-11 15:25:43] [General - ConfigManager] [INFO] Settings saved!
[2021-01-11 15:25:50] [General - ConfigManager] [DEBUG] Saving to disk...
[2021-01-11 15:25:50] [General - ConfigManager] [INFO] Settings saved!
[2021-01-11 15:25:53] [General - ConfigManager] [DEBUG] Saving to disk...
[2021-01-11 15:25:53] [General - ConfigManager] [INFO] Settings saved!
[2021-01-11 15:25:57] [General - ConfigManager] [DEBUG] Saving to disk...
[2021-01-11 15:25:57] [General - ConfigManager] [INFO] Settings saved!
[2021-01-11 15:26:06] [General - ConfigManager] [DEBUG] Saving to disk...
[2021-01-11 15:26:06] [General - ConfigManager] [INFO] Settings saved!
[2021-01-11 15:26:08] [General - ConfigManager] [DEBUG] Saving to disk...
[2021-01-11 15:26:09] [General - ConfigManager] [INFO] Settings saved!
[2021-01-11 15:26:13] [General - ConfigManager] [DEBUG] Saving to disk...
[2021-01-11 15:26:13] [General - ConfigManager] [INFO] Settings saved!
[2021-01-11 15:26:21] [General - ConfigManager] [DEBUG] Saving to disk...
[2021-01-11 15:26:21] [General - ConfigManager] [INFO] Settings saved!
[2021-01-11 15:26:25] [General - ConfigManager] [DEBUG] Saving to disk...
[2021-01-11 15:26:25] [General - ConfigManager] [INFO] Settings saved!
[2021-01-11 15:26:30] [General - ConfigManager] [DEBUG] Saving to disk...
[2021-01-11 15:26:31] [General - ConfigManager] [INFO] Settings saved!
[2021-01-11 15:27:05] [General - ConfigManager] [DEBUG] Saving to disk...
[2021-01-11 15:27:05] [General - ConfigManager] [INFO] Settings saved!
[2021-01-11 15:27:06] [General - ConfigManager] [DEBUG] Saving to disk...
[2021-01-11 15:27:06] [General - ConfigManager] [INFO] Settings saved!
[2021-01-11 15:27:09] [General - ConfigManager] [DEBUG] Saving to disk...
[2021-01-11 15:27:09] [General - ConfigManager] [INFO] Settings saved!
[2021-01-11 15:27:14] [General - ConfigManager] [DEBUG] Saving to disk...
[2021-01-11 15:27:15] [General - ConfigManager] [INFO] Settings saved!
[2021-01-11 15:27:18] [General - ConfigManager] [DEBUG] Saving to disk...
[2021-01-11 15:27:18] [General - ConfigManager] [INFO] Settings saved!
[2021-01-11 15:27:22] [General - ConfigManager] [DEBUG] Saving to disk...
[2021-01-11 15:27:22] [General - ConfigManager] [INFO] Settings saved!
[2021-01-11 15:27:25] [General - ConfigManager] [DEBUG] Saving to disk...
[2021-01-11 15:27:25] [General - ConfigManager] [INFO] Settings saved!
[2021-01-11 15:27:27] [General - ConfigManager] [DEBUG] Saving to disk...
[2021-01-11 15:27:28] [General - ConfigManager] [INFO] Settings saved!
[2021-01-11 15:27:30] [General - ConfigManager] [DEBUG] Saving to disk...
[2021-01-11 15:27:30] [General - ConfigManager] [INFO] Settings saved!
[2021-01-11 15:27:33] [General - ConfigManager] [DEBUG] Saving to disk...
[2021-01-11 15:27:33] [General - ConfigManager] [INFO] Settings saved!
[2021-01-11 15:27:38] [General - ConfigManager] [DEBUG] Saving to disk...
[2021-01-11 15:27:38] [General - ConfigManager] [INFO] Settings saved!
[2021-01-11 15:27:55] [General - ConfigManager] [DEBUG] Saving to disk...
[2021-01-11 15:27:56] [General - ConfigManager] [INFO] Settings saved!
[2021-01-11 15:28:00] [General - ConfigManager] [DEBUG] Saving to disk...
[2021-01-11 15:28:00] [General - ConfigManager] [INFO] Settings saved!
[2021-01-11 15:28:04] [VisionModule - VisionModule - mmal_service_16.1] [INFO] Setting pipeline to 1
[2021-01-11 15:28:06] [General - ConfigManager] [DEBUG] Saving to disk...
[2021-01-11 15:28:06] [General - ConfigManager] [INFO] Settings saved!
[2021-01-11 15:28:20] [General - ConfigManager] [DEBUG] Saving to disk...
[2021-01-11 15:28:20] [General - ConfigManager] [INFO] Settings saved!
[2021-01-11 15:28:26] [General - ConfigManager] [DEBUG] Saving to disk...
[2021-01-11 15:28:27] [General - ConfigManager] [INFO] Settings saved!
[2021-01-11 15:28:33] [General - ConfigManager] [DEBUG] Saving to disk...
[2021-01-11 15:28:33] [General - ConfigManager] [INFO] Settings saved!
[2021-01-11 15:28:41] [General - ConfigManager] [DEBUG] Saving to disk...
[2021-01-11 15:28:41] [General - ConfigManager] [INFO] Settings saved!
[2021-01-11 15:29:00] [General - ConfigManager] [DEBUG] Saving to disk...
[2021-01-11 15:29:00] [General - ConfigManager] [INFO] Settings saved!
[2021-01-11 15:29:07] [General - ConfigManager] [DEBUG] Saving to disk...
[2021-01-11 15:29:07] [General - ConfigManager] [INFO] Settings saved!
[2021-01-11 15:29:09] [General - ConfigManager] [DEBUG] Saving to disk...
[2021-01-11 15:29:09] [General - ConfigManager] [INFO] Settings saved!
[2021-01-11 15:29:11] [General - ConfigManager] [DEBUG] Saving to disk...
[2021-01-11 15:29:11] [General - ConfigManager] [INFO] Settings saved!
[2021-01-11 15:29:17] [General - ConfigManager] [DEBUG] Saving to disk...
[2021-01-11 15:29:17] [General - ConfigManager] [INFO] Settings saved!
[2021-01-11 15:29:36] [General - ConfigManager] [DEBUG] Saving to disk...
[2021-01-11 15:29:37] [General - ConfigManager] [INFO] Settings saved!
[2021-01-11 15:29:52] [General - ConfigManager] [DEBUG] Saving to disk...
[2021-01-11 15:29:52] [General - ConfigManager] [INFO] Settings saved!
[2021-01-11 15:29:54] [General - ConfigManager] [DEBUG] Saving to disk...
[2021-01-11 15:29:54] [General - ConfigManager] [INFO] Settings saved!
[2021-01-11 15:29:59] [General - ConfigManager] [DEBUG] Saving to disk...
[2021-01-11 15:29:59] [General - ConfigManager] [INFO] Settings saved!
[2021-01-11 15:30:01] [General - ConfigManager] [DEBUG] Saving to disk...
[2021-01-11 15:30:01] [General - ConfigManager] [INFO] Settings saved!
[2021-01-11 15:30:07] [General - ConfigManager] [DEBUG] Saving to disk...
[2021-01-11 15:30:08] [General - ConfigManager] [INFO] Settings saved!
[2021-01-11 15:30:11] [General - ConfigManager] [DEBUG] Saving to disk...
[2021-01-11 15:30:11] [General - ConfigManager] [INFO] Settings saved!
[2021-01-11 15:30:14] [General - ConfigManager] [DEBUG] Saving to disk...
[2021-01-11 15:30:14] [General - ConfigManager] [INFO] Settings saved!
[2021-01-11 15:30:19] [General - ConfigManager] [DEBUG] Saving to disk...
[2021-01-11 15:30:19] [General - ConfigManager] [INFO] Settings saved!
[2021-01-11 15:30:22] [General - ConfigManager] [DEBUG] Saving to disk...
[2021-01-11 15:30:22] [General - ConfigManager] [INFO] Settings saved!
[2021-01-11 15:30:31] [General - ConfigManager] [DEBUG] Saving to disk...
[2021-01-11 15:30:32] [General - ConfigManager] [INFO] Settings saved!
[2021-01-11 15:30:34] [General - ConfigManager] [DEBUG] Saving to disk...
[2021-01-11 15:30:34] [General - ConfigManager] [INFO] Settings saved!
[2021-01-11 15:30:38] [General - ConfigManager] [DEBUG] Saving to disk...
[2021-01-11 15:30:38] [General - ConfigManager] [INFO] Settings saved!
[2021-01-11 15:30:46] [VisionModule - VisionModule - mmal_service_16.1] [INFO] Setting pipeline to -1
[2021-01-11 15:30:47] [VisionModule - VisionModule - mmal_service_16.1] [INFO] Setting pipeline to 1
[2021-01-11 15:30:48] [General - ConfigManager] [DEBUG] Saving to disk...
[2021-01-11 15:30:48] [General - ConfigManager] [INFO] Settings saved!
[2021-01-11 15:30:48] [VisionModule - VisionModule - mmal_service_16.1] [INFO] Setting pipeline to 0
[2021-01-11 15:30:50] [General - ConfigManager] [DEBUG] Saving to disk...
[2021-01-11 15:30:50] [General - ConfigManager] [INFO] Settings saved!
[2021-01-11 15:31:04] [General - ConfigManager] [DEBUG] Saving to disk...
[2021-01-11 15:31:05] [General - ConfigManager] [INFO] Settings saved!
[2021-01-11 15:31:05] [VisionModule - VisionModule - mmal_service_16.1] [INFO] Setting pipeline to 1
[2021-01-11 15:31:07] [General - ConfigManager] [DEBUG] Saving to disk...
[2021-01-11 15:31:07] [General - ConfigManager] [INFO] Settings saved!
[2021-01-11 15:31:13] [VisionModule - VisionModule - mmal_service_16.1] [INFO] Setting pipeline to -1
[2021-01-11 15:31:13] [General - MetricsPublisher] [DEBUG] Publishing Metrics...
[2021-01-11 15:31:13] [General - ShellExec] [DEBUG] Executing "sed 's/.\{3\}$/.&/' <<< cat /sys/class/thermal/thermal_zone0/temp"
[2021-01-11 15:31:13] [General - ShellExec] [DEBUG] Got exit code 0
[2021-01-11 15:31:13] [General - ShellExec] [DEBUG] Executing "top -bn1 | grep "Cpu(s)" | sed "s/.*, *\([0-9.]*\)%* id.*/\1/" | awk '{print 100 - $1}'"
[2021-01-11 15:31:14] [General - ShellExec] [DEBUG] Got exit code 0
[2021-01-11 15:31:14] [General - ShellExec] [DEBUG] Executing "free --mega | awk -v i=2 -v j=3 'FNR == i {print $j}'"
[2021-01-11 15:31:14] [General - ShellExec] [DEBUG] Got exit code 0
[2021-01-11 15:31:14] [General - ShellExec] [DEBUG] Executing "vcgencmd get_mem malloc | grep -Eo '[0-9]+'"
[2021-01-11 15:31:14] [General - ShellExec] [DEBUG] Got exit code 0
[2021-01-11 15:31:14] [General - ShellExec] [DEBUG] Executing "df ./ --output=pcent | tail -n +2"
[2021-01-11 15:31:14] [General - ShellExec] [DEBUG] Got exit code 0
[2021-01-11 15:31:14] [WebServer - Server] [DEBUG] Handled HTTP POST request from 10.6.86.99 in 385.52264ms
[2021-01-11 15:31:15] [General - ConfigManager] [DEBUG] Saving to disk...
[2021-01-11 15:31:15] [General - ConfigManager] [INFO] Settings saved!
[2021-01-11 15:31:16] [WebServer - RequestHandler] [INFO] exporting settings to download...
