[2022-03-05 15:07:10] [General - Main] [INFO] Logging initialized in debug mode.
[2022-03-05 15:07:10] [General - Main] [INFO] Starting PhotonVision version v2022.1.5 on Windows x64
[2022-03-05 15:07:11] [General - Main] [INFO] Native libraries loaded.
[2022-03-05 15:07:11] [General - ConfigManager] [INFO] Loading settings...
[2022-03-05 15:07:11] [General - ConfigManager] [INFO] Hardware config does not exist! Loading defaults
[2022-03-05 15:07:11] [Camera - CameraConfiguration] [DEBUG] Creating camera configuration for UsbCameraHP HD Webcam (AKA HP_HD_Webcam) at \\?\usb#vid_05c8&pid_0369&mi_00#6&342fd1bb&0&0000#{e5323777-f976-4f5b-9b55-b94699c46e44}\global
[2022-03-05 15:07:11] [Camera - CameraConfiguration] [DEBUG] Creating camera configuration for UsbCameraUSB_Camera (AKA USB_Camera) at \\?\usb#vid_0458&pid_708c&mi_00#6&29a4ead7&0&0000#{e5323777-f976-4f5b-9b55-b94699c46e44}\global
[2022-03-05 15:07:11] [Camera - CameraConfiguration] [ERROR] Could not insert two pipelines at same index! Changing to 1
[2022-03-05 15:07:12] [General - NetworkManager] [INFO] Setting DHCP with team team 686
[2022-03-05 15:07:12] [General - NetworkManager] [INFO] Not managing network on non-Linux platforms
[2022-03-05 15:07:12] [General - NetworkTablesManager] [INFO] Starting NT Client
[2022-03-05 15:07:12] [General - NetworkTablesManager] [ERROR] [NetworkTablesManager] Could not connect to the robot! Will retry in the background...
[2022-03-05 15:07:12] [Camera - VisionSourceManager] [DEBUG] Matching 2 new cameras!
[2022-03-05 15:07:12] [Camera - VisionSourceManager] [INFO] Adding local video device - "HP HD Webcam" at "\\?\usb#vid_05c8&pid_0369&mi_00#6&342fd1bb&0&0000#{e5323777-f976-4f5b-9b55-b94699c46e44}\global"
[2022-03-05 15:07:12] [Camera - VisionSourceManager] [INFO] Adding local video device - "USB_Camera" at "\\?\usb#vid_0458&pid_708c&mi_00#6&29a4ead7&0&0000#{e5323777-f976-4f5b-9b55-b94699c46e44}\global"
[2022-03-05 15:07:12] [Camera - VisionSourceManager] [DEBUG] Trying to match 2 unmatched configs...
[2022-03-05 15:07:12] [Camera - VisionSourceManager] [DEBUG] Trying to find a match for loaded camera HP HD Webcam with path \\?\usb#vid_05c8&pid_0369&mi_00#6&342fd1bb&0&0000#{e5323777-f976-4f5b-9b55-b94699c46e44}\global
[2022-03-05 15:07:12] [Camera - VisionSourceManager] [DEBUG] Matched the config for HP HD Webcam to a physical camera!
[2022-03-05 15:07:12] [Camera - VisionSourceManager] [DEBUG] Trying to find a match for loaded camera USB_Camera with path \\?\usb#vid_0458&pid_708c&mi_00#6&29a4ead7&0&0000#{e5323777-f976-4f5b-9b55-b94699c46e44}\global
[2022-03-05 15:07:12] [Camera - VisionSourceManager] [DEBUG] Matched the config for USB_Camera to a physical camera!
[2022-03-05 15:07:12] [Camera - VisionSourceManager] [DEBUG] After matching loaded configs 0 cameras were unmatched.
[2022-03-05 15:07:12] [Camera - VisionSourceManager] [DEBUG] Matched or created 2 camera configs!
[2022-03-05 15:07:12] [WebServer - DataChangeService] [DEBUG] Added subscriber - Sources: DCS_WEBSOCKET, DCS_HTTP, DCS_NETWORKTABLES, DCS_VISIONMODULE, DCS_OTHER, Destinations: DCD_UI
[2022-03-05 15:07:12] [WebServer - DataChangeService] [DEBUG] Added subscriber - Sources: DCS_WEBSOCKET, Destinations: DCD_GENSETTINGS
[2022-03-05 15:07:12] [Camera - VisionSourceManager] [DEBUG] Matched config for camera "USBFrameProvider - opencv_HP_HD_Webcam" and loaded 1 pipelines
[2022-03-05 15:07:12] [Camera - VisionSourceManager] [DEBUG] Matched config for camera "USBFrameProvider - opencv_USB_Camera" and loaded 2 pipelines
[2022-03-05 15:07:12] [Camera - VisionSourceManager] [INFO] Adding 2 configs to VMM.
[2022-03-05 15:07:12] [WebServer - DataChangeService] [DEBUG] Added subscriber - Sources: DCS_WEBSOCKET, DCS_HTTP, DCS_NETWORKTABLES, DCS_VISIONMODULE, DCS_OTHER, Destinations: DCD_ACTIVEMODULE, DCD_ACTIVEPIPELINESETTINGS, DCD_GENSETTINGS, DCD_UI, DCD_OTHER
[2022-03-05 15:07:13] [VisionModule - VisionModule - HP_HD_Webcam] [INFO] Setting pipeline to 0
[2022-03-05 15:07:13] [Camera - USBCameraSource - HP_HD_Webcam] [DEBUG] Setting camera exposure to 50
[2022-03-05 15:07:13] [WebServer - DataChangeService] [DEBUG] Added subscriber - Sources: DCS_WEBSOCKET, DCS_HTTP, DCS_NETWORKTABLES, DCS_VISIONMODULE, DCS_OTHER, Destinations: DCD_ACTIVEMODULE, DCD_ACTIVEPIPELINESETTINGS, DCD_GENSETTINGS, DCD_UI, DCD_OTHER
[2022-03-05 15:07:13] [VisionModule - VisionModule - USB_Camera] [INFO] Setting pipeline to 1
[2022-03-05 15:07:13] [Camera - USBCameraSource - USB_Camera] [DEBUG] Setting camera exposure to 50
[2022-03-05 15:07:13] [General - NetworkTablesManager] [ERROR] NT Connection has failed! Will retry in background.
[2022-03-05 15:07:13] [WebServer - SocketHandler] [INFO] New websocket connection from /0:0:0:0:0:0:0:1:52561
[2022-03-05 15:07:14] [General - NetworkTablesManager] [INFO] Searching for rios
[2022-03-05 15:07:14] [General - NetworkTablesManager] [INFO] Trying 0.0.0.0
[2022-03-05 15:07:14] [General - NetworkTablesManager] [INFO] Didn't match RIO IP
[2022-03-05 15:07:14] [General - NetworkTablesManager] [INFO] Trying 192.168.56.1
[2022-03-05 15:07:14] [General - NetworkTablesManager] [INFO] Didn't match RIO IP
[2022-03-05 15:07:14] [General - NetworkTablesManager] [INFO] Trying 0.0.0.0
[2022-03-05 15:07:14] [General - NetworkTablesManager] [INFO] Didn't match RIO IP
[2022-03-05 15:07:14] [General - NetworkTablesManager] [INFO] Trying 0.0.0.0
[2022-03-05 15:07:14] [General - NetworkTablesManager] [INFO] Didn't match RIO IP
[2022-03-05 15:07:14] [General - NetworkTablesManager] [INFO] Trying 0.0.0.0
[2022-03-05 15:07:14] [General - NetworkTablesManager] [INFO] Didn't match RIO IP
[2022-03-05 15:07:14] [General - NetworkTablesManager] [INFO] Trying 0.0.0.0
[2022-03-05 15:07:14] [General - NetworkTablesManager] [INFO] Didn't match RIO IP
[2022-03-05 15:07:14] [General - NetworkTablesManager] [INFO] Trying 192.168.0.26
[2022-03-05 15:07:14] [General - NetworkTablesManager] [INFO] Didn't match RIO IP
[2022-03-05 15:07:14] [General - NetworkTablesManager] [INFO] Looking up roboRIO-686-FRC.local
[2022-03-05 15:07:14] [General - NetworkTablesManager] [INFO] Searching for rios
[2022-03-05 15:07:14] [General - NetworkTablesManager] [INFO] Trying 0.0.0.0
[2022-03-05 15:07:14] [General - NetworkTablesManager] [INFO] Didn't match RIO IP
[2022-03-05 15:07:14] [General - NetworkTablesManager] [INFO] Trying 192.168.56.1
[2022-03-05 15:07:14] [General - NetworkTablesManager] [INFO] Didn't match RIO IP
[2022-03-05 15:07:14] [General - NetworkTablesManager] [INFO] Trying 0.0.0.0
[2022-03-05 15:07:14] [General - NetworkTablesManager] [INFO] Didn't match RIO IP
[2022-03-05 15:07:14] [General - NetworkTablesManager] [INFO] Trying 0.0.0.0
[2022-03-05 15:07:14] [General - NetworkTablesManager] [INFO] Didn't match RIO IP
[2022-03-05 15:07:14] [General - NetworkTablesManager] [INFO] Trying 0.0.0.0
[2022-03-05 15:07:14] [General - NetworkTablesManager] [INFO] Didn't match RIO IP
[2022-03-05 15:07:14] [General - NetworkTablesManager] [INFO] Trying 0.0.0.0
[2022-03-05 15:07:14] [General - NetworkTablesManager] [INFO] Didn't match RIO IP
[2022-03-05 15:07:14] [General - NetworkTablesManager] [INFO] Trying 192.168.0.26
[2022-03-05 15:07:14] [General - NetworkTablesManager] [INFO] Didn't match RIO IP
[2022-03-05 15:07:14] [General - NetworkTablesManager] [INFO] Looking up roboRIO-686-FRC.local
[2022-03-05 15:07:14] [General - ConfigManager] [DEBUG] Saving to disk...
[2022-03-05 15:07:15] [General - ConfigManager] [INFO] Settings saved!
[2022-03-05 15:07:16] [General - NetworkTablesManager] [INFO] Looking up roboRIO-686-FRC.lan
[2022-03-05 15:07:16] [General - NetworkTablesManager] [INFO] Looking up roboRIO-686-FRC.lan
[2022-03-05 15:07:16] [General - NetworkTablesManager] [INFO] Looking up roboRIO-686-FRC.frc-field.local
[2022-03-05 15:07:16] [General - NetworkTablesManager] [INFO] Looking up roboRIO-686-FRC.frc-field.local
[2022-03-05 15:07:17] [VisionModule - PipelineManager] [INFO] Adding new pipe of type ColoredShape at idx 0
[2022-03-05 15:07:18] [General - ConfigManager] [DEBUG] Saving to disk...
[2022-03-05 15:07:18] [General - ConfigManager] [INFO] Settings saved!
[2022-03-05 15:07:20] [WebServer - Server] [DEBUG] Handled HTTP GET request from 192.168.0.20 in 11.3352ms
[2022-03-05 15:07:20] [WebServer - SocketHandler] [INFO] New websocket connection from /192.168.0.20:52346
[2022-03-05 15:07:21] [General - NetworkTablesManager] [INFO] Searching for rios
[2022-03-05 15:07:21] [General - NetworkTablesManager] [INFO] Trying 0.0.0.0
[2022-03-05 15:07:21] [General - NetworkTablesManager] [INFO] Didn't match RIO IP
[2022-03-05 15:07:21] [General - NetworkTablesManager] [INFO] Trying 192.168.56.1
[2022-03-05 15:07:21] [General - NetworkTablesManager] [INFO] Didn't match RIO IP
[2022-03-05 15:07:21] [General - NetworkTablesManager] [INFO] Trying 0.0.0.0
[2022-03-05 15:07:21] [General - NetworkTablesManager] [INFO] Didn't match RIO IP
[2022-03-05 15:07:21] [General - NetworkTablesManager] [INFO] Trying 0.0.0.0
[2022-03-05 15:07:21] [General - NetworkTablesManager] [INFO] Didn't match RIO IP
[2022-03-05 15:07:21] [General - NetworkTablesManager] [INFO] Trying 0.0.0.0
[2022-03-05 15:07:21] [General - NetworkTablesManager] [INFO] Didn't match RIO IP
[2022-03-05 15:07:21] [General - NetworkTablesManager] [INFO] Trying 0.0.0.0
[2022-03-05 15:07:21] [General - NetworkTablesManager] [INFO] Didn't match RIO IP
[2022-03-05 15:07:21] [General - NetworkTablesManager] [INFO] Trying 192.168.0.26
[2022-03-05 15:07:21] [General - NetworkTablesManager] [INFO] Didn't match RIO IP
[2022-03-05 15:07:21] [General - NetworkTablesManager] [INFO] Looking up roboRIO-686-FRC.local
[2022-03-05 15:07:21] [General - NetworkTablesManager] [INFO] Looking up roboRIO-686-FRC.lan
[2022-03-05 15:07:21] [General - NetworkTablesManager] [INFO] Looking up roboRIO-686-FRC.frc-field.local
[2022-03-05 15:07:35] [VisionModule - VisionModuleChangeSubscriber - HP_HD_Webcam] [INFO] Adding a ColoredShape pipeline with name Red Cargo
[2022-03-05 15:07:37] [General - ConfigManager] [DEBUG] Saving to disk...
[2022-03-05 15:07:37] [General - ConfigManager] [INFO] Settings saved!
[2022-03-05 15:07:48] [General - ConfigManager] [DEBUG] Saving to disk...
[2022-03-05 15:07:48] [General - ConfigManager] [INFO] Settings saved!
[2022-03-05 15:07:52] [General - ConfigManager] [DEBUG] Saving to disk...
[2022-03-05 15:07:52] [General - ConfigManager] [INFO] Settings saved!
[2022-03-05 15:07:57] [General - ConfigManager] [DEBUG] Saving to disk...
[2022-03-05 15:07:57] [General - ConfigManager] [INFO] Settings saved!
[2022-03-05 15:08:04] [General - ConfigManager] [DEBUG] Saving to disk...
[2022-03-05 15:08:04] [General - ConfigManager] [INFO] Settings saved!
[2022-03-05 15:08:15] [General - ConfigManager] [DEBUG] Saving to disk...
[2022-03-05 15:08:15] [General - ConfigManager] [INFO] Settings saved!
[2022-03-05 15:08:27] [General - ConfigManager] [DEBUG] Saving to disk...
[2022-03-05 15:08:27] [General - ConfigManager] [INFO] Settings saved!
[2022-03-05 15:08:30] [General - ConfigManager] [DEBUG] Saving to disk...
[2022-03-05 15:08:30] [General - ConfigManager] [INFO] Settings saved!
[2022-03-05 15:08:50] [General - ConfigManager] [DEBUG] Saving to disk...
[2022-03-05 15:08:50] [General - ConfigManager] [INFO] Settings saved!
[2022-03-05 15:08:57] [General - ConfigManager] [DEBUG] Saving to disk...
[2022-03-05 15:08:57] [General - ConfigManager] [INFO] Settings saved!
[2022-03-05 15:09:10] [Camera - USBCameraSource - USB_Camera] [DEBUG] Setting camera exposure to 52
[2022-03-05 15:09:11] [Camera - USBCameraSource - USB_Camera] [DEBUG] Setting camera exposure to 67
[2022-03-05 15:09:11] [Camera - USBCameraSource - USB_Camera] [DEBUG] Setting camera exposure to 67
[2022-03-05 15:09:12] [Camera - USBCameraSource - USB_Camera] [DEBUG] Setting camera exposure to 75
[2022-03-05 15:09:12] [Camera - USBCameraSource - USB_Camera] [DEBUG] Setting camera exposure to 77
[2022-03-05 15:09:12] [Camera - USBCameraSource - USB_Camera] [DEBUG] Setting camera exposure to 84
[2022-03-05 15:09:12] [Camera - USBCameraSource - USB_Camera] [DEBUG] Setting camera exposure to 89
[2022-03-05 15:09:13] [Camera - USBCameraSource - USB_Camera] [DEBUG] Setting camera exposure to 98
[2022-03-05 15:09:13] [Camera - USBCameraSource - USB_Camera] [DEBUG] Setting camera exposure to 99
[2022-03-05 15:09:14] [Camera - USBCameraSource - USB_Camera] [DEBUG] Setting camera exposure to 99
[2022-03-05 15:09:14] [Camera - USBCameraSource - USB_Camera] [DEBUG] Setting camera exposure to 99
[2022-03-05 15:09:14] [Camera - USBCameraSource - USB_Camera] [DEBUG] Setting camera exposure to 98
[2022-03-05 15:09:14] [Camera - USBCameraSource - USB_Camera] [DEBUG] Setting camera exposure to 96
[2022-03-05 15:09:14] [Camera - USBCameraSource - USB_Camera] [DEBUG] Setting camera exposure to 93
[2022-03-05 15:09:14] [Camera - USBCameraSource - USB_Camera] [DEBUG] Setting camera exposure to 90
[2022-03-05 15:09:14] [Camera - USBCameraSource - USB_Camera] [DEBUG] Setting camera exposure to 85
[2022-03-05 15:09:14] [Camera - USBCameraSource - USB_Camera] [DEBUG] Setting camera exposure to 79
[2022-03-05 15:09:14] [Camera - USBCameraSource - USB_Camera] [DEBUG] Setting camera exposure to 74
[2022-03-05 15:09:14] [Camera - USBCameraSource - USB_Camera] [DEBUG] Setting camera exposure to 69
[2022-03-05 15:09:14] [Camera - USBCameraSource - USB_Camera] [DEBUG] Setting camera exposure to 65
[2022-03-05 15:09:14] [Camera - USBCameraSource - USB_Camera] [DEBUG] Setting camera exposure to 59
[2022-03-05 15:09:14] [Camera - USBCameraSource - USB_Camera] [DEBUG] Setting camera exposure to 57
[2022-03-05 15:09:14] [Camera - USBCameraSource - USB_Camera] [DEBUG] Setting camera exposure to 54
[2022-03-05 15:09:14] [Camera - USBCameraSource - USB_Camera] [DEBUG] Setting camera exposure to 52
[2022-03-05 15:09:14] [Camera - USBCameraSource - USB_Camera] [DEBUG] Setting camera exposure to 50
[2022-03-05 15:09:14] [Camera - USBCameraSource - USB_Camera] [DEBUG] Setting camera exposure to 48
[2022-03-05 15:09:14] [Camera - USBCameraSource - USB_Camera] [DEBUG] Setting camera exposure to 46
[2022-03-05 15:09:14] [Camera - USBCameraSource - USB_Camera] [DEBUG] Setting camera exposure to 45
[2022-03-05 15:09:14] [Camera - USBCameraSource - USB_Camera] [DEBUG] Setting camera exposure to 44
[2022-03-05 15:09:14] [Camera - USBCameraSource - USB_Camera] [DEBUG] Setting camera exposure to 42
[2022-03-05 15:09:14] [Camera - USBCameraSource - USB_Camera] [DEBUG] Setting camera exposure to 40
[2022-03-05 15:09:14] [Camera - USBCameraSource - USB_Camera] [DEBUG] Setting camera exposure to 38
[2022-03-05 15:09:14] [Camera - USBCameraSource - USB_Camera] [DEBUG] Setting camera exposure to 36
[2022-03-05 15:09:14] [Camera - USBCameraSource - USB_Camera] [DEBUG] Setting camera exposure to 33
[2022-03-05 15:09:15] [Camera - USBCameraSource - USB_Camera] [DEBUG] Setting camera exposure to 31
[2022-03-05 15:09:15] [Camera - USBCameraSource - USB_Camera] [DEBUG] Setting camera exposure to 28
[2022-03-05 15:09:15] [Camera - USBCameraSource - USB_Camera] [DEBUG] Setting camera exposure to 26
[2022-03-05 15:09:15] [Camera - USBCameraSource - USB_Camera] [DEBUG] Setting camera exposure to 24
[2022-03-05 15:09:15] [Camera - USBCameraSource - USB_Camera] [DEBUG] Setting camera exposure to 21
[2022-03-05 15:09:15] [Camera - USBCameraSource - USB_Camera] [DEBUG] Setting camera exposure to 19
[2022-03-05 15:09:15] [Camera - USBCameraSource - USB_Camera] [DEBUG] Setting camera exposure to 17
[2022-03-05 15:09:15] [Camera - USBCameraSource - USB_Camera] [DEBUG] Setting camera exposure to 14
[2022-03-05 15:09:15] [Camera - USBCameraSource - USB_Camera] [DEBUG] Setting camera exposure to 11
[2022-03-05 15:09:15] [Camera - USBCameraSource - USB_Camera] [DEBUG] Setting camera exposure to 8
[2022-03-05 15:09:15] [Camera - USBCameraSource - USB_Camera] [DEBUG] Setting camera exposure to 4
[2022-03-05 15:09:15] [Camera - USBCameraSource - USB_Camera] [DEBUG] Setting camera exposure to 1
[2022-03-05 15:09:15] [Camera - USBCameraSource - USB_Camera] [DEBUG] Setting camera exposure to 0
[2022-03-05 15:09:15] [Camera - USBCameraSource - USB_Camera] [DEBUG] Setting camera exposure to 0
[2022-03-05 15:09:16] [General - ConfigManager] [DEBUG] Saving to disk...
[2022-03-05 15:09:17] [General - ConfigManager] [INFO] Settings saved!
[2022-03-05 15:09:22] [General - ConfigManager] [DEBUG] Saving to disk...
[2022-03-05 15:09:22] [General - ConfigManager] [INFO] Settings saved!
[2022-03-05 15:09:22] [Camera - USBCameraSource - USB_Camera] [DEBUG] Setting camera exposure to 23
[2022-03-05 15:09:22] [Camera - USBCameraSource - USB_Camera] [DEBUG] Setting camera exposure to 27
[2022-03-05 15:09:23] [Camera - USBCameraSource - USB_Camera] [DEBUG] Setting camera exposure to 19
[2022-03-05 15:09:24] [Camera - USBCameraSource - USB_Camera] [DEBUG] Setting camera exposure to 19
[2022-03-05 15:09:24] [Camera - USBCameraSource - USB_Camera] [DEBUG] Setting camera exposure to 17
[2022-03-05 15:09:26] [General - ConfigManager] [DEBUG] Saving to disk...
[2022-03-05 15:09:26] [General - ConfigManager] [INFO] Settings saved!
[2022-03-05 15:09:26] [Camera - USBCameraSource - USB_Camera] [DEBUG] Setting camera exposure to 8
[2022-03-05 15:09:27] [Camera - USBCameraSource - USB_Camera] [DEBUG] Setting camera exposure to 10
[2022-03-05 15:09:28] [General - ConfigManager] [DEBUG] Saving to disk...
[2022-03-05 15:09:28] [General - ConfigManager] [INFO] Settings saved!
[2022-03-05 15:09:35] [General - ConfigManager] [DEBUG] Saving to disk...
[2022-03-05 15:09:35] [General - ConfigManager] [INFO] Settings saved!
[2022-03-05 15:09:37] [General - ConfigManager] [DEBUG] Saving to disk...
[2022-03-05 15:09:37] [General - ConfigManager] [INFO] Settings saved!
[2022-03-05 15:09:41] [General - ConfigManager] [DEBUG] Saving to disk...
[2022-03-05 15:09:41] [General - ConfigManager] [INFO] Settings saved!
[2022-03-05 15:09:42] [Camera - USBCameraSource - USB_Camera] [DEBUG] Setting camera exposure to 36
[2022-03-05 15:09:44] [Camera - USBCameraSource - USB_Camera] [DEBUG] Setting camera exposure to 40
[2022-03-05 15:09:44] [General - ConfigManager] [DEBUG] Saving to disk...
[2022-03-05 15:09:44] [General - ConfigManager] [INFO] Settings saved!
[2022-03-05 15:09:45] [General - ConfigManager] [DEBUG] Saving to disk...
[2022-03-05 15:09:45] [General - ConfigManager] [INFO] Settings saved!
[2022-03-05 15:09:46] [Camera - USBCameraSource - USB_Camera] [DEBUG] Setting camera exposure to 17
[2022-03-05 15:09:47] [General - ConfigManager] [DEBUG] Saving to disk...
[2022-03-05 15:09:47] [General - ConfigManager] [INFO] Settings saved!
[2022-03-05 15:09:48] [Camera - USBCameraSource - USB_Camera] [DEBUG] Setting camera exposure to 9
[2022-03-05 15:09:48] [Camera - USBCameraSource - USB_Camera] [DEBUG] Setting camera exposure to 9
[2022-03-05 15:09:50] [General - ConfigManager] [DEBUG] Saving to disk...
[2022-03-05 15:09:50] [General - ConfigManager] [INFO] Settings saved!
[2022-03-05 15:09:53] [General - ConfigManager] [DEBUG] Saving to disk...
[2022-03-05 15:09:53] [General - ConfigManager] [INFO] Settings saved!
[2022-03-05 15:10:14] [General - ConfigManager] [DEBUG] Saving to disk...
[2022-03-05 15:10:14] [General - ConfigManager] [INFO] Settings saved!
[2022-03-05 15:10:18] [General - ConfigManager] [DEBUG] Saving to disk...
[2022-03-05 15:10:18] [General - ConfigManager] [INFO] Settings saved!
[2022-03-05 15:10:20] [General - ConfigManager] [DEBUG] Saving to disk...
[2022-03-05 15:10:20] [General - ConfigManager] [INFO] Settings saved!
[2022-03-05 15:10:31] [General - ConfigManager] [DEBUG] Saving to disk...
[2022-03-05 15:10:31] [General - ConfigManager] [INFO] Settings saved!
[2022-03-05 15:10:34] [General - ConfigManager] [DEBUG] Saving to disk...
[2022-03-05 15:10:34] [General - ConfigManager] [INFO] Settings saved!
[2022-03-05 15:10:39] [General - ConfigManager] [DEBUG] Saving to disk...
[2022-03-05 15:10:39] [General - ConfigManager] [INFO] Settings saved!
[2022-03-05 15:10:47] [General - ConfigManager] [DEBUG] Saving to disk...
[2022-03-05 15:10:48] [General - ConfigManager] [INFO] Settings saved!
[2022-03-05 15:10:52] [General - ConfigManager] [DEBUG] Saving to disk...
[2022-03-05 15:10:52] [General - ConfigManager] [INFO] Settings saved!
[2022-03-05 15:11:00] [General - ConfigManager] [DEBUG] Saving to disk...
[2022-03-05 15:11:00] [General - ConfigManager] [INFO] Settings saved!
[2022-03-05 15:11:33] [General - ConfigManager] [DEBUG] Saving to disk...
[2022-03-05 15:11:33] [General - ConfigManager] [INFO] Settings saved!
[2022-03-05 15:11:37] [General - ConfigManager] [DEBUG] Saving to disk...
[2022-03-05 15:11:37] [General - ConfigManager] [INFO] Settings saved!
[2022-03-05 15:11:39] [General - ConfigManager] [DEBUG] Saving to disk...
[2022-03-05 15:11:39] [General - ConfigManager] [INFO] Settings saved!
[2022-03-05 15:11:42] [General - ConfigManager] [DEBUG] Saving to disk...
[2022-03-05 15:11:42] [General - ConfigManager] [INFO] Settings saved!
[2022-03-05 15:11:51] [General - ConfigManager] [DEBUG] Saving to disk...
[2022-03-05 15:11:51] [General - ConfigManager] [INFO] Settings saved!
[2022-03-05 15:11:56] [General - ConfigManager] [DEBUG] Saving to disk...
[2022-03-05 15:11:56] [General - ConfigManager] [INFO] Settings saved!
[2022-03-05 15:12:19] [General - ConfigManager] [DEBUG] Saving to disk...
[2022-03-05 15:12:19] [General - ConfigManager] [INFO] Settings saved!
[2022-03-05 15:12:42] [General - ConfigManager] [DEBUG] Saving to disk...
[2022-03-05 15:12:42] [General - ConfigManager] [INFO] Settings saved!
[2022-03-05 15:12:52] [General - ConfigManager] [DEBUG] Saving to disk...
[2022-03-05 15:12:52] [General - ConfigManager] [INFO] Settings saved!
[2022-03-05 15:12:54] [General - ConfigManager] [DEBUG] Saving to disk...
[2022-03-05 15:12:54] [General - ConfigManager] [INFO] Settings saved!
[2022-03-05 15:13:05] [General - ConfigManager] [DEBUG] Saving to disk...
[2022-03-05 15:13:05] [General - ConfigManager] [INFO] Settings saved!
[2022-03-05 15:13:31] [General - ConfigManager] [DEBUG] Saving to disk...
[2022-03-05 15:13:31] [General - ConfigManager] [INFO] Settings saved!
[2022-03-05 15:13:35] [Camera - USBCameraSource - USB_Camera] [DEBUG] Setting camera exposure to 31
[2022-03-05 15:13:35] [Camera - USBCameraSource - USB_Camera] [DEBUG] Setting camera exposure to 32
[2022-03-05 15:13:35] [Camera - USBCameraSource - USB_Camera] [DEBUG] Setting camera exposure to 32
[2022-03-05 15:13:35] [Camera - USBCameraSource - USB_Camera] [DEBUG] Setting camera exposure to 32
[2022-03-05 15:13:35] [Camera - USBCameraSource - USB_Camera] [DEBUG] Setting camera exposure to 33
[2022-03-05 15:13:35] [Camera - USBCameraSource - USB_Camera] [DEBUG] Setting camera exposure to 34
[2022-03-05 15:13:35] [Camera - USBCameraSource - USB_Camera] [DEBUG] Setting camera exposure to 36
[2022-03-05 15:13:35] [Camera - USBCameraSource - USB_Camera] [DEBUG] Setting camera exposure to 37
[2022-03-05 15:13:35] [Camera - USBCameraSource - USB_Camera] [DEBUG] Setting camera exposure to 39
[2022-03-05 15:13:35] [Camera - USBCameraSource - USB_Camera] [DEBUG] Setting camera exposure to 40
[2022-03-05 15:13:35] [Camera - USBCameraSource - USB_Camera] [DEBUG] Setting camera exposure to 40
[2022-03-05 15:13:35] [Camera - USBCameraSource - USB_Camera] [DEBUG] Setting camera exposure to 41
[2022-03-05 15:13:35] [Camera - USBCameraSource - USB_Camera] [DEBUG] Setting camera exposure to 41
[2022-03-05 15:13:35] [Camera - USBCameraSource - USB_Camera] [DEBUG] Setting camera exposure to 42
[2022-03-05 15:13:35] [Camera - USBCameraSource - USB_Camera] [DEBUG] Setting camera exposure to 43
[2022-03-05 15:13:35] [Camera - USBCameraSource - USB_Camera] [DEBUG] Setting camera exposure to 45
[2022-03-05 15:13:35] [Camera - USBCameraSource - USB_Camera] [DEBUG] Setting camera exposure to 47
[2022-03-05 15:13:35] [Camera - USBCameraSource - USB_Camera] [DEBUG] Setting camera exposure to 49
[2022-03-05 15:13:35] [Camera - USBCameraSource - USB_Camera] [DEBUG] Setting camera exposure to 51
[2022-03-05 15:13:35] [Camera - USBCameraSource - USB_Camera] [DEBUG] Setting camera exposure to 54
[2022-03-05 15:13:35] [Camera - USBCameraSource - USB_Camera] [DEBUG] Setting camera exposure to 56
[2022-03-05 15:13:35] [Camera - USBCameraSource - USB_Camera] [DEBUG] Setting camera exposure to 58
[2022-03-05 15:13:35] [Camera - USBCameraSource - USB_Camera] [DEBUG] Setting camera exposure to 60
[2022-03-05 15:13:36] [Camera - USBCameraSource - USB_Camera] [DEBUG] Setting camera exposure to 62
[2022-03-05 15:13:36] [Camera - USBCameraSource - USB_Camera] [DEBUG] Setting camera exposure to 64
[2022-03-05 15:13:36] [Camera - USBCameraSource - USB_Camera] [DEBUG] Setting camera exposure to 66
[2022-03-05 15:13:36] [Camera - USBCameraSource - USB_Camera] [DEBUG] Setting camera exposure to 68
[2022-03-05 15:13:36] [Camera - USBCameraSource - USB_Camera] [DEBUG] Setting camera exposure to 70
[2022-03-05 15:13:36] [Camera - USBCameraSource - USB_Camera] [DEBUG] Setting camera exposure to 72
[2022-03-05 15:13:36] [Camera - USBCameraSource - USB_Camera] [DEBUG] Setting camera exposure to 74
[2022-03-05 15:13:36] [Camera - USBCameraSource - USB_Camera] [DEBUG] Setting camera exposure to 75
[2022-03-05 15:13:36] [Camera - USBCameraSource - USB_Camera] [DEBUG] Setting camera exposure to 76
[2022-03-05 15:13:36] [Camera - USBCameraSource - USB_Camera] [DEBUG] Setting camera exposure to 77
[2022-03-05 15:13:36] [Camera - USBCameraSource - USB_Camera] [DEBUG] Setting camera exposure to 78
[2022-03-05 15:13:36] [Camera - USBCameraSource - USB_Camera] [DEBUG] Setting camera exposure to 80
[2022-03-05 15:13:36] [Camera - USBCameraSource - USB_Camera] [DEBUG] Setting camera exposure to 82
[2022-03-05 15:13:36] [Camera - USBCameraSource - USB_Camera] [DEBUG] Setting camera exposure to 84
[2022-03-05 15:13:36] [Camera - USBCameraSource - USB_Camera] [DEBUG] Setting camera exposure to 85
[2022-03-05 15:13:36] [Camera - USBCameraSource - USB_Camera] [DEBUG] Setting camera exposure to 86
[2022-03-05 15:13:36] [Camera - USBCameraSource - USB_Camera] [DEBUG] Setting camera exposure to 87
[2022-03-05 15:13:36] [Camera - USBCameraSource - USB_Camera] [DEBUG] Setting camera exposure to 88
[2022-03-05 15:13:36] [Camera - USBCameraSource - USB_Camera] [DEBUG] Setting camera exposure to 89
[2022-03-05 15:13:36] [Camera - USBCameraSource - USB_Camera] [DEBUG] Setting camera exposure to 91
[2022-03-05 15:13:36] [Camera - USBCameraSource - USB_Camera] [DEBUG] Setting camera exposure to 92
[2022-03-05 15:13:36] [Camera - USBCameraSource - USB_Camera] [DEBUG] Setting camera exposure to 93
[2022-03-05 15:13:36] [Camera - USBCameraSource - USB_Camera] [DEBUG] Setting camera exposure to 94
[2022-03-05 15:13:36] [Camera - USBCameraSource - USB_Camera] [DEBUG] Setting camera exposure to 95
[2022-03-05 15:13:36] [Camera - USBCameraSource - USB_Camera] [DEBUG] Setting camera exposure to 97
[2022-03-05 15:13:36] [Camera - USBCameraSource - USB_Camera] [DEBUG] Setting camera exposure to 98
[2022-03-05 15:13:36] [Camera - USBCameraSource - USB_Camera] [DEBUG] Setting camera exposure to 100
[2022-03-05 15:13:36] [Camera - USBCameraSource - USB_Camera] [DEBUG] Setting camera exposure to 100
[2022-03-05 15:13:37] [General - ConfigManager] [DEBUG] Saving to disk...
[2022-03-05 15:13:37] [General - ConfigManager] [INFO] Settings saved!
[2022-03-05 15:13:38] [Camera - USBCameraSource - USB_Camera] [DEBUG] Setting camera exposure to 98
[2022-03-05 15:13:38] [Camera - USBCameraSource - USB_Camera] [DEBUG] Setting camera exposure to 92
[2022-03-05 15:13:38] [Camera - USBCameraSource - USB_Camera] [DEBUG] Setting camera exposure to 85
[2022-03-05 15:13:38] [Camera - USBCameraSource - USB_Camera] [DEBUG] Setting camera exposure to 79
[2022-03-05 15:13:38] [Camera - USBCameraSource - USB_Camera] [DEBUG] Setting camera exposure to 73
[2022-03-05 15:13:38] [Camera - USBCameraSource - USB_Camera] [DEBUG] Setting camera exposure to 70
[2022-03-05 15:13:38] [Camera - USBCameraSource - USB_Camera] [DEBUG] Setting camera exposure to 69
[2022-03-05 15:13:38] [Camera - USBCameraSource - USB_Camera] [DEBUG] Setting camera exposure to 68
[2022-03-05 15:13:38] [Camera - USBCameraSource - USB_Camera] [DEBUG] Setting camera exposure to 67
[2022-03-05 15:13:38] [Camera - USBCameraSource - USB_Camera] [DEBUG] Setting camera exposure to 65
[2022-03-05 15:13:38] [Camera - USBCameraSource - USB_Camera] [DEBUG] Setting camera exposure to 61
[2022-03-05 15:13:38] [Camera - USBCameraSource - USB_Camera] [DEBUG] Setting camera exposure to 57
[2022-03-05 15:13:38] [Camera - USBCameraSource - USB_Camera] [DEBUG] Setting camera exposure to 54
[2022-03-05 15:13:38] [Camera - USBCameraSource - USB_Camera] [DEBUG] Setting camera exposure to 51
[2022-03-05 15:13:38] [Camera - USBCameraSource - USB_Camera] [DEBUG] Setting camera exposure to 49
[2022-03-05 15:13:38] [Camera - USBCameraSource - USB_Camera] [DEBUG] Setting camera exposure to 48
[2022-03-05 15:13:38] [Camera - USBCameraSource - USB_Camera] [DEBUG] Setting camera exposure to 46
[2022-03-05 15:13:38] [Camera - USBCameraSource - USB_Camera] [DEBUG] Setting camera exposure to 43
[2022-03-05 15:13:38] [Camera - USBCameraSource - USB_Camera] [DEBUG] Setting camera exposure to 40
[2022-03-05 15:13:38] [Camera - USBCameraSource - USB_Camera] [DEBUG] Setting camera exposure to 36
[2022-03-05 15:13:38] [Camera - USBCameraSource - USB_Camera] [DEBUG] Setting camera exposure to 29
[2022-03-05 15:13:38] [Camera - USBCameraSource - USB_Camera] [DEBUG] Setting camera exposure to 24
[2022-03-05 15:13:38] [Camera - USBCameraSource - USB_Camera] [DEBUG] Setting camera exposure to 17
[2022-03-05 15:13:38] [Camera - USBCameraSource - USB_Camera] [DEBUG] Setting camera exposure to 10
[2022-03-05 15:13:38] [Camera - USBCameraSource - USB_Camera] [DEBUG] Setting camera exposure to 4
[2022-03-05 15:13:38] [Camera - USBCameraSource - USB_Camera] [DEBUG] Setting camera exposure to 0
[2022-03-05 15:13:39] [General - ConfigManager] [DEBUG] Saving to disk...
[2022-03-05 15:13:39] [General - ConfigManager] [INFO] Settings saved!
[2022-03-05 15:13:40] [Camera - USBCameraSource - USB_Camera] [DEBUG] Setting camera exposure to 0
[2022-03-05 15:13:41] [General - ConfigManager] [DEBUG] Saving to disk...
[2022-03-05 15:13:42] [General - ConfigManager] [INFO] Settings saved!
[2022-03-05 15:14:06] [General - ConfigManager] [DEBUG] Saving to disk...
[2022-03-05 15:14:06] [General - ConfigManager] [INFO] Settings saved!
[2022-03-05 15:14:10] [General - ConfigManager] [DEBUG] Saving to disk...
[2022-03-05 15:14:10] [General - ConfigManager] [INFO] Settings saved!
[2022-03-05 15:14:30] [General - ConfigManager] [DEBUG] Saving to disk...
[2022-03-05 15:14:30] [General - ConfigManager] [INFO] Settings saved!
[2022-03-05 15:14:32] [General - ConfigManager] [DEBUG] Saving to disk...
[2022-03-05 15:14:32] [General - ConfigManager] [INFO] Settings saved!
[2022-03-05 15:14:47] [General - ConfigManager] [DEBUG] Saving to disk...
[2022-03-05 15:14:47] [General - ConfigManager] [INFO] Settings saved!
[2022-03-05 15:15:02] [General - ConfigManager] [DEBUG] Saving to disk...
[2022-03-05 15:15:02] [General - ConfigManager] [INFO] Settings saved!
[2022-03-05 15:15:05] [General - ConfigManager] [DEBUG] Saving to disk...
[2022-03-05 15:15:05] [General - ConfigManager] [INFO] Settings saved!
[2022-03-05 15:15:15] [VisionModule - VisionRunner - USBFrameProvider - opencv_HP_HD_Webcam] [ERROR] Exception on loop 14428
[2022-03-05 15:15:15] [VisionModule - VisionRunner - USBFrameProvider - opencv_HP_HD_Webcam] [ERROR] Exception on loop 14429
[2022-03-05 15:15:15] [VisionModule - VisionRunner - USBFrameProvider - opencv_HP_HD_Webcam] [ERROR] Exception on loop 14430
[2022-03-05 15:15:15] [VisionModule - VisionRunner - USBFrameProvider - opencv_HP_HD_Webcam] [ERROR] Exception on loop 14431
[2022-03-05 15:15:15] [VisionModule - VisionRunner - USBFrameProvider - opencv_HP_HD_Webcam] [ERROR] Exception on loop 14432
[2022-03-05 15:15:15] [VisionModule - VisionRunner - USBFrameProvider - opencv_HP_HD_Webcam] [ERROR] Exception on loop 14433
[2022-03-05 15:15:15] [VisionModule - VisionRunner - USBFrameProvider - opencv_HP_HD_Webcam] [ERROR] Exception on loop 14434
[2022-03-05 15:15:15] [VisionModule - VisionRunner - USBFrameProvider - opencv_HP_HD_Webcam] [ERROR] Exception on loop 14435
[2022-03-05 15:15:15] [VisionModule - VisionRunner - USBFrameProvider - opencv_HP_HD_Webcam] [ERROR] Exception on loop 14436
[2022-03-05 15:15:15] [VisionModule - VisionRunner - USBFrameProvider - opencv_HP_HD_Webcam] [ERROR] Exception on loop 14437
[2022-03-05 15:15:15] [VisionModule - VisionRunner - USBFrameProvider - opencv_HP_HD_Webcam] [ERROR] Exception on loop 14438
[2022-03-05 15:15:15] [VisionModule - VisionRunner - USBFrameProvider - opencv_HP_HD_Webcam] [ERROR] Exception on loop 14439
[2022-03-05 15:15:15] [VisionModule - VisionRunner - USBFrameProvider - opencv_HP_HD_Webcam] [ERROR] Exception on loop 14440
[2022-03-05 15:15:15] [VisionModule - VisionRunner - USBFrameProvider - opencv_HP_HD_Webcam] [ERROR] Exception on loop 14441
[2022-03-05 15:15:15] [VisionModule - VisionRunner - USBFrameProvider - opencv_HP_HD_Webcam] [ERROR] Exception on loop 14442
[2022-03-05 15:15:15] [VisionModule - VisionRunner - USBFrameProvider - opencv_HP_HD_Webcam] [ERROR] Exception on loop 14443
[2022-03-05 15:15:15] [VisionModule - VisionRunner - USBFrameProvider - opencv_HP_HD_Webcam] [ERROR] Exception on loop 14444
[2022-03-05 15:15:15] [VisionModule - VisionRunner - USBFrameProvider - opencv_HP_HD_Webcam] [ERROR] Exception on loop 14445
[2022-03-05 15:15:15] [VisionModule - VisionRunner - USBFrameProvider - opencv_HP_HD_Webcam] [ERROR] Exception on loop 14446
[2022-03-05 15:15:15] [VisionModule - VisionRunner - USBFrameProvider - opencv_HP_HD_Webcam] [ERROR] Exception on loop 14447
[2022-03-05 15:15:15] [VisionModule - VisionRunner - USBFrameProvider - opencv_HP_HD_Webcam] [ERROR] Exception on loop 14448
[2022-03-05 15:15:15] [VisionModule - VisionRunner - USBFrameProvider - opencv_HP_HD_Webcam] [ERROR] Exception on loop 14449
[2022-03-05 15:15:15] [VisionModule - VisionRunner - USBFrameProvider - opencv_HP_HD_Webcam] [ERROR] Exception on loop 14450
[2022-03-05 15:15:15] [VisionModule - VisionRunner - USBFrameProvider - opencv_HP_HD_Webcam] [ERROR] Exception on loop 14451
[2022-03-05 15:15:15] [VisionModule - VisionRunner - USBFrameProvider - opencv_HP_HD_Webcam] [ERROR] Exception on loop 14452
[2022-03-05 15:15:16] [VisionModule - VisionRunner - USBFrameProvider - opencv_HP_HD_Webcam] [ERROR] Exception on loop 14453
[2022-03-05 15:15:16] [VisionModule - VisionRunner - USBFrameProvider - opencv_HP_HD_Webcam] [ERROR] Exception on loop 14454
[2022-03-05 15:15:16] [VisionModule - VisionRunner - USBFrameProvider - opencv_HP_HD_Webcam] [ERROR] Exception on loop 14455
[2022-03-05 15:15:16] [VisionModule - VisionRunner - USBFrameProvider - opencv_HP_HD_Webcam] [ERROR] Exception on loop 14456
[2022-03-05 15:15:16] [VisionModule - VisionRunner - USBFrameProvider - opencv_HP_HD_Webcam] [ERROR] Exception on loop 14457
[2022-03-05 15:15:16] [VisionModule - VisionRunner - USBFrameProvider - opencv_HP_HD_Webcam] [ERROR] Exception on loop 14458
[2022-03-05 15:15:16] [VisionModule - VisionRunner - USBFrameProvider - opencv_HP_HD_Webcam] [ERROR] Exception on loop 14459
[2022-03-05 15:15:16] [VisionModule - VisionRunner - USBFrameProvider - opencv_HP_HD_Webcam] [ERROR] Exception on loop 14460
[2022-03-05 15:15:16] [VisionModule - VisionRunner - USBFrameProvider - opencv_HP_HD_Webcam] [ERROR] Exception on loop 14461
[2022-03-05 15:15:16] [VisionModule - VisionRunner - USBFrameProvider - opencv_HP_HD_Webcam] [ERROR] Exception on loop 14462
[2022-03-05 15:15:16] [VisionModule - VisionRunner - USBFrameProvider - opencv_HP_HD_Webcam] [ERROR] Exception on loop 14463
[2022-03-05 15:15:16] [VisionModule - VisionRunner - USBFrameProvider - opencv_HP_HD_Webcam] [ERROR] Exception on loop 14464
[2022-03-05 15:15:16] [VisionModule - VisionRunner - USBFrameProvider - opencv_HP_HD_Webcam] [ERROR] Exception on loop 14465
[2022-03-05 15:15:16] [General - ConfigManager] [DEBUG] Saving to disk...
[2022-03-05 15:15:16] [VisionModule - VisionRunner - USBFrameProvider - opencv_HP_HD_Webcam] [ERROR] Exception on loop 14466
[2022-03-05 15:15:16] [General - ConfigManager] [INFO] Settings saved!
[2022-03-05 15:15:16] [VisionModule - VisionRunner - USBFrameProvider - opencv_HP_HD_Webcam] [ERROR] Exception on loop 14467
[2022-03-05 15:15:16] [VisionModule - VisionRunner - USBFrameProvider - opencv_HP_HD_Webcam] [ERROR] Exception on loop 14468
[2022-03-05 15:15:16] [VisionModule - VisionRunner - USBFrameProvider - opencv_HP_HD_Webcam] [ERROR] Exception on loop 14469
[2022-03-05 15:15:16] [VisionModule - VisionRunner - USBFrameProvider - opencv_HP_HD_Webcam] [ERROR] Exception on loop 14470
[2022-03-05 15:15:16] [VisionModule - VisionRunner - USBFrameProvider - opencv_HP_HD_Webcam] [ERROR] Exception on loop 14471
[2022-03-05 15:15:16] [VisionModule - VisionRunner - USBFrameProvider - opencv_HP_HD_Webcam] [ERROR] Exception on loop 14472
[2022-03-05 15:15:16] [VisionModule - VisionRunner - USBFrameProvider - opencv_HP_HD_Webcam] [ERROR] Exception on loop 14473
[2022-03-05 15:15:16] [VisionModule - VisionRunner - USBFrameProvider - opencv_HP_HD_Webcam] [ERROR] Exception on loop 14474
[2022-03-05 15:15:16] [VisionModule - VisionRunner - USBFrameProvider - opencv_HP_HD_Webcam] [ERROR] Exception on loop 14475
[2022-03-05 15:15:16] [VisionModule - VisionRunner - USBFrameProvider - opencv_HP_HD_Webcam] [ERROR] Exception on loop 14476
[2022-03-05 15:15:16] [VisionModule - VisionRunner - USBFrameProvider - opencv_HP_HD_Webcam] [ERROR] Exception on loop 14477
[2022-03-05 15:15:16] [VisionModule - VisionRunner - USBFrameProvider - opencv_HP_HD_Webcam] [ERROR] Exception on loop 14478
[2022-03-05 15:15:16] [VisionModule - VisionRunner - USBFrameProvider - opencv_HP_HD_Webcam] [ERROR] Exception on loop 14479
[2022-03-05 15:15:16] [VisionModule - VisionRunner - USBFrameProvider - opencv_HP_HD_Webcam] [ERROR] Exception on loop 14480
[2022-03-05 15:15:16] [VisionModule - VisionRunner - USBFrameProvider - opencv_HP_HD_Webcam] [ERROR] Exception on loop 14481
[2022-03-05 15:15:16] [VisionModule - VisionRunner - USBFrameProvider - opencv_HP_HD_Webcam] [ERROR] Exception on loop 14482
[2022-03-05 15:15:17] [VisionModule - VisionRunner - USBFrameProvider - opencv_HP_HD_Webcam] [ERROR] Exception on loop 14483
[2022-03-05 15:15:17] [VisionModule - VisionRunner - USBFrameProvider - opencv_HP_HD_Webcam] [ERROR] Exception on loop 14484
[2022-03-05 15:15:17] [VisionModule - VisionRunner - USBFrameProvider - opencv_HP_HD_Webcam] [ERROR] Exception on loop 14485
[2022-03-05 15:15:17] [VisionModule - VisionRunner - USBFrameProvider - opencv_HP_HD_Webcam] [ERROR] Exception on loop 14486
[2022-03-05 15:15:17] [VisionModule - VisionRunner - USBFrameProvider - opencv_HP_HD_Webcam] [ERROR] Exception on loop 14487
[2022-03-05 15:15:17] [VisionModule - VisionRunner - USBFrameProvider - opencv_HP_HD_Webcam] [ERROR] Exception on loop 14488
[2022-03-05 15:15:17] [VisionModule - VisionRunner - USBFrameProvider - opencv_HP_HD_Webcam] [ERROR] Exception on loop 14489
[2022-03-05 15:15:17] [VisionModule - VisionRunner - USBFrameProvider - opencv_HP_HD_Webcam] [ERROR] Exception on loop 14490
[2022-03-05 15:15:17] [VisionModule - VisionRunner - USBFrameProvider - opencv_HP_HD_Webcam] [ERROR] Exception on loop 14491
[2022-03-05 15:15:17] [VisionModule - VisionRunner - USBFrameProvider - opencv_HP_HD_Webcam] [ERROR] Exception on loop 14492
[2022-03-05 15:15:17] [VisionModule - VisionRunner - USBFrameProvider - opencv_HP_HD_Webcam] [ERROR] Exception on loop 14493
[2022-03-05 15:15:17] [VisionModule - VisionRunner - USBFrameProvider - opencv_HP_HD_Webcam] [ERROR] Exception on loop 14494
[2022-03-05 15:15:17] [VisionModule - VisionRunner - USBFrameProvider - opencv_HP_HD_Webcam] [ERROR] Exception on loop 14495
[2022-03-05 15:15:17] [VisionModule - VisionRunner - USBFrameProvider - opencv_HP_HD_Webcam] [ERROR] Exception on loop 14496
[2022-03-05 15:15:17] [VisionModule - VisionRunner - USBFrameProvider - opencv_HP_HD_Webcam] [ERROR] Exception on loop 14497
[2022-03-05 15:15:17] [VisionModule - VisionRunner - USBFrameProvider - opencv_HP_HD_Webcam] [ERROR] Exception on loop 14498
[2022-03-05 15:15:17] [VisionModule - VisionRunner - USBFrameProvider - opencv_HP_HD_Webcam] [ERROR] Exception on loop 14499
[2022-03-05 15:15:17] [VisionModule - VisionRunner - USBFrameProvider - opencv_HP_HD_Webcam] [ERROR] Exception on loop 14500
[2022-03-05 15:15:17] [VisionModule - VisionRunner - USBFrameProvider - opencv_HP_HD_Webcam] [ERROR] Exception on loop 14501
[2022-03-05 15:15:17] [VisionModule - VisionRunner - USBFrameProvider - opencv_HP_HD_Webcam] [ERROR] Exception on loop 14502
[2022-03-05 15:15:17] [VisionModule - VisionRunner - USBFrameProvider - opencv_HP_HD_Webcam] [ERROR] Exception on loop 14503
[2022-03-05 15:15:17] [VisionModule - VisionRunner - USBFrameProvider - opencv_HP_HD_Webcam] [ERROR] Exception on loop 14504
[2022-03-05 15:15:17] [VisionModule - VisionRunner - USBFrameProvider - opencv_HP_HD_Webcam] [ERROR] Exception on loop 14505
[2022-03-05 15:15:17] [VisionModule - VisionRunner - USBFrameProvider - opencv_HP_HD_Webcam] [ERROR] Exception on loop 14506
[2022-03-05 15:15:17] [VisionModule - VisionRunner - USBFrameProvider - opencv_HP_HD_Webcam] [ERROR] Exception on loop 14507
[2022-03-05 15:15:17] [VisionModule - VisionRunner - USBFrameProvider - opencv_HP_HD_Webcam] [ERROR] Exception on loop 14508
[2022-03-05 15:15:17] [VisionModule - VisionRunner - USBFrameProvider - opencv_HP_HD_Webcam] [ERROR] Exception on loop 14509
[2022-03-05 15:15:17] [VisionModule - VisionRunner - USBFrameProvider - opencv_HP_HD_Webcam] [ERROR] Exception on loop 14510
[2022-03-05 15:15:17] [VisionModule - VisionRunner - USBFrameProvider - opencv_HP_HD_Webcam] [ERROR] Exception on loop 14511
[2022-03-05 15:15:17] [VisionModule - VisionRunner - USBFrameProvider - opencv_HP_HD_Webcam] [ERROR] Exception on loop 14512
[2022-03-05 15:15:18] [VisionModule - VisionRunner - USBFrameProvider - opencv_HP_HD_Webcam] [ERROR] Exception on loop 14513
[2022-03-05 15:15:18] [VisionModule - VisionRunner - USBFrameProvider - opencv_HP_HD_Webcam] [ERROR] Exception on loop 14514
[2022-03-05 15:15:18] [VisionModule - VisionRunner - USBFrameProvider - opencv_HP_HD_Webcam] [ERROR] Exception on loop 14515
[2022-03-05 15:15:18] [VisionModule - VisionRunner - USBFrameProvider - opencv_HP_HD_Webcam] [ERROR] Exception on loop 14516
[2022-03-05 15:15:18] [VisionModule - VisionRunner - USBFrameProvider - opencv_HP_HD_Webcam] [ERROR] Exception on loop 14517
[2022-03-05 15:15:18] [VisionModule - VisionRunner - USBFrameProvider - opencv_HP_HD_Webcam] [ERROR] Exception on loop 14518
[2022-03-05 15:15:18] [VisionModule - VisionRunner - USBFrameProvider - opencv_HP_HD_Webcam] [ERROR] Exception on loop 14519
[2022-03-05 15:15:18] [VisionModule - VisionRunner - USBFrameProvider - opencv_HP_HD_Webcam] [ERROR] Exception on loop 14520
[2022-03-05 15:15:18] [VisionModule - VisionRunner - USBFrameProvider - opencv_HP_HD_Webcam] [ERROR] Exception on loop 14521
[2022-03-05 15:15:18] [VisionModule - VisionRunner - USBFrameProvider - opencv_HP_HD_Webcam] [ERROR] Exception on loop 14522
[2022-03-05 15:15:18] [VisionModule - VisionRunner - USBFrameProvider - opencv_HP_HD_Webcam] [ERROR] Exception on loop 14523
[2022-03-05 15:15:18] [VisionModule - VisionRunner - USBFrameProvider - opencv_HP_HD_Webcam] [ERROR] Exception on loop 14524
[2022-03-05 15:15:18] [VisionModule - VisionRunner - USBFrameProvider - opencv_HP_HD_Webcam] [ERROR] Exception on loop 14525
[2022-03-05 15:15:18] [VisionModule - VisionRunner - USBFrameProvider - opencv_HP_HD_Webcam] [ERROR] Exception on loop 14526
[2022-03-05 15:15:18] [VisionModule - VisionRunner - USBFrameProvider - opencv_HP_HD_Webcam] [ERROR] Exception on loop 14527
[2022-03-05 15:15:18] [VisionModule - VisionRunner - USBFrameProvider - opencv_HP_HD_Webcam] [ERROR] Exception on loop 14528
[2022-03-05 15:15:18] [VisionModule - VisionRunner - USBFrameProvider - opencv_HP_HD_Webcam] [ERROR] Exception on loop 14529
[2022-03-05 15:15:18] [VisionModule - VisionRunner - USBFrameProvider - opencv_HP_HD_Webcam] [ERROR] Exception on loop 14530
[2022-03-05 15:15:18] [VisionModule - VisionRunner - USBFrameProvider - opencv_HP_HD_Webcam] [ERROR] Exception on loop 14531
[2022-03-05 15:15:18] [VisionModule - VisionRunner - USBFrameProvider - opencv_HP_HD_Webcam] [ERROR] Exception on loop 14532
[2022-03-05 15:15:18] [VisionModule - VisionRunner - USBFrameProvider - opencv_HP_HD_Webcam] [ERROR] Exception on loop 14533
[2022-03-05 15:15:18] [VisionModule - VisionRunner - USBFrameProvider - opencv_HP_HD_Webcam] [ERROR] Exception on loop 14534
[2022-03-05 15:15:18] [VisionModule - VisionRunner - USBFrameProvider - opencv_HP_HD_Webcam] [ERROR] Exception on loop 14535
[2022-03-05 15:15:18] [VisionModule - VisionRunner - USBFrameProvider - opencv_HP_HD_Webcam] [ERROR] Exception on loop 14536
[2022-03-05 15:15:18] [VisionModule - VisionRunner - USBFrameProvider - opencv_HP_HD_Webcam] [ERROR] Exception on loop 14537
[2022-03-05 15:15:18] [VisionModule - VisionRunner - USBFrameProvider - opencv_HP_HD_Webcam] [ERROR] Exception on loop 14538
[2022-03-05 15:15:18] [VisionModule - VisionRunner - USBFrameProvider - opencv_HP_HD_Webcam] [ERROR] Exception on loop 14539
[2022-03-05 15:15:18] [VisionModule - VisionRunner - USBFrameProvider - opencv_HP_HD_Webcam] [ERROR] Exception on loop 14540
[2022-03-05 15:15:18] [VisionModule - VisionRunner - USBFrameProvider - opencv_HP_HD_Webcam] [ERROR] Exception on loop 14541
[2022-03-05 15:15:18] [VisionModule - VisionRunner - USBFrameProvider - opencv_HP_HD_Webcam] [ERROR] Exception on loop 14542
[2022-03-05 15:15:19] [VisionModule - VisionRunner - USBFrameProvider - opencv_HP_HD_Webcam] [ERROR] Exception on loop 14543
[2022-03-05 15:15:19] [VisionModule - VisionRunner - USBFrameProvider - opencv_HP_HD_Webcam] [ERROR] Exception on loop 14544
[2022-03-05 15:15:19] [VisionModule - VisionRunner - USBFrameProvider - opencv_HP_HD_Webcam] [ERROR] Exception on loop 14545
[2022-03-05 15:15:19] [VisionModule - VisionRunner - USBFrameProvider - opencv_HP_HD_Webcam] [ERROR] Exception on loop 14546
[2022-03-05 15:15:19] [VisionModule - VisionRunner - USBFrameProvider - opencv_HP_HD_Webcam] [ERROR] Exception on loop 14547
[2022-03-05 15:15:19] [VisionModule - VisionRunner - USBFrameProvider - opencv_HP_HD_Webcam] [ERROR] Exception on loop 14548
[2022-03-05 15:15:19] [VisionModule - VisionRunner - USBFrameProvider - opencv_HP_HD_Webcam] [ERROR] Exception on loop 14549
[2022-03-05 15:15:19] [VisionModule - VisionRunner - USBFrameProvider - opencv_HP_HD_Webcam] [ERROR] Exception on loop 14550
[2022-03-05 15:15:19] [VisionModule - VisionRunner - USBFrameProvider - opencv_HP_HD_Webcam] [ERROR] Exception on loop 14551
[2022-03-05 15:15:19] [VisionModule - VisionRunner - USBFrameProvider - opencv_HP_HD_Webcam] [ERROR] Exception on loop 14552
[2022-03-05 15:15:19] [VisionModule - VisionRunner - USBFrameProvider - opencv_HP_HD_Webcam] [ERROR] Exception on loop 14553
[2022-03-05 15:15:19] [VisionModule - VisionRunner - USBFrameProvider - opencv_HP_HD_Webcam] [ERROR] Exception on loop 14554
[2022-03-05 15:15:19] [VisionModule - VisionRunner - USBFrameProvider - opencv_HP_HD_Webcam] [ERROR] Exception on loop 14555
[2022-03-05 15:15:19] [VisionModule - VisionRunner - USBFrameProvider - opencv_HP_HD_Webcam] [ERROR] Exception on loop 14556
[2022-03-05 15:15:19] [VisionModule - VisionRunner - USBFrameProvider - opencv_HP_HD_Webcam] [ERROR] Exception on loop 14557
[2022-03-05 15:15:19] [VisionModule - VisionRunner - USBFrameProvider - opencv_HP_HD_Webcam] [ERROR] Exception on loop 14558
[2022-03-05 15:15:19] [VisionModule - VisionRunner - USBFrameProvider - opencv_HP_HD_Webcam] [ERROR] Exception on loop 14559
[2022-03-05 15:15:19] [VisionModule - VisionRunner - USBFrameProvider - opencv_HP_HD_Webcam] [ERROR] Exception on loop 14560
[2022-03-05 15:15:19] [VisionModule - VisionRunner - USBFrameProvider - opencv_HP_HD_Webcam] [ERROR] Exception on loop 14561
[2022-03-05 15:15:19] [VisionModule - VisionRunner - USBFrameProvider - opencv_HP_HD_Webcam] [ERROR] Exception on loop 14562
[2022-03-05 15:15:19] [VisionModule - VisionRunner - USBFrameProvider - opencv_HP_HD_Webcam] [ERROR] Exception on loop 14563
[2022-03-05 15:15:19] [VisionModule - VisionRunner - USBFrameProvider - opencv_HP_HD_Webcam] [ERROR] Exception on loop 14564
[2022-03-05 15:15:19] [VisionModule - VisionRunner - USBFrameProvider - opencv_HP_HD_Webcam] [ERROR] Exception on loop 14565
[2022-03-05 15:15:19] [VisionModule - VisionRunner - USBFrameProvider - opencv_HP_HD_Webcam] [ERROR] Exception on loop 14566
[2022-03-05 15:15:19] [VisionModule - VisionRunner - USBFrameProvider - opencv_HP_HD_Webcam] [ERROR] Exception on loop 14567
[2022-03-05 15:15:19] [VisionModule - VisionRunner - USBFrameProvider - opencv_HP_HD_Webcam] [ERROR] Exception on loop 14568
[2022-03-05 15:15:19] [VisionModule - VisionRunner - USBFrameProvider - opencv_HP_HD_Webcam] [ERROR] Exception on loop 14569
[2022-03-05 15:15:19] [VisionModule - VisionRunner - USBFrameProvider - opencv_HP_HD_Webcam] [ERROR] Exception on loop 14570
[2022-03-05 15:15:19] [VisionModule - VisionRunner - USBFrameProvider - opencv_HP_HD_Webcam] [ERROR] Exception on loop 14571
[2022-03-05 15:15:19] [VisionModule - VisionRunner - USBFrameProvider - opencv_HP_HD_Webcam] [ERROR] Exception on loop 14572
[2022-03-05 15:15:20] [VisionModule - VisionRunner - USBFrameProvider - opencv_HP_HD_Webcam] [ERROR] Exception on loop 14573
[2022-03-05 15:15:20] [VisionModule - VisionRunner - USBFrameProvider - opencv_HP_HD_Webcam] [ERROR] Exception on loop 14574
[2022-03-05 15:15:20] [VisionModule - VisionRunner - USBFrameProvider - opencv_HP_HD_Webcam] [ERROR] Exception on loop 14575
[2022-03-05 15:15:20] [VisionModule - VisionRunner - USBFrameProvider - opencv_HP_HD_Webcam] [ERROR] Exception on loop 14576
[2022-03-05 15:15:20] [VisionModule - VisionRunner - USBFrameProvider - opencv_HP_HD_Webcam] [ERROR] Exception on loop 14577
[2022-03-05 15:15:20] [VisionModule - VisionRunner - USBFrameProvider - opencv_HP_HD_Webcam] [ERROR] Exception on loop 14578
[2022-03-05 15:15:20] [VisionModule - VisionRunner - USBFrameProvider - opencv_HP_HD_Webcam] [ERROR] Exception on loop 14579
[2022-03-05 15:15:20] [VisionModule - VisionRunner - USBFrameProvider - opencv_HP_HD_Webcam] [ERROR] Exception on loop 14580
[2022-03-05 15:15:20] [VisionModule - VisionRunner - USBFrameProvider - opencv_HP_HD_Webcam] [ERROR] Exception on loop 14581
[2022-03-05 15:15:20] [VisionModule - VisionRunner - USBFrameProvider - opencv_HP_HD_Webcam] [ERROR] Exception on loop 14582
[2022-03-05 15:15:20] [VisionModule - VisionRunner - USBFrameProvider - opencv_HP_HD_Webcam] [ERROR] Exception on loop 14583
[2022-03-05 15:15:20] [VisionModule - VisionRunner - USBFrameProvider - opencv_HP_HD_Webcam] [ERROR] Exception on loop 14584
[2022-03-05 15:15:20] [VisionModule - VisionRunner - USBFrameProvider - opencv_HP_HD_Webcam] [ERROR] Exception on loop 14585
[2022-03-05 15:15:20] [VisionModule - VisionRunner - USBFrameProvider - opencv_HP_HD_Webcam] [ERROR] Exception on loop 14586
[2022-03-05 15:15:20] [VisionModule - VisionRunner - USBFrameProvider - opencv_HP_HD_Webcam] [ERROR] Exception on loop 14587
[2022-03-05 15:15:20] [VisionModule - VisionRunner - USBFrameProvider - opencv_HP_HD_Webcam] [ERROR] Exception on loop 14588
[2022-03-05 15:15:20] [VisionModule - VisionRunner - USBFrameProvider - opencv_HP_HD_Webcam] [ERROR] Exception on loop 14589
[2022-03-05 15:15:20] [VisionModule - VisionRunner - USBFrameProvider - opencv_HP_HD_Webcam] [ERROR] Exception on loop 14590
[2022-03-05 15:15:20] [VisionModule - VisionRunner - USBFrameProvider - opencv_HP_HD_Webcam] [ERROR] Exception on loop 14591
[2022-03-05 15:15:20] [VisionModule - VisionRunner - USBFrameProvider - opencv_HP_HD_Webcam] [ERROR] Exception on loop 14592
[2022-03-05 15:15:20] [VisionModule - VisionRunner - USBFrameProvider - opencv_HP_HD_Webcam] [ERROR] Exception on loop 14593
[2022-03-05 15:15:20] [VisionModule - VisionRunner - USBFrameProvider - opencv_HP_HD_Webcam] [ERROR] Exception on loop 14594
[2022-03-05 15:15:20] [VisionModule - VisionRunner - USBFrameProvider - opencv_HP_HD_Webcam] [ERROR] Exception on loop 14595
[2022-03-05 15:15:20] [VisionModule - VisionRunner - USBFrameProvider - opencv_HP_HD_Webcam] [ERROR] Exception on loop 14596
[2022-03-05 15:15:20] [VisionModule - VisionRunner - USBFrameProvider - opencv_HP_HD_Webcam] [ERROR] Exception on loop 14597
[2022-03-05 15:15:20] [VisionModule - VisionRunner - USBFrameProvider - opencv_HP_HD_Webcam] [ERROR] Exception on loop 14598
[2022-03-05 15:15:20] [VisionModule - VisionRunner - USBFrameProvider - opencv_HP_HD_Webcam] [ERROR] Exception on loop 14599
[2022-03-05 15:15:20] [VisionModule - VisionRunner - USBFrameProvider - opencv_HP_HD_Webcam] [ERROR] Exception on loop 14600
[2022-03-05 15:15:20] [VisionModule - VisionRunner - USBFrameProvider - opencv_HP_HD_Webcam] [ERROR] Exception on loop 14601
[2022-03-05 15:15:21] [VisionModule - VisionRunner - USBFrameProvider - opencv_HP_HD_Webcam] [ERROR] Exception on loop 14602
[2022-03-05 15:15:21] [VisionModule - VisionRunner - USBFrameProvider - opencv_HP_HD_Webcam] [ERROR] Exception on loop 14603
[2022-03-05 15:15:21] [VisionModule - VisionRunner - USBFrameProvider - opencv_HP_HD_Webcam] [ERROR] Exception on loop 14604
[2022-03-05 15:15:21] [VisionModule - VisionRunner - USBFrameProvider - opencv_HP_HD_Webcam] [ERROR] Exception on loop 14605
[2022-03-05 15:15:21] [VisionModule - VisionRunner - USBFrameProvider - opencv_HP_HD_Webcam] [ERROR] Exception on loop 14606
[2022-03-05 15:15:21] [VisionModule - VisionRunner - USBFrameProvider - opencv_HP_HD_Webcam] [ERROR] Exception on loop 14607
[2022-03-05 15:15:21] [VisionModule - VisionRunner - USBFrameProvider - opencv_HP_HD_Webcam] [ERROR] Exception on loop 14608
[2022-03-05 15:15:21] [VisionModule - VisionRunner - USBFrameProvider - opencv_HP_HD_Webcam] [ERROR] Exception on loop 14609
[2022-03-05 15:15:21] [VisionModule - VisionRunner - USBFrameProvider - opencv_HP_HD_Webcam] [ERROR] Exception on loop 14610
[2022-03-05 15:15:21] [VisionModule - VisionRunner - USBFrameProvider - opencv_HP_HD_Webcam] [ERROR] Exception on loop 14611
[2022-03-05 15:15:21] [VisionModule - VisionRunner - USBFrameProvider - opencv_HP_HD_Webcam] [ERROR] Exception on loop 14612
[2022-03-05 15:15:21] [VisionModule - VisionRunner - USBFrameProvider - opencv_HP_HD_Webcam] [ERROR] Exception on loop 14613
[2022-03-05 15:15:21] [VisionModule - VisionRunner - USBFrameProvider - opencv_HP_HD_Webcam] [ERROR] Exception on loop 14614
[2022-03-05 15:15:21] [VisionModule - VisionRunner - USBFrameProvider - opencv_HP_HD_Webcam] [ERROR] Exception on loop 14615
[2022-03-05 15:15:21] [VisionModule - VisionRunner - USBFrameProvider - opencv_HP_HD_Webcam] [ERROR] Exception on loop 14616
[2022-03-05 15:15:21] [VisionModule - VisionRunner - USBFrameProvider - opencv_HP_HD_Webcam] [ERROR] Exception on loop 14617
[2022-03-05 15:15:21] [VisionModule - VisionRunner - USBFrameProvider - opencv_HP_HD_Webcam] [ERROR] Exception on loop 14618
[2022-03-05 15:15:21] [VisionModule - VisionRunner - USBFrameProvider - opencv_HP_HD_Webcam] [ERROR] Exception on loop 14619
[2022-03-05 15:15:21] [VisionModule - VisionRunner - USBFrameProvider - opencv_HP_HD_Webcam] [ERROR] Exception on loop 14620
[2022-03-05 15:15:21] [VisionModule - VisionRunner - USBFrameProvider - opencv_HP_HD_Webcam] [ERROR] Exception on loop 14621
[2022-03-05 15:15:21] [VisionModule - VisionRunner - USBFrameProvider - opencv_HP_HD_Webcam] [ERROR] Exception on loop 14622
[2022-03-05 15:15:21] [VisionModule - VisionRunner - USBFrameProvider - opencv_HP_HD_Webcam] [ERROR] Exception on loop 14623
[2022-03-05 15:15:21] [VisionModule - VisionRunner - USBFrameProvider - opencv_HP_HD_Webcam] [ERROR] Exception on loop 14624
[2022-03-05 15:15:21] [VisionModule - VisionRunner - USBFrameProvider - opencv_HP_HD_Webcam] [ERROR] Exception on loop 14625
[2022-03-05 15:15:21] [VisionModule - VisionRunner - USBFrameProvider - opencv_HP_HD_Webcam] [ERROR] Exception on loop 14626
[2022-03-05 15:15:21] [VisionModule - VisionRunner - USBFrameProvider - opencv_HP_HD_Webcam] [ERROR] Exception on loop 14627
[2022-03-05 15:15:21] [VisionModule - VisionRunner - USBFrameProvider - opencv_HP_HD_Webcam] [ERROR] Exception on loop 14628
[2022-03-05 15:15:21] [VisionModule - VisionRunner - USBFrameProvider - opencv_HP_HD_Webcam] [ERROR] Exception on loop 14629
[2022-03-05 15:15:21] [VisionModule - VisionRunner - USBFrameProvider - opencv_HP_HD_Webcam] [ERROR] Exception on loop 14630
[2022-03-05 15:15:21] [VisionModule - VisionRunner - USBFrameProvider - opencv_HP_HD_Webcam] [ERROR] Exception on loop 14631
[2022-03-05 15:15:21] [VisionModule - VisionRunner - USBFrameProvider - opencv_HP_HD_Webcam] [ERROR] Exception on loop 14632
[2022-03-05 15:15:22] [VisionModule - VisionRunner - USBFrameProvider - opencv_HP_HD_Webcam] [ERROR] Exception on loop 14633
[2022-03-05 15:15:22] [VisionModule - VisionRunner - USBFrameProvider - opencv_HP_HD_Webcam] [ERROR] Exception on loop 14634
[2022-03-05 15:15:22] [VisionModule - VisionRunner - USBFrameProvider - opencv_HP_HD_Webcam] [ERROR] Exception on loop 14635
[2022-03-05 15:15:22] [VisionModule - VisionRunner - USBFrameProvider - opencv_HP_HD_Webcam] [ERROR] Exception on loop 14636
[2022-03-05 15:15:22] [VisionModule - VisionRunner - USBFrameProvider - opencv_HP_HD_Webcam] [ERROR] Exception on loop 14637
[2022-03-05 15:15:22] [VisionModule - VisionRunner - USBFrameProvider - opencv_HP_HD_Webcam] [ERROR] Exception on loop 14638
[2022-03-05 15:15:22] [VisionModule - VisionRunner - USBFrameProvider - opencv_HP_HD_Webcam] [ERROR] Exception on loop 14639
[2022-03-05 15:15:22] [VisionModule - VisionRunner - USBFrameProvider - opencv_HP_HD_Webcam] [ERROR] Exception on loop 14640
[2022-03-05 15:15:22] [VisionModule - VisionRunner - USBFrameProvider - opencv_HP_HD_Webcam] [ERROR] Exception on loop 14641
[2022-03-05 15:15:22] [VisionModule - VisionRunner - USBFrameProvider - opencv_HP_HD_Webcam] [ERROR] Exception on loop 14642
[2022-03-05 15:15:22] [VisionModule - VisionRunner - USBFrameProvider - opencv_HP_HD_Webcam] [ERROR] Exception on loop 14643
[2022-03-05 15:15:22] [VisionModule - VisionRunner - USBFrameProvider - opencv_HP_HD_Webcam] [ERROR] Exception on loop 14644
[2022-03-05 15:15:22] [VisionModule - VisionRunner - USBFrameProvider - opencv_HP_HD_Webcam] [ERROR] Exception on loop 14645
[2022-03-05 15:15:22] [VisionModule - VisionRunner - USBFrameProvider - opencv_HP_HD_Webcam] [ERROR] Exception on loop 14646
[2022-03-05 15:15:22] [VisionModule - VisionRunner - USBFrameProvider - opencv_HP_HD_Webcam] [ERROR] Exception on loop 14647
[2022-03-05 15:15:22] [VisionModule - VisionRunner - USBFrameProvider - opencv_HP_HD_Webcam] [ERROR] Exception on loop 14648
[2022-03-05 15:15:22] [VisionModule - VisionRunner - USBFrameProvider - opencv_HP_HD_Webcam] [ERROR] Exception on loop 14649
[2022-03-05 15:15:22] [VisionModule - VisionRunner - USBFrameProvider - opencv_HP_HD_Webcam] [ERROR] Exception on loop 14650
[2022-03-05 15:15:22] [VisionModule - VisionRunner - USBFrameProvider - opencv_HP_HD_Webcam] [ERROR] Exception on loop 14651
[2022-03-05 15:15:22] [VisionModule - VisionRunner - USBFrameProvider - opencv_HP_HD_Webcam] [ERROR] Exception on loop 14652
[2022-03-05 15:15:22] [VisionModule - VisionRunner - USBFrameProvider - opencv_HP_HD_Webcam] [ERROR] Exception on loop 14653
[2022-03-05 15:15:22] [VisionModule - VisionRunner - USBFrameProvider - opencv_HP_HD_Webcam] [ERROR] Exception on loop 14654
[2022-03-05 15:15:22] [VisionModule - VisionRunner - USBFrameProvider - opencv_HP_HD_Webcam] [ERROR] Exception on loop 14655
[2022-03-05 15:15:22] [VisionModule - VisionRunner - USBFrameProvider - opencv_HP_HD_Webcam] [ERROR] Exception on loop 14656
[2022-03-05 15:15:22] [VisionModule - VisionRunner - USBFrameProvider - opencv_HP_HD_Webcam] [ERROR] Exception on loop 14657
[2022-03-05 15:15:22] [VisionModule - VisionRunner - USBFrameProvider - opencv_HP_HD_Webcam] [ERROR] Exception on loop 14658
[2022-03-05 15:15:22] [VisionModule - VisionRunner - USBFrameProvider - opencv_HP_HD_Webcam] [ERROR] Exception on loop 14659
[2022-03-05 15:15:22] [VisionModule - VisionRunner - USBFrameProvider - opencv_HP_HD_Webcam] [ERROR] Exception on loop 14660
[2022-03-05 15:15:23] [VisionModule - VisionRunner - USBFrameProvider - opencv_HP_HD_Webcam] [ERROR] Exception on loop 14661
[2022-03-05 15:15:23] [VisionModule - VisionRunner - USBFrameProvider - opencv_HP_HD_Webcam] [ERROR] Exception on loop 14662
[2022-03-05 15:15:23] [VisionModule - VisionRunner - USBFrameProvider - opencv_HP_HD_Webcam] [ERROR] Exception on loop 14663
[2022-03-05 15:15:23] [VisionModule - VisionRunner - USBFrameProvider - opencv_HP_HD_Webcam] [ERROR] Exception on loop 14664
[2022-03-05 15:15:23] [VisionModule - VisionRunner - USBFrameProvider - opencv_HP_HD_Webcam] [ERROR] Exception on loop 14665
[2022-03-05 15:15:23] [VisionModule - VisionRunner - USBFrameProvider - opencv_HP_HD_Webcam] [ERROR] Exception on loop 14666
[2022-03-05 15:15:23] [VisionModule - VisionRunner - USBFrameProvider - opencv_HP_HD_Webcam] [ERROR] Exception on loop 14667
[2022-03-05 15:15:23] [VisionModule - VisionRunner - USBFrameProvider - opencv_HP_HD_Webcam] [ERROR] Exception on loop 14668
[2022-03-05 15:15:23] [VisionModule - VisionRunner - USBFrameProvider - opencv_HP_HD_Webcam] [ERROR] Exception on loop 14669
[2022-03-05 15:15:23] [VisionModule - VisionRunner - USBFrameProvider - opencv_HP_HD_Webcam] [ERROR] Exception on loop 14670
[2022-03-05 15:15:23] [VisionModule - VisionRunner - USBFrameProvider - opencv_HP_HD_Webcam] [ERROR] Exception on loop 14671
[2022-03-05 15:15:23] [VisionModule - VisionRunner - USBFrameProvider - opencv_HP_HD_Webcam] [ERROR] Exception on loop 14672
[2022-03-05 15:15:23] [VisionModule - VisionRunner - USBFrameProvider - opencv_HP_HD_Webcam] [ERROR] Exception on loop 14673
[2022-03-05 15:15:23] [VisionModule - VisionRunner - USBFrameProvider - opencv_HP_HD_Webcam] [ERROR] Exception on loop 14674
[2022-03-05 15:15:23] [VisionModule - VisionRunner - USBFrameProvider - opencv_HP_HD_Webcam] [ERROR] Exception on loop 14675
[2022-03-05 15:15:23] [VisionModule - VisionRunner - USBFrameProvider - opencv_HP_HD_Webcam] [ERROR] Exception on loop 14676
[2022-03-05 15:15:23] [VisionModule - VisionRunner - USBFrameProvider - opencv_HP_HD_Webcam] [ERROR] Exception on loop 14677
[2022-03-05 15:15:23] [VisionModule - VisionRunner - USBFrameProvider - opencv_HP_HD_Webcam] [ERROR] Exception on loop 14678
[2022-03-05 15:15:23] [VisionModule - VisionRunner - USBFrameProvider - opencv_HP_HD_Webcam] [ERROR] Exception on loop 14679
[2022-03-05 15:15:23] [VisionModule - VisionRunner - USBFrameProvider - opencv_HP_HD_Webcam] [ERROR] Exception on loop 14680
[2022-03-05 15:15:23] [VisionModule - VisionRunner - USBFrameProvider - opencv_HP_HD_Webcam] [ERROR] Exception on loop 14681
[2022-03-05 15:15:23] [VisionModule - VisionRunner - USBFrameProvider - opencv_HP_HD_Webcam] [ERROR] Exception on loop 14682
[2022-03-05 15:15:23] [VisionModule - VisionRunner - USBFrameProvider - opencv_HP_HD_Webcam] [ERROR] Exception on loop 14683
[2022-03-05 15:15:23] [VisionModule - VisionRunner - USBFrameProvider - opencv_HP_HD_Webcam] [ERROR] Exception on loop 14684
[2022-03-05 15:15:23] [VisionModule - VisionRunner - USBFrameProvider - opencv_HP_HD_Webcam] [ERROR] Exception on loop 14685
[2022-03-05 15:15:23] [VisionModule - VisionRunner - USBFrameProvider - opencv_HP_HD_Webcam] [ERROR] Exception on loop 14686
[2022-03-05 15:15:23] [VisionModule - VisionRunner - USBFrameProvider - opencv_HP_HD_Webcam] [ERROR] Exception on loop 14687
[2022-03-05 15:15:23] [VisionModule - VisionRunner - USBFrameProvider - opencv_HP_HD_Webcam] [ERROR] Exception on loop 14688
[2022-03-05 15:15:23] [VisionModule - VisionRunner - USBFrameProvider - opencv_HP_HD_Webcam] [ERROR] Exception on loop 14689
[2022-03-05 15:15:23] [VisionModule - VisionRunner - USBFrameProvider - opencv_HP_HD_Webcam] [ERROR] Exception on loop 14690
[2022-03-05 15:15:23] [VisionModule - VisionRunner - USBFrameProvider - opencv_HP_HD_Webcam] [ERROR] Exception on loop 14691
[2022-03-05 15:15:24] [VisionModule - VisionRunner - USBFrameProvider - opencv_HP_HD_Webcam] [ERROR] Exception on loop 14692
[2022-03-05 15:15:24] [VisionModule - VisionRunner - USBFrameProvider - opencv_HP_HD_Webcam] [ERROR] Exception on loop 14693
[2022-03-05 15:15:24] [VisionModule - VisionRunner - USBFrameProvider - opencv_HP_HD_Webcam] [ERROR] Exception on loop 14694
[2022-03-05 15:15:24] [VisionModule - VisionRunner - USBFrameProvider - opencv_HP_HD_Webcam] [ERROR] Exception on loop 14695
[2022-03-05 15:15:24] [VisionModule - VisionRunner - USBFrameProvider - opencv_HP_HD_Webcam] [ERROR] Exception on loop 14696
[2022-03-05 15:15:24] [VisionModule - VisionRunner - USBFrameProvider - opencv_HP_HD_Webcam] [ERROR] Exception on loop 14697
[2022-03-05 15:15:24] [VisionModule - VisionRunner - USBFrameProvider - opencv_HP_HD_Webcam] [ERROR] Exception on loop 14698
[2022-03-05 15:15:24] [VisionModule - VisionRunner - USBFrameProvider - opencv_HP_HD_Webcam] [ERROR] Exception on loop 14699
[2022-03-05 15:15:24] [VisionModule - VisionRunner - USBFrameProvider - opencv_HP_HD_Webcam] [ERROR] Exception on loop 14700
[2022-03-05 15:15:24] [VisionModule - VisionRunner - USBFrameProvider - opencv_HP_HD_Webcam] [ERROR] Exception on loop 14701
[2022-03-05 15:15:24] [VisionModule - VisionRunner - USBFrameProvider - opencv_HP_HD_Webcam] [ERROR] Exception on loop 14702
[2022-03-05 15:15:24] [VisionModule - VisionRunner - USBFrameProvider - opencv_HP_HD_Webcam] [ERROR] Exception on loop 14703
[2022-03-05 15:15:24] [VisionModule - VisionRunner - USBFrameProvider - opencv_HP_HD_Webcam] [ERROR] Exception on loop 14704
[2022-03-05 15:15:24] [VisionModule - VisionRunner - USBFrameProvider - opencv_HP_HD_Webcam] [ERROR] Exception on loop 14705
[2022-03-05 15:15:24] [VisionModule - VisionRunner - USBFrameProvider - opencv_HP_HD_Webcam] [ERROR] Exception on loop 14706
[2022-03-05 15:15:24] [VisionModule - VisionRunner - USBFrameProvider - opencv_HP_HD_Webcam] [ERROR] Exception on loop 14707
[2022-03-05 15:15:24] [VisionModule - VisionRunner - USBFrameProvider - opencv_HP_HD_Webcam] [ERROR] Exception on loop 14708
[2022-03-05 15:15:24] [VisionModule - VisionRunner - USBFrameProvider - opencv_HP_HD_Webcam] [ERROR] Exception on loop 14709
[2022-03-05 15:15:24] [VisionModule - VisionRunner - USBFrameProvider - opencv_HP_HD_Webcam] [ERROR] Exception on loop 14710
[2022-03-05 15:15:24] [VisionModule - VisionRunner - USBFrameProvider - opencv_HP_HD_Webcam] [ERROR] Exception on loop 14711
[2022-03-05 15:15:24] [VisionModule - VisionRunner - USBFrameProvider - opencv_HP_HD_Webcam] [ERROR] Exception on loop 14712
[2022-03-05 15:15:24] [VisionModule - VisionRunner - USBFrameProvider - opencv_HP_HD_Webcam] [ERROR] Exception on loop 14713
[2022-03-05 15:15:24] [VisionModule - VisionRunner - USBFrameProvider - opencv_HP_HD_Webcam] [ERROR] Exception on loop 14714
[2022-03-05 15:15:24] [VisionModule - VisionRunner - USBFrameProvider - opencv_HP_HD_Webcam] [ERROR] Exception on loop 14715
[2022-03-05 15:15:24] [VisionModule - VisionRunner - USBFrameProvider - opencv_HP_HD_Webcam] [ERROR] Exception on loop 14716
[2022-03-05 15:15:24] [VisionModule - VisionRunner - USBFrameProvider - opencv_HP_HD_Webcam] [ERROR] Exception on loop 14717
[2022-03-05 15:15:24] [VisionModule - VisionRunner - USBFrameProvider - opencv_HP_HD_Webcam] [ERROR] Exception on loop 14718
[2022-03-05 15:15:24] [VisionModule - VisionRunner - USBFrameProvider - opencv_HP_HD_Webcam] [ERROR] Exception on loop 14719
[2022-03-05 15:15:24] [VisionModule - VisionRunner - USBFrameProvider - opencv_HP_HD_Webcam] [ERROR] Exception on loop 14720
[2022-03-05 15:15:25] [VisionModule - VisionRunner - USBFrameProvider - opencv_HP_HD_Webcam] [ERROR] Exception on loop 14721
[2022-03-05 15:15:25] [VisionModule - VisionRunner - USBFrameProvider - opencv_HP_HD_Webcam] [ERROR] Exception on loop 14722
[2022-03-05 15:15:25] [VisionModule - VisionRunner - USBFrameProvider - opencv_HP_HD_Webcam] [ERROR] Exception on loop 14723
[2022-03-05 15:15:25] [VisionModule - VisionRunner - USBFrameProvider - opencv_HP_HD_Webcam] [ERROR] Exception on loop 14724
[2022-03-05 15:15:25] [VisionModule - VisionRunner - USBFrameProvider - opencv_HP_HD_Webcam] [ERROR] Exception on loop 14725
[2022-03-05 15:15:25] [VisionModule - VisionRunner - USBFrameProvider - opencv_HP_HD_Webcam] [ERROR] Exception on loop 14726
[2022-03-05 15:15:25] [VisionModule - VisionRunner - USBFrameProvider - opencv_HP_HD_Webcam] [ERROR] Exception on loop 14727
[2022-03-05 15:15:25] [VisionModule - VisionRunner - USBFrameProvider - opencv_HP_HD_Webcam] [ERROR] Exception on loop 14728
[2022-03-05 15:15:25] [VisionModule - VisionRunner - USBFrameProvider - opencv_HP_HD_Webcam] [ERROR] Exception on loop 14729
[2022-03-05 15:15:25] [VisionModule - VisionRunner - USBFrameProvider - opencv_HP_HD_Webcam] [ERROR] Exception on loop 14730
[2022-03-05 15:15:25] [VisionModule - VisionRunner - USBFrameProvider - opencv_HP_HD_Webcam] [ERROR] Exception on loop 14731
[2022-03-05 15:15:25] [VisionModule - VisionRunner - USBFrameProvider - opencv_HP_HD_Webcam] [ERROR] Exception on loop 14732
[2022-03-05 15:15:25] [VisionModule - VisionRunner - USBFrameProvider - opencv_HP_HD_Webcam] [ERROR] Exception on loop 14733
[2022-03-05 15:15:25] [VisionModule - VisionRunner - USBFrameProvider - opencv_HP_HD_Webcam] [ERROR] Exception on loop 14734
[2022-03-05 15:15:25] [VisionModule - VisionRunner - USBFrameProvider - opencv_HP_HD_Webcam] [ERROR] Exception on loop 14735
[2022-03-05 15:15:25] [VisionModule - VisionRunner - USBFrameProvider - opencv_HP_HD_Webcam] [ERROR] Exception on loop 14736
[2022-03-05 15:15:25] [VisionModule - VisionRunner - USBFrameProvider - opencv_HP_HD_Webcam] [ERROR] Exception on loop 14737
[2022-03-05 15:15:25] [VisionModule - VisionRunner - USBFrameProvider - opencv_HP_HD_Webcam] [ERROR] Exception on loop 14738
[2022-03-05 15:15:25] [VisionModule - VisionRunner - USBFrameProvider - opencv_HP_HD_Webcam] [ERROR] Exception on loop 14739
[2022-03-05 15:15:25] [VisionModule - VisionRunner - USBFrameProvider - opencv_HP_HD_Webcam] [ERROR] Exception on loop 14740
[2022-03-05 15:15:25] [VisionModule - VisionRunner - USBFrameProvider - opencv_HP_HD_Webcam] [ERROR] Exception on loop 14741
[2022-03-05 15:15:25] [VisionModule - VisionRunner - USBFrameProvider - opencv_HP_HD_Webcam] [ERROR] Exception on loop 14742
[2022-03-05 15:15:25] [VisionModule - VisionRunner - USBFrameProvider - opencv_HP_HD_Webcam] [ERROR] Exception on loop 14743
[2022-03-05 15:15:25] [VisionModule - VisionRunner - USBFrameProvider - opencv_HP_HD_Webcam] [ERROR] Exception on loop 14744
[2022-03-05 15:15:25] [VisionModule - VisionRunner - USBFrameProvider - opencv_HP_HD_Webcam] [ERROR] Exception on loop 14745
[2022-03-05 15:15:25] [VisionModule - VisionRunner - USBFrameProvider - opencv_HP_HD_Webcam] [ERROR] Exception on loop 14746
[2022-03-05 15:15:25] [VisionModule - VisionRunner - USBFrameProvider - opencv_HP_HD_Webcam] [ERROR] Exception on loop 14747
[2022-03-05 15:15:25] [VisionModule - VisionRunner - USBFrameProvider - opencv_HP_HD_Webcam] [ERROR] Exception on loop 14748
[2022-03-05 15:15:25] [VisionModule - VisionRunner - USBFrameProvider - opencv_HP_HD_Webcam] [ERROR] Exception on loop 14749
[2022-03-05 15:15:25] [VisionModule - VisionRunner - USBFrameProvider - opencv_HP_HD_Webcam] [ERROR] Exception on loop 14750
[2022-03-05 15:15:26] [VisionModule - VisionRunner - USBFrameProvider - opencv_HP_HD_Webcam] [ERROR] Exception on loop 14751
[2022-03-05 15:15:26] [VisionModule - VisionRunner - USBFrameProvider - opencv_HP_HD_Webcam] [ERROR] Exception on loop 14752
[2022-03-05 15:15:26] [VisionModule - VisionRunner - USBFrameProvider - opencv_HP_HD_Webcam] [ERROR] Exception on loop 14753
[2022-03-05 15:15:26] [VisionModule - VisionRunner - USBFrameProvider - opencv_HP_HD_Webcam] [ERROR] Exception on loop 14754
[2022-03-05 15:15:26] [VisionModule - VisionRunner - USBFrameProvider - opencv_HP_HD_Webcam] [ERROR] Exception on loop 14755
[2022-03-05 15:15:26] [VisionModule - VisionRunner - USBFrameProvider - opencv_HP_HD_Webcam] [ERROR] Exception on loop 14756
[2022-03-05 15:15:26] [VisionModule - VisionRunner - USBFrameProvider - opencv_HP_HD_Webcam] [ERROR] Exception on loop 14757
[2022-03-05 15:15:26] [VisionModule - VisionRunner - USBFrameProvider - opencv_HP_HD_Webcam] [ERROR] Exception on loop 14758
[2022-03-05 15:15:26] [VisionModule - VisionRunner - USBFrameProvider - opencv_HP_HD_Webcam] [ERROR] Exception on loop 14759
[2022-03-05 15:15:26] [VisionModule - VisionRunner - USBFrameProvider - opencv_HP_HD_Webcam] [ERROR] Exception on loop 14760
[2022-03-05 15:15:26] [VisionModule - VisionRunner - USBFrameProvider - opencv_HP_HD_Webcam] [ERROR] Exception on loop 14761
[2022-03-05 15:15:26] [VisionModule - VisionRunner - USBFrameProvider - opencv_HP_HD_Webcam] [ERROR] Exception on loop 14762
[2022-03-05 15:15:26] [VisionModule - VisionRunner - USBFrameProvider - opencv_HP_HD_Webcam] [ERROR] Exception on loop 14763
[2022-03-05 15:15:26] [VisionModule - VisionRunner - USBFrameProvider - opencv_HP_HD_Webcam] [ERROR] Exception on loop 14764
[2022-03-05 15:15:26] [VisionModule - VisionRunner - USBFrameProvider - opencv_HP_HD_Webcam] [ERROR] Exception on loop 14765
[2022-03-05 15:15:26] [VisionModule - VisionRunner - USBFrameProvider - opencv_HP_HD_Webcam] [ERROR] Exception on loop 14766
[2022-03-05 15:15:26] [VisionModule - VisionRunner - USBFrameProvider - opencv_HP_HD_Webcam] [ERROR] Exception on loop 14767
[2022-03-05 15:15:26] [VisionModule - VisionRunner - USBFrameProvider - opencv_HP_HD_Webcam] [ERROR] Exception on loop 14768
[2022-03-05 15:15:26] [VisionModule - VisionRunner - USBFrameProvider - opencv_HP_HD_Webcam] [ERROR] Exception on loop 14769
[2022-03-05 15:15:26] [VisionModule - VisionRunner - USBFrameProvider - opencv_HP_HD_Webcam] [ERROR] Exception on loop 14770
[2022-03-05 15:15:26] [VisionModule - VisionRunner - USBFrameProvider - opencv_HP_HD_Webcam] [ERROR] Exception on loop 14771
[2022-03-05 15:15:26] [VisionModule - VisionRunner - USBFrameProvider - opencv_HP_HD_Webcam] [ERROR] Exception on loop 14772
[2022-03-05 15:15:26] [VisionModule - VisionRunner - USBFrameProvider - opencv_HP_HD_Webcam] [ERROR] Exception on loop 14773
[2022-03-05 15:15:26] [VisionModule - VisionRunner - USBFrameProvider - opencv_HP_HD_Webcam] [ERROR] Exception on loop 14774
[2022-03-05 15:15:26] [VisionModule - VisionRunner - USBFrameProvider - opencv_HP_HD_Webcam] [ERROR] Exception on loop 14775
[2022-03-05 15:15:26] [VisionModule - VisionRunner - USBFrameProvider - opencv_HP_HD_Webcam] [ERROR] Exception on loop 14776
[2022-03-05 15:15:26] [VisionModule - VisionRunner - USBFrameProvider - opencv_HP_HD_Webcam] [ERROR] Exception on loop 14777
[2022-03-05 15:15:26] [VisionModule - VisionRunner - USBFrameProvider - opencv_HP_HD_Webcam] [ERROR] Exception on loop 14778
[2022-03-05 15:15:26] [VisionModule - VisionRunner - USBFrameProvider - opencv_HP_HD_Webcam] [ERROR] Exception on loop 14779
[2022-03-05 15:15:26] [VisionModule - VisionRunner - USBFrameProvider - opencv_HP_HD_Webcam] [ERROR] Exception on loop 14780
[2022-03-05 15:15:27] [VisionModule - VisionRunner - USBFrameProvider - opencv_HP_HD_Webcam] [ERROR] Exception on loop 14781
[2022-03-05 15:15:27] [VisionModule - VisionRunner - USBFrameProvider - opencv_HP_HD_Webcam] [ERROR] Exception on loop 14782
[2022-03-05 15:15:27] [VisionModule - VisionRunner - USBFrameProvider - opencv_HP_HD_Webcam] [ERROR] Exception on loop 14783
[2022-03-05 15:15:27] [VisionModule - VisionRunner - USBFrameProvider - opencv_HP_HD_Webcam] [ERROR] Exception on loop 14784
[2022-03-05 15:15:27] [VisionModule - VisionRunner - USBFrameProvider - opencv_HP_HD_Webcam] [ERROR] Exception on loop 14785
[2022-03-05 15:15:27] [VisionModule - VisionRunner - USBFrameProvider - opencv_HP_HD_Webcam] [ERROR] Exception on loop 14786
[2022-03-05 15:15:27] [VisionModule - VisionRunner - USBFrameProvider - opencv_HP_HD_Webcam] [ERROR] Exception on loop 14787
[2022-03-05 15:15:27] [VisionModule - VisionRunner - USBFrameProvider - opencv_HP_HD_Webcam] [ERROR] Exception on loop 14788
[2022-03-05 15:15:27] [VisionModule - VisionRunner - USBFrameProvider - opencv_HP_HD_Webcam] [ERROR] Exception on loop 14789
[2022-03-05 15:15:27] [VisionModule - VisionRunner - USBFrameProvider - opencv_HP_HD_Webcam] [ERROR] Exception on loop 14790
[2022-03-05 15:15:27] [VisionModule - VisionRunner - USBFrameProvider - opencv_HP_HD_Webcam] [ERROR] Exception on loop 14791
[2022-03-05 15:15:27] [VisionModule - VisionRunner - USBFrameProvider - opencv_HP_HD_Webcam] [ERROR] Exception on loop 14792
[2022-03-05 15:15:27] [VisionModule - VisionRunner - USBFrameProvider - opencv_HP_HD_Webcam] [ERROR] Exception on loop 14793
[2022-03-05 15:15:27] [VisionModule - VisionRunner - USBFrameProvider - opencv_HP_HD_Webcam] [ERROR] Exception on loop 14794
[2022-03-05 15:15:27] [VisionModule - VisionRunner - USBFrameProvider - opencv_HP_HD_Webcam] [ERROR] Exception on loop 14795
[2022-03-05 15:15:27] [VisionModule - VisionRunner - USBFrameProvider - opencv_HP_HD_Webcam] [ERROR] Exception on loop 14796
[2022-03-05 15:15:27] [VisionModule - VisionRunner - USBFrameProvider - opencv_HP_HD_Webcam] [ERROR] Exception on loop 14797
[2022-03-05 15:15:27] [VisionModule - VisionRunner - USBFrameProvider - opencv_HP_HD_Webcam] [ERROR] Exception on loop 14798
[2022-03-05 15:15:27] [VisionModule - VisionRunner - USBFrameProvider - opencv_HP_HD_Webcam] [ERROR] Exception on loop 14799
[2022-03-05 15:15:27] [VisionModule - VisionRunner - USBFrameProvider - opencv_HP_HD_Webcam] [ERROR] Exception on loop 14800
[2022-03-05 15:15:27] [VisionModule - VisionRunner - USBFrameProvider - opencv_HP_HD_Webcam] [ERROR] Exception on loop 14801
[2022-03-05 15:15:27] [VisionModule - VisionRunner - USBFrameProvider - opencv_HP_HD_Webcam] [ERROR] Exception on loop 14802
[2022-03-05 15:15:27] [VisionModule - VisionRunner - USBFrameProvider - opencv_HP_HD_Webcam] [ERROR] Exception on loop 14803
[2022-03-05 15:15:27] [VisionModule - VisionRunner - USBFrameProvider - opencv_HP_HD_Webcam] [ERROR] Exception on loop 14804
[2022-03-05 15:15:27] [VisionModule - VisionRunner - USBFrameProvider - opencv_HP_HD_Webcam] [ERROR] Exception on loop 14805
[2022-03-05 15:15:27] [VisionModule - VisionRunner - USBFrameProvider - opencv_HP_HD_Webcam] [ERROR] Exception on loop 14806
[2022-03-05 15:15:27] [VisionModule - VisionRunner - USBFrameProvider - opencv_HP_HD_Webcam] [ERROR] Exception on loop 14807
[2022-03-05 15:15:27] [VisionModule - VisionRunner - USBFrameProvider - opencv_HP_HD_Webcam] [ERROR] Exception on loop 14808
[2022-03-05 15:15:27] [VisionModule - VisionRunner - USBFrameProvider - opencv_HP_HD_Webcam] [ERROR] Exception on loop 14809
[2022-03-05 15:15:27] [VisionModule - VisionRunner - USBFrameProvider - opencv_HP_HD_Webcam] [ERROR] Exception on loop 14810
[2022-03-05 15:15:28] [VisionModule - VisionRunner - USBFrameProvider - opencv_HP_HD_Webcam] [ERROR] Exception on loop 14811
[2022-03-05 15:15:28] [VisionModule - VisionRunner - USBFrameProvider - opencv_HP_HD_Webcam] [ERROR] Exception on loop 14812
[2022-03-05 15:15:28] [VisionModule - VisionRunner - USBFrameProvider - opencv_HP_HD_Webcam] [ERROR] Exception on loop 14813
[2022-03-05 15:15:28] [VisionModule - VisionRunner - USBFrameProvider - opencv_HP_HD_Webcam] [ERROR] Exception on loop 14814
[2022-03-05 15:15:28] [VisionModule - VisionRunner - USBFrameProvider - opencv_HP_HD_Webcam] [ERROR] Exception on loop 14815
[2022-03-05 15:15:28] [VisionModule - VisionRunner - USBFrameProvider - opencv_HP_HD_Webcam] [ERROR] Exception on loop 14816
[2022-03-05 15:15:28] [VisionModule - VisionRunner - USBFrameProvider - opencv_HP_HD_Webcam] [ERROR] Exception on loop 14817
[2022-03-05 15:15:28] [VisionModule - VisionRunner - USBFrameProvider - opencv_HP_HD_Webcam] [ERROR] Exception on loop 14818
[2022-03-05 15:15:28] [VisionModule - VisionRunner - USBFrameProvider - opencv_HP_HD_Webcam] [ERROR] Exception on loop 14819
[2022-03-05 15:15:28] [VisionModule - VisionRunner - USBFrameProvider - opencv_HP_HD_Webcam] [ERROR] Exception on loop 14820
[2022-03-05 15:15:28] [VisionModule - VisionRunner - USBFrameProvider - opencv_HP_HD_Webcam] [ERROR] Exception on loop 14821
[2022-03-05 15:15:28] [VisionModule - VisionRunner - USBFrameProvider - opencv_HP_HD_Webcam] [ERROR] Exception on loop 14822
[2022-03-05 15:15:28] [VisionModule - VisionRunner - USBFrameProvider - opencv_HP_HD_Webcam] [ERROR] Exception on loop 14823
[2022-03-05 15:15:28] [VisionModule - VisionRunner - USBFrameProvider - opencv_HP_HD_Webcam] [ERROR] Exception on loop 14824
[2022-03-05 15:15:28] [VisionModule - VisionRunner - USBFrameProvider - opencv_HP_HD_Webcam] [ERROR] Exception on loop 14825
[2022-03-05 15:15:28] [VisionModule - VisionRunner - USBFrameProvider - opencv_HP_HD_Webcam] [ERROR] Exception on loop 14826
[2022-03-05 15:15:28] [VisionModule - VisionRunner - USBFrameProvider - opencv_HP_HD_Webcam] [ERROR] Exception on loop 14827
[2022-03-05 15:15:28] [VisionModule - VisionRunner - USBFrameProvider - opencv_HP_HD_Webcam] [ERROR] Exception on loop 14828
[2022-03-05 15:15:28] [VisionModule - VisionRunner - USBFrameProvider - opencv_HP_HD_Webcam] [ERROR] Exception on loop 14829
[2022-03-05 15:15:28] [VisionModule - VisionRunner - USBFrameProvider - opencv_HP_HD_Webcam] [ERROR] Exception on loop 14830
[2022-03-05 15:15:28] [VisionModule - VisionRunner - USBFrameProvider - opencv_HP_HD_Webcam] [ERROR] Exception on loop 14831
[2022-03-05 15:15:28] [VisionModule - VisionRunner - USBFrameProvider - opencv_HP_HD_Webcam] [ERROR] Exception on loop 14832
[2022-03-05 15:15:28] [VisionModule - VisionRunner - USBFrameProvider - opencv_HP_HD_Webcam] [ERROR] Exception on loop 14833
[2022-03-05 15:15:28] [VisionModule - VisionRunner - USBFrameProvider - opencv_HP_HD_Webcam] [ERROR] Exception on loop 14834
[2022-03-05 15:15:28] [VisionModule - VisionRunner - USBFrameProvider - opencv_HP_HD_Webcam] [ERROR] Exception on loop 14835
[2022-03-05 15:15:28] [VisionModule - VisionRunner - USBFrameProvider - opencv_HP_HD_Webcam] [ERROR] Exception on loop 14836
[2022-03-05 15:15:28] [VisionModule - VisionRunner - USBFrameProvider - opencv_HP_HD_Webcam] [ERROR] Exception on loop 14837
[2022-03-05 15:15:28] [VisionModule - VisionRunner - USBFrameProvider - opencv_HP_HD_Webcam] [ERROR] Exception on loop 14838
[2022-03-05 15:15:28] [VisionModule - VisionRunner - USBFrameProvider - opencv_HP_HD_Webcam] [ERROR] Exception on loop 14839
[2022-03-05 15:15:28] [VisionModule - VisionRunner - USBFrameProvider - opencv_HP_HD_Webcam] [ERROR] Exception on loop 14840
[2022-03-05 15:15:29] [VisionModule - VisionRunner - USBFrameProvider - opencv_HP_HD_Webcam] [ERROR] Exception on loop 14841
[2022-03-05 15:15:29] [VisionModule - VisionRunner - USBFrameProvider - opencv_HP_HD_Webcam] [ERROR] Exception on loop 14842
[2022-03-05 15:15:29] [VisionModule - VisionRunner - USBFrameProvider - opencv_HP_HD_Webcam] [ERROR] Exception on loop 14843
[2022-03-05 15:15:29] [VisionModule - VisionRunner - USBFrameProvider - opencv_HP_HD_Webcam] [ERROR] Exception on loop 14844
[2022-03-05 15:15:29] [VisionModule - VisionRunner - USBFrameProvider - opencv_HP_HD_Webcam] [ERROR] Exception on loop 14845
[2022-03-05 15:15:29] [VisionModule - VisionRunner - USBFrameProvider - opencv_HP_HD_Webcam] [ERROR] Exception on loop 14846
[2022-03-05 15:15:29] [VisionModule - VisionRunner - USBFrameProvider - opencv_HP_HD_Webcam] [ERROR] Exception on loop 14847
[2022-03-05 15:15:29] [VisionModule - VisionRunner - USBFrameProvider - opencv_HP_HD_Webcam] [ERROR] Exception on loop 14848
[2022-03-05 15:15:29] [VisionModule - VisionRunner - USBFrameProvider - opencv_HP_HD_Webcam] [ERROR] Exception on loop 14849
[2022-03-05 15:15:29] [VisionModule - VisionRunner - USBFrameProvider - opencv_HP_HD_Webcam] [ERROR] Exception on loop 14850
[2022-03-05 15:15:29] [VisionModule - VisionRunner - USBFrameProvider - opencv_HP_HD_Webcam] [ERROR] Exception on loop 14851
[2022-03-05 15:15:29] [VisionModule - VisionRunner - USBFrameProvider - opencv_HP_HD_Webcam] [ERROR] Exception on loop 14852
[2022-03-05 15:15:29] [VisionModule - VisionRunner - USBFrameProvider - opencv_HP_HD_Webcam] [ERROR] Exception on loop 14853
[2022-03-05 15:15:29] [VisionModule - VisionRunner - USBFrameProvider - opencv_HP_HD_Webcam] [ERROR] Exception on loop 14854
[2022-03-05 15:15:29] [VisionModule - VisionRunner - USBFrameProvider - opencv_HP_HD_Webcam] [ERROR] Exception on loop 14855
[2022-03-05 15:15:29] [VisionModule - VisionRunner - USBFrameProvider - opencv_HP_HD_Webcam] [ERROR] Exception on loop 14856
[2022-03-05 15:15:29] [VisionModule - VisionRunner - USBFrameProvider - opencv_HP_HD_Webcam] [ERROR] Exception on loop 14857
[2022-03-05 15:15:29] [VisionModule - VisionRunner - USBFrameProvider - opencv_HP_HD_Webcam] [ERROR] Exception on loop 14858
[2022-03-05 15:15:29] [VisionModule - VisionRunner - USBFrameProvider - opencv_HP_HD_Webcam] [ERROR] Exception on loop 14859
[2022-03-05 15:15:29] [VisionModule - VisionRunner - USBFrameProvider - opencv_HP_HD_Webcam] [ERROR] Exception on loop 14860
[2022-03-05 15:15:29] [VisionModule - VisionRunner - USBFrameProvider - opencv_HP_HD_Webcam] [ERROR] Exception on loop 14861
[2022-03-05 15:15:29] [VisionModule - VisionRunner - USBFrameProvider - opencv_HP_HD_Webcam] [ERROR] Exception on loop 14862
[2022-03-05 15:15:29] [VisionModule - VisionRunner - USBFrameProvider - opencv_HP_HD_Webcam] [ERROR] Exception on loop 14863
[2022-03-05 15:15:29] [VisionModule - VisionRunner - USBFrameProvider - opencv_HP_HD_Webcam] [ERROR] Exception on loop 14864
[2022-03-05 15:15:29] [General - MetricsPublisher] [DEBUG] Ignoring metrics on non-Pi devices
[2022-03-05 15:15:29] [WebServer - Server] [DEBUG] Handled HTTP POST request from [0:0:0:0:0:0:0:1] in 4.2923ms
[2022-03-05 15:15:29] [VisionModule - VisionRunner - USBFrameProvider - opencv_HP_HD_Webcam] [ERROR] Exception on loop 14865
[2022-03-05 15:15:29] [VisionModule - VisionRunner - USBFrameProvider - opencv_HP_HD_Webcam] [ERROR] Exception on loop 14866
[2022-03-05 15:15:29] [VisionModule - VisionRunner - USBFrameProvider - opencv_HP_HD_Webcam] [ERROR] Exception on loop 14867
[2022-03-05 15:15:29] [VisionModule - VisionRunner - USBFrameProvider - opencv_HP_HD_Webcam] [ERROR] Exception on loop 14868
[2022-03-05 15:15:29] [VisionModule - VisionRunner - USBFrameProvider - opencv_HP_HD_Webcam] [ERROR] Exception on loop 14869
[2022-03-05 15:15:30] [VisionModule - VisionRunner - USBFrameProvider - opencv_HP_HD_Webcam] [ERROR] Exception on loop 14870
[2022-03-05 15:15:30] [VisionModule - VisionRunner - USBFrameProvider - opencv_HP_HD_Webcam] [ERROR] Exception on loop 14871
[2022-03-05 15:15:30] [VisionModule - VisionRunner - USBFrameProvider - opencv_HP_HD_Webcam] [ERROR] Exception on loop 14872
[2022-03-05 15:15:30] [VisionModule - VisionRunner - USBFrameProvider - opencv_HP_HD_Webcam] [ERROR] Exception on loop 14873
[2022-03-05 15:15:30] [VisionModule - VisionRunner - USBFrameProvider - opencv_HP_HD_Webcam] [ERROR] Exception on loop 14874
[2022-03-05 15:15:30] [VisionModule - VisionRunner - USBFrameProvider - opencv_HP_HD_Webcam] [ERROR] Exception on loop 14875
[2022-03-05 15:15:30] [VisionModule - VisionRunner - USBFrameProvider - opencv_HP_HD_Webcam] [ERROR] Exception on loop 14876
[2022-03-05 15:15:30] [VisionModule - VisionRunner - USBFrameProvider - opencv_HP_HD_Webcam] [ERROR] Exception on loop 14877
[2022-03-05 15:15:30] [VisionModule - VisionRunner - USBFrameProvider - opencv_HP_HD_Webcam] [ERROR] Exception on loop 14878
[2022-03-05 15:15:30] [VisionModule - VisionRunner - USBFrameProvider - opencv_HP_HD_Webcam] [ERROR] Exception on loop 14879
[2022-03-05 15:15:30] [VisionModule - VisionRunner - USBFrameProvider - opencv_HP_HD_Webcam] [ERROR] Exception on loop 14880
[2022-03-05 15:15:30] [VisionModule - VisionRunner - USBFrameProvider - opencv_HP_HD_Webcam] [ERROR] Exception on loop 14881
[2022-03-05 15:15:30] [VisionModule - VisionRunner - USBFrameProvider - opencv_HP_HD_Webcam] [ERROR] Exception on loop 14882
[2022-03-05 15:15:30] [VisionModule - VisionRunner - USBFrameProvider - opencv_HP_HD_Webcam] [ERROR] Exception on loop 14883
[2022-03-05 15:15:30] [VisionModule - VisionRunner - USBFrameProvider - opencv_HP_HD_Webcam] [ERROR] Exception on loop 14884
[2022-03-05 15:15:30] [VisionModule - VisionRunner - USBFrameProvider - opencv_HP_HD_Webcam] [ERROR] Exception on loop 14885
[2022-03-05 15:15:30] [VisionModule - VisionRunner - USBFrameProvider - opencv_HP_HD_Webcam] [ERROR] Exception on loop 14886
[2022-03-05 15:15:30] [VisionModule - VisionRunner - USBFrameProvider - opencv_HP_HD_Webcam] [ERROR] Exception on loop 14887
[2022-03-05 15:15:30] [VisionModule - VisionRunner - USBFrameProvider - opencv_HP_HD_Webcam] [ERROR] Exception on loop 14888
[2022-03-05 15:15:30] [VisionModule - VisionRunner - USBFrameProvider - opencv_HP_HD_Webcam] [ERROR] Exception on loop 14889
[2022-03-05 15:15:30] [VisionModule - VisionRunner - USBFrameProvider - opencv_HP_HD_Webcam] [ERROR] Exception on loop 14890
[2022-03-05 15:15:30] [VisionModule - VisionRunner - USBFrameProvider - opencv_HP_HD_Webcam] [ERROR] Exception on loop 14891
[2022-03-05 15:15:30] [VisionModule - VisionRunner - USBFrameProvider - opencv_HP_HD_Webcam] [ERROR] Exception on loop 14892
[2022-03-05 15:15:30] [VisionModule - VisionRunner - USBFrameProvider - opencv_HP_HD_Webcam] [ERROR] Exception on loop 14893
[2022-03-05 15:15:30] [VisionModule - VisionRunner - USBFrameProvider - opencv_HP_HD_Webcam] [ERROR] Exception on loop 14894
[2022-03-05 15:15:30] [VisionModule - VisionRunner - USBFrameProvider - opencv_HP_HD_Webcam] [ERROR] Exception on loop 14895
[2022-03-05 15:15:30] [VisionModule - VisionRunner - USBFrameProvider - opencv_HP_HD_Webcam] [ERROR] Exception on loop 14896
[2022-03-05 15:15:30] [VisionModule - VisionRunner - USBFrameProvider - opencv_HP_HD_Webcam] [ERROR] Exception on loop 14897
[2022-03-05 15:15:30] [VisionModule - VisionRunner - USBFrameProvider - opencv_HP_HD_Webcam] [ERROR] Exception on loop 14898
[2022-03-05 15:15:30] [VisionModule - VisionRunner - USBFrameProvider - opencv_HP_HD_Webcam] [ERROR] Exception on loop 14899
[2022-03-05 15:15:31] [VisionModule - VisionRunner - USBFrameProvider - opencv_HP_HD_Webcam] [ERROR] Exception on loop 14900
[2022-03-05 15:15:31] [VisionModule - VisionRunner - USBFrameProvider - opencv_HP_HD_Webcam] [ERROR] Exception on loop 14901
[2022-03-05 15:15:31] [VisionModule - VisionRunner - USBFrameProvider - opencv_HP_HD_Webcam] [ERROR] Exception on loop 14902
[2022-03-05 15:15:31] [VisionModule - VisionRunner - USBFrameProvider - opencv_HP_HD_Webcam] [ERROR] Exception on loop 14903
[2022-03-05 15:15:31] [VisionModule - VisionRunner - USBFrameProvider - opencv_HP_HD_Webcam] [ERROR] Exception on loop 14904
[2022-03-05 15:15:31] [VisionModule - VisionRunner - USBFrameProvider - opencv_HP_HD_Webcam] [ERROR] Exception on loop 14905
[2022-03-05 15:15:31] [VisionModule - VisionRunner - USBFrameProvider - opencv_HP_HD_Webcam] [ERROR] Exception on loop 14906
[2022-03-05 15:15:31] [VisionModule - VisionRunner - USBFrameProvider - opencv_HP_HD_Webcam] [ERROR] Exception on loop 14907
[2022-03-05 15:15:31] [VisionModule - VisionRunner - USBFrameProvider - opencv_HP_HD_Webcam] [ERROR] Exception on loop 14908
[2022-03-05 15:15:31] [VisionModule - VisionRunner - USBFrameProvider - opencv_HP_HD_Webcam] [ERROR] Exception on loop 14909
[2022-03-05 15:15:31] [VisionModule - VisionRunner - USBFrameProvider - opencv_HP_HD_Webcam] [ERROR] Exception on loop 14910
[2022-03-05 15:15:31] [VisionModule - VisionRunner - USBFrameProvider - opencv_HP_HD_Webcam] [ERROR] Exception on loop 14911
[2022-03-05 15:15:31] [VisionModule - VisionRunner - USBFrameProvider - opencv_HP_HD_Webcam] [ERROR] Exception on loop 14912
[2022-03-05 15:15:31] [VisionModule - VisionRunner - USBFrameProvider - opencv_HP_HD_Webcam] [ERROR] Exception on loop 14913
[2022-03-05 15:15:31] [VisionModule - VisionRunner - USBFrameProvider - opencv_HP_HD_Webcam] [ERROR] Exception on loop 14914
[2022-03-05 15:15:31] [WebServer - RequestHandler] [INFO] exporting settings to download...
[2022-03-05 15:15:31] [VisionModule - VisionRunner - USBFrameProvider - opencv_HP_HD_Webcam] [ERROR] Exception on loop 14915
[2022-03-05 15:15:31] [VisionModule - VisionRunner - USBFrameProvider - opencv_HP_HD_Webcam] [ERROR] Exception on loop 14916
[2022-03-05 15:15:31] [VisionModule - VisionRunner - USBFrameProvider - opencv_HP_HD_Webcam] [ERROR] Exception on loop 14917
