[2021-01-11 15:17:07] [General - Main] [INFO] Logging initialized in debug mode.
[2021-01-11 15:17:07] [General - ShellExec] [DEBUG] Executing "id -u"
[2021-01-11 15:17:07] [General - ShellExec] [DEBUG] Got exit code 0
[2021-01-11 15:17:07] [General - ShellExec] [DEBUG] Executing "cat /proc/device-tree/model"
[2021-01-11 15:17:07] [General - ShellExec] [DEBUG] Got exit code 0
[2021-01-11 15:17:07] [General - Main] [INFO] Starting PhotonVision version v2022.1.5 on Linux Raspbian (Pi COMPUTE_MODULE_3)
[2021-01-11 15:17:09] [Camera - PicamJNI] [INFO] Successfully loaded libpicam shared object
[2021-01-11 15:17:09] [General - Main] [INFO] Native libraries loaded.
[2021-01-11 15:17:09] [General - ConfigManager] [INFO] Loading settings...
[2021-01-11 15:17:09] [General - ConfigManager] [INFO] Hardware config does not exist! Loading defaults
[2021-01-11 15:17:11] [Camera - CameraConfiguration] [DEBUG] Creating camera configuration for UsbCameraUSB_Camera (AKA USB_Camera) at \\?\usb#vid_0458&pid_708c&mi_00#6&29a4ead7&0&0000#{e5323777-f976-4f5b-9b55-b94699c46e44}\global
[2021-01-11 15:17:11] [Camera - CameraConfiguration] [DEBUG] Creating camera configuration for ZeroCopyPicammmal service 16.1 (AKA mmal_service_16.1) at /dev/video0
[2021-01-11 15:17:11] [Camera - CameraConfiguration] [DEBUG] Creating camera configuration for UsbCameraHP HD Webcam (AKA HP_HD_Webcam) at \\?\usb#vid_05c8&pid_0369&mi_00#6&342fd1bb&0&0000#{e5323777-f976-4f5b-9b55-b94699c46e44}\global
[2021-01-11 15:17:12] [General - NetworkManager] [INFO] Setting DHCP with team team 686
[2021-01-11 15:17:12] [General - ShellExec] [DEBUG] Executing "cat /etc/hostname | tr -d " \t\n\r""
[2021-01-11 15:17:12] [General - ShellExec] [DEBUG] Got exit code 0
[2021-01-11 15:17:12] [General - ShellExec] [DEBUG] Executing "echo photonvision > /etc/hostname"
[2021-01-11 15:17:12] [General - ShellExec] [DEBUG] Got exit code 0
[2021-01-11 15:17:12] [General - ShellExec] [DEBUG] Executing "hostnamectl set-hostname photonvision"
[2021-01-11 15:17:12] [General - ShellExec] [DEBUG] Got exit code 0
[2021-01-11 15:17:12] [General - ShellExec] [DEBUG] Executing "sed -i "s/127.0.1.1.*photonvision/127.0.1.1\tphotonvision/g" /etc/hosts"
[2021-01-11 15:17:12] [General - ShellExec] [DEBUG] Got exit code 0
[2021-01-11 15:17:12] [General - ShellExec] [DEBUG] Executing "sudo service avahi-daemon restart"
[2021-01-11 15:17:12] [General - ShellExec] [DEBUG] Got exit code 0
[2021-01-11 15:17:12] [General - NetworkManager] [INFO] Set hostname to photonvision
[2021-01-11 15:17:12] [General - ShellExec] [DEBUG] Executing "dhclient eth0"
[2021-01-11 15:17:13] [General - ShellExec] [DEBUG] Got exit code 0
[2021-01-11 15:17:13] [General - NetworkTablesManager] [INFO] Starting NT Client
[2021-01-11 15:17:13] [General - NetworkTablesManager] [ERROR] [NetworkTablesManager] Could not connect to the robot! Will retry in the background...
[2021-01-11 15:17:13] [Camera - VisionSourceManager] [DEBUG] Matching 1 new cameras!
[2021-01-11 15:17:13] [Camera - VisionSourceManager] [INFO] Adding local video device - "mmal service 16.1" at "/dev/video0"
[2021-01-11 15:17:13] [Camera - VisionSourceManager] [DEBUG] Trying to match 2 unmatched configs...
[2021-01-11 15:17:13] [Camera - VisionSourceManager] [DEBUG] Trying to find a match for loaded camera HP HD Webcam with path \\?\usb#vid_05c8&pid_0369&mi_00#6&342fd1bb&0&0000#{e5323777-f976-4f5b-9b55-b94699c46e44}\global
[2021-01-11 15:17:13] [Camera - VisionSourceManager] [DEBUG] Failed to match by path and name, falling back to name-only match
[2021-01-11 15:17:13] [Camera - VisionSourceManager] [DEBUG] Trying to find a match for loaded camera USB_Camera with path \\?\usb#vid_0458&pid_708c&mi_00#6&29a4ead7&0&0000#{e5323777-f976-4f5b-9b55-b94699c46e44}\global
[2021-01-11 15:17:13] [Camera - VisionSourceManager] [DEBUG] Failed to match by path and name, falling back to name-only match
[2021-01-11 15:17:13] [Camera - VisionSourceManager] [DEBUG] Trying to find a match for loaded camera mmal service 16.1 with path /dev/video0
[2021-01-11 15:17:13] [Camera - VisionSourceManager] [DEBUG] Matched the config for mmal service 16.1 to a physical camera!
[2021-01-11 15:17:13] [Camera - VisionSourceManager] [DEBUG] After matching loaded configs 0 cameras were unmatched.
[2021-01-11 15:17:13] [Camera - VisionSourceManager] [DEBUG] Matched or created 1 camera configs!
[2021-01-11 15:17:13] [Camera - VisionSourceManager] [WARN] After matching, 2 configs remained unmatched. Is your camera disconnected?
[2021-01-11 15:17:13] [Camera - VisionSourceManager] [WARN] Unloaded configs: HP_HD_WebcamUSB_Camera
[2021-01-11 15:17:13] [Camera - VisionSourceManager] [DEBUG] Matched config for camera "AcceleratedPicamFrameProvider" and loaded 2 pipelines
[2021-01-11 15:17:13] [Camera - VisionSourceManager] [INFO] Adding 1 configs to VMM.
[2021-01-11 15:17:13] [WebServer - DataChangeService] [DEBUG] Added subscriber - Sources: DCS_WEBSOCKET, DCS_HTTP, DCS_NETWORKTABLES, DCS_VISIONMODULE, DCS_OTHER, Destinations: DCD_ACTIVEMODULE, DCD_ACTIVEPIPELINESETTINGS, DCD_GENSETTINGS, DCD_UI, DCD_OTHER
[2021-01-11 15:17:14] [VisionModule - VisionModule - mmal_service_16.1] [INFO] Setting pipeline to -1
[2021-01-11 15:17:14] [WebServer - DataChangeService] [DEBUG] Added subscriber - Sources: DCS_WEBSOCKET, DCS_HTTP, DCS_NETWORKTABLES, DCS_VISIONMODULE, DCS_OTHER, Destinations: DCD_UI
[2021-01-11 15:17:14] [WebServer - DataChangeService] [DEBUG] Added subscriber - Sources: DCS_WEBSOCKET, Destinations: DCD_GENSETTINGS
[2021-01-11 15:17:14] [VisionModule - VisionRunner - AcceleratedPicamFrameProvider] [ERROR] Exception on loop 0
[2021-01-11 15:17:15] [General - ConfigManager] [DEBUG] Saving to disk...
[2021-01-11 15:17:16] [General - ConfigManager] [INFO] Settings saved!
[2021-01-11 15:22:58] [General - NetworkTablesManager] [ERROR] NT Connection has failed! Will retry in background.
[2021-01-11 15:22:59] [General - NetworkTablesManager] [INFO] Searching for rios
[2021-01-11 15:22:59] [General - NetworkTablesManager] [INFO] Trying 127.0.0.1
[2021-01-11 15:22:59] [General - NetworkTablesManager] [INFO] Didn't match RIO IP
[2021-01-11 15:22:59] [General - NetworkTablesManager] [INFO] Trying 169.254.128.163
[2021-01-11 15:22:59] [General - NetworkTablesManager] [INFO] Didn't match RIO IP
[2021-01-11 15:22:59] [General - NetworkTablesManager] [INFO] Looking up roboRIO-686-FRC.local
[2021-01-11 15:23:14] [General - NetworkTablesManager] [INFO] Looking up roboRIO-686-FRC.lan
[2021-01-11 15:23:17] [WebServer - Server] [DEBUG] Handled HTTP GET request from [fe80:0:0:0:6d32:5914:514d:2e57%2] in 68.134895ms
[2021-01-11 15:23:17] [WebServer - Server] [DEBUG] Handled HTTP GET request from [fe80:0:0:0:6d32:5914:514d:2e57%2] in 186.9735ms
[2021-01-11 15:23:17] [WebServer - Server] [DEBUG] Handled HTTP GET request from [fe80:0:0:0:6d32:5914:514d:2e57%2] in 25.928436ms
[2021-01-11 15:23:17] [WebServer - Server] [DEBUG] Handled HTTP GET request from [fe80:0:0:0:6d32:5914:514d:2e57%2] in 118.26855ms
[2021-01-11 15:23:18] [WebServer - Server] [DEBUG] Handled HTTP GET request from [fe80:0:0:0:6d32:5914:514d:2e57%2] in 431.24854ms
[2021-01-11 15:23:18] [WebServer - Server] [DEBUG] Handled HTTP GET request from [fe80:0:0:0:6d32:5914:514d:2e57%2] in 738.2509ms
[2021-01-11 15:23:19] [WebServer - Server] [DEBUG] Handled HTTP GET request from [fe80:0:0:0:6d32:5914:514d:2e57%2] in 30.015728ms
[2021-01-11 15:23:19] [WebServer - Server] [DEBUG] Handled HTTP GET request from [fe80:0:0:0:6d32:5914:514d:2e57%2] in 136.081ms
[2021-01-11 15:23:19] [WebServer - Server] [DEBUG] Handled HTTP GET request from [fe80:0:0:0:6d32:5914:514d:2e57%2] in 145.59921ms
[2021-01-11 15:23:19] [WebServer - Server] [DEBUG] Handled HTTP GET request from [fe80:0:0:0:6d32:5914:514d:2e57%2] in 134.46661ms
[2021-01-11 15:23:20] [WebServer - Server] [DEBUG] Handled HTTP GET request from [fe80:0:0:0:6d32:5914:514d:2e57%2] in 369.52927ms
[2021-01-11 15:23:20] [WebServer - Server] [DEBUG] Handled HTTP GET request from [fe80:0:0:0:6d32:5914:514d:2e57%2] in 54.777397ms
[2021-01-11 15:23:20] [WebServer - Server] [DEBUG] Handled HTTP GET request from [fe80:0:0:0:6d32:5914:514d:2e57%2] in 59.192917ms
[2021-01-11 15:23:20] [WebServer - Server] [DEBUG] Handled HTTP GET request from [fe80:0:0:0:6d32:5914:514d:2e57%2] in 11.869635ms
[2021-01-11 15:23:22] [General - MetricsPublisher] [DEBUG] Publishing Metrics...
[2021-01-11 15:23:22] [General - ShellExec] [DEBUG] Executing "sed 's/.\{3\}$/.&/' <<< cat /sys/class/thermal/thermal_zone0/temp"
[2021-01-11 15:23:22] [General - ShellExec] [DEBUG] Got exit code 0
[2021-01-11 15:23:22] [General - ShellExec] [DEBUG] Executing "top -bn1 | grep "Cpu(s)" | sed "s/.*, *\([0-9.]*\)%* id.*/\1/" | awk '{print 100 - $1}'"
[2021-01-11 15:23:22] [General - ShellExec] [DEBUG] Got exit code 0
[2021-01-11 15:23:22] [General - ShellExec] [DEBUG] Executing "vcgencmd get_mem arm | grep -Eo '[0-9]+'"
[2021-01-11 15:23:22] [General - ShellExec] [DEBUG] Got exit code 0
[2021-01-11 15:23:22] [General - ShellExec] [DEBUG] Executing "vcgencmd get_mem gpu | grep -Eo '[0-9]+'"
[2021-01-11 15:23:22] [General - ShellExec] [DEBUG] Got exit code 0
[2021-01-11 15:23:22] [General - ShellExec] [DEBUG] Executing "free --mega | awk -v i=2 -v j=3 'FNR == i {print $j}'"
[2021-01-11 15:23:22] [General - ShellExec] [DEBUG] Got exit code 0
[2021-01-11 15:23:22] [General - ShellExec] [DEBUG] Executing "vcgencmd get_mem malloc | grep -Eo '[0-9]+'"
[2021-01-11 15:23:22] [General - ShellExec] [DEBUG] Got exit code 0
[2021-01-11 15:23:22] [General - ShellExec] [DEBUG] Executing "df ./ --output=pcent | tail -n +2"
[2021-01-11 15:23:22] [WebServer - SocketHandler] [INFO] New websocket connection from /fe80:0:0:0:6d32:5914:514d:2e57%2:55997
[2021-01-11 15:23:22] [General - ShellExec] [DEBUG] Got exit code 0
[2021-01-11 15:23:22] [WebServer - Server] [DEBUG] Handled HTTP POST request from [fe80:0:0:0:6d32:5914:514d:2e57%2] in 421.77753ms
[2021-01-11 15:23:23] [General - NetworkTablesManager] [INFO] Searching for rios
[2021-01-11 15:23:23] [General - NetworkTablesManager] [INFO] Trying 127.0.0.1
[2021-01-11 15:23:23] [General - NetworkTablesManager] [INFO] Didn't match RIO IP
[2021-01-11 15:23:23] [General - NetworkTablesManager] [INFO] Trying 169.254.128.163
[2021-01-11 15:23:23] [General - NetworkTablesManager] [INFO] Didn't match RIO IP
[2021-01-11 15:23:23] [General - NetworkTablesManager] [INFO] Looking up roboRIO-686-FRC.local
[2021-01-11 15:23:23] [General - NetworkTablesManager] [INFO] Looking up roboRIO-686-FRC.lan
[2021-01-11 15:23:24] [General - NetworkTablesManager] [INFO] Looking up roboRIO-686-FRC.frc-field.local
[2021-01-11 15:23:24] [General - NetworkTablesManager] [INFO] Looking up roboRIO-686-FRC.frc-field.local
[2021-01-11 15:23:25] [VisionModule - VisionModule - mmal_service_16.1] [INFO] Setting pipeline to 0
[2021-01-11 15:23:27] [General - ConfigManager] [DEBUG] Saving to disk...
[2021-01-11 15:23:28] [General - ConfigManager] [INFO] Settings saved!
[2021-01-11 15:23:29] [General - MetricsPublisher] [DEBUG] Publishing Metrics...
[2021-01-11 15:23:29] [General - ShellExec] [DEBUG] Executing "sed 's/.\{3\}$/.&/' <<< cat /sys/class/thermal/thermal_zone0/temp"
[2021-01-11 15:23:29] [General - ShellExec] [DEBUG] Got exit code 0
[2021-01-11 15:23:29] [General - ShellExec] [DEBUG] Executing "top -bn1 | grep "Cpu(s)" | sed "s/.*, *\([0-9.]*\)%* id.*/\1/" | awk '{print 100 - $1}'"
[2021-01-11 15:23:29] [General - ShellExec] [DEBUG] Got exit code 0
[2021-01-11 15:23:29] [General - ShellExec] [DEBUG] Executing "free --mega | awk -v i=2 -v j=3 'FNR == i {print $j}'"
[2021-01-11 15:23:29] [General - ShellExec] [DEBUG] Got exit code 0
[2021-01-11 15:23:29] [General - ShellExec] [DEBUG] Executing "vcgencmd get_mem malloc | grep -Eo '[0-9]+'"
[2021-01-11 15:23:29] [General - ShellExec] [DEBUG] Got exit code 0
[2021-01-11 15:23:29] [General - ShellExec] [DEBUG] Executing "df ./ --output=pcent | tail -n +2"
[2021-01-11 15:23:29] [General - ShellExec] [DEBUG] Got exit code 0
[2021-01-11 15:23:29] [WebServer - Server] [DEBUG] Handled HTTP POST request from [fe80:0:0:0:6d32:5914:514d:2e57%2] in 430.93542ms
[2021-01-11 15:23:32] [VisionModule - VisionModule - mmal_service_16.1] [INFO] Setting pipeline to -1
[2021-01-11 15:23:35] [General - ConfigManager] [DEBUG] Saving to disk...
[2021-01-11 15:23:35] [General - ConfigManager] [INFO] Settings saved!
[2021-01-11 15:23:36] [General - MetricsPublisher] [DEBUG] Publishing Metrics...
[2021-01-11 15:23:36] [General - ShellExec] [DEBUG] Executing "sed 's/.\{3\}$/.&/' <<< cat /sys/class/thermal/thermal_zone0/temp"
[2021-01-11 15:23:36] [General - ShellExec] [DEBUG] Got exit code 0
[2021-01-11 15:23:36] [General - ShellExec] [DEBUG] Executing "top -bn1 | grep "Cpu(s)" | sed "s/.*, *\([0-9.]*\)%* id.*/\1/" | awk '{print 100 - $1}'"
[2021-01-11 15:23:37] [General - ShellExec] [DEBUG] Got exit code 0
[2021-01-11 15:23:37] [General - ShellExec] [DEBUG] Executing "free --mega | awk -v i=2 -v j=3 'FNR == i {print $j}'"
[2021-01-11 15:23:37] [General - ShellExec] [DEBUG] Got exit code 0
[2021-01-11 15:23:37] [General - ShellExec] [DEBUG] Executing "vcgencmd get_mem malloc | grep -Eo '[0-9]+'"
[2021-01-11 15:23:37] [General - ShellExec] [DEBUG] Got exit code 0
[2021-01-11 15:23:37] [General - ShellExec] [DEBUG] Executing "df ./ --output=pcent | tail -n +2"
[2021-01-11 15:23:37] [General - ShellExec] [DEBUG] Got exit code 0
[2021-01-11 15:23:37] [WebServer - Server] [DEBUG] Handled HTTP POST request from [fe80:0:0:0:6d32:5914:514d:2e57%2] in 311.61636ms
[2021-01-11 15:23:37] [VisionModule - VisionModule - mmal_service_16.1] [INFO] Setting pipeline to 0
[2021-01-11 15:23:39] [General - ConfigManager] [DEBUG] Saving to disk...
[2021-01-11 15:23:39] [General - ConfigManager] [INFO] Settings saved!
[2021-01-11 15:23:52] [VisionModule - VisionModule - mmal_service_16.1] [INFO] Setting pipeline to -1
[2021-01-11 15:23:53] [General - MetricsPublisher] [DEBUG] Publishing Metrics...
[2021-01-11 15:23:53] [General - ShellExec] [DEBUG] Executing "sed 's/.\{3\}$/.&/' <<< cat /sys/class/thermal/thermal_zone0/temp"
[2021-01-11 15:23:53] [General - ShellExec] [DEBUG] Got exit code 0
[2021-01-11 15:23:53] [General - ShellExec] [DEBUG] Executing "top -bn1 | grep "Cpu(s)" | sed "s/.*, *\([0-9.]*\)%* id.*/\1/" | awk '{print 100 - $1}'"
[2021-01-11 15:23:53] [General - ShellExec] [DEBUG] Got exit code 0
[2021-01-11 15:23:53] [General - ShellExec] [DEBUG] Executing "free --mega | awk -v i=2 -v j=3 'FNR == i {print $j}'"
[2021-01-11 15:23:53] [General - ShellExec] [DEBUG] Got exit code 0
[2021-01-11 15:23:53] [General - ShellExec] [DEBUG] Executing "vcgencmd get_mem malloc | grep -Eo '[0-9]+'"
[2021-01-11 15:23:53] [General - ShellExec] [DEBUG] Got exit code 0
[2021-01-11 15:23:53] [General - ShellExec] [DEBUG] Executing "df ./ --output=pcent | tail -n +2"
[2021-01-11 15:23:53] [General - ShellExec] [DEBUG] Got exit code 0
[2021-01-11 15:23:53] [WebServer - Server] [DEBUG] Handled HTTP POST request from [fe80:0:0:0:6d32:5914:514d:2e57%2] in 289.1767ms
[2021-01-11 15:23:53] [General - ConfigManager] [DEBUG] Saving to disk...
[2021-01-11 15:23:54] [General - ConfigManager] [INFO] Settings saved!
[2021-01-11 15:24:11] [General - NetworkManager] [INFO] Setting STATIC with team team 686
[2021-01-11 15:24:11] [General - ShellExec] [DEBUG] Executing "cat /etc/hostname | tr -d " \t\n\r""
[2021-01-11 15:24:11] [General - ShellExec] [DEBUG] Got exit code 0
[2021-01-11 15:24:11] [General - ShellExec] [DEBUG] Executing "echo photonvision > /etc/hostname"
[2021-01-11 15:24:11] [General - ShellExec] [DEBUG] Got exit code 0
[2021-01-11 15:24:11] [General - ShellExec] [DEBUG] Executing "hostnamectl set-hostname photonvision"
[2021-01-11 15:24:11] [General - ShellExec] [DEBUG] Got exit code 0
[2021-01-11 15:24:11] [General - ShellExec] [DEBUG] Executing "sed -i "s/127.0.1.1.*photonvision/127.0.1.1\tphotonvision/g" /etc/hosts"
[2021-01-11 15:24:11] [General - ShellExec] [DEBUG] Got exit code 0
[2021-01-11 15:24:11] [General - ShellExec] [DEBUG] Executing "sudo service avahi-daemon restart"
[2021-01-11 15:24:11] [General - ShellExec] [DEBUG] Got exit code 0
[2021-01-11 15:24:11] [General - NetworkManager] [INFO] Set hostname to photonvision
[2021-01-11 15:24:11] [General - ShellExec] [DEBUG] Executing "ip addr add 10.6.86.11/8 dev eth0"
[2021-01-11 15:24:11] [General - ShellExec] [DEBUG] Got exit code 0
[2021-01-11 15:24:11] [General - NetworkTablesManager] [INFO] Starting NT Client
[2021-01-11 15:24:11] [General - NetworkTablesManager] [ERROR] [NetworkTablesManager] Could not connect to the robot! Will retry in the background...
[2021-01-11 15:24:11] [WebServer - Server] [DEBUG] Handled HTTP POST request from [fe80:0:0:0:6d32:5914:514d:2e57%2] in 532.64923ms
[2021-01-11 15:24:12] [General - ConfigManager] [DEBUG] Saving to disk...
[2021-01-11 15:24:12] [General - ConfigManager] [INFO] Settings saved!
[2021-01-11 15:24:39] [VisionModule - VisionModule - mmal_service_16.1] [INFO] Setting pipeline to 0
[2021-01-11 15:24:41] [General - ConfigManager] [DEBUG] Saving to disk...
[2021-01-11 15:24:42] [General - ConfigManager] [INFO] Settings saved!
[2021-01-11 15:25:34] [VisionModule - VisionModuleChangeSubscriber - mmal_service_16.1] [DEBUG] Skipping pipeline change, index 0 already active
[2021-01-11 15:25:46] [General - ConfigManager] [DEBUG] Saving to disk...
[2021-01-11 15:25:46] [General - ConfigManager] [INFO] Settings saved!
[2021-01-11 15:25:56] [General - ConfigManager] [DEBUG] Saving to disk...
[2021-01-11 15:25:57] [General - ConfigManager] [INFO] Settings saved!
[2021-01-11 15:26:02] [General - ConfigManager] [DEBUG] Saving to disk...
[2021-01-11 15:26:02] [General - ConfigManager] [INFO] Settings saved!
[2021-01-11 15:26:13] [General - ConfigManager] [DEBUG] Saving to disk...
[2021-01-11 15:26:14] [General - ConfigManager] [INFO] Settings saved!
[2021-01-11 15:26:16] [General - ConfigManager] [DEBUG] Saving to disk...
[2021-01-11 15:26:16] [General - ConfigManager] [INFO] Settings saved!
[2021-01-11 15:26:21] [General - ConfigManager] [DEBUG] Saving to disk...
[2021-01-11 15:26:22] [General - ConfigManager] [INFO] Settings saved!
[2021-01-11 15:26:23] [General - ConfigManager] [DEBUG] Saving to disk...
[2021-01-11 15:26:23] [General - ConfigManager] [INFO] Settings saved!
[2021-01-11 15:27:45] [General - ConfigManager] [DEBUG] Saving to disk...
[2021-01-11 15:27:45] [General - ConfigManager] [INFO] Settings saved!
[2021-01-11 15:27:53] [General - ConfigManager] [DEBUG] Saving to disk...
[2021-01-11 15:27:54] [General - ConfigManager] [INFO] Settings saved!
[2021-01-11 15:27:55] [General - ConfigManager] [DEBUG] Saving to disk...
[2021-01-11 15:27:55] [General - ConfigManager] [INFO] Settings saved!
[2021-01-11 15:28:23] [General - ConfigManager] [DEBUG] Saving to disk...
[2021-01-11 15:28:23] [General - ConfigManager] [INFO] Settings saved!
[2021-01-11 15:28:31] [General - ConfigManager] [DEBUG] Saving to disk...
[2021-01-11 15:28:32] [General - ConfigManager] [INFO] Settings saved!
[2021-01-11 15:28:42] [General - ConfigManager] [DEBUG] Saving to disk...
[2021-01-11 15:28:42] [General - ConfigManager] [INFO] Settings saved!
[2021-01-11 15:29:00] [General - ConfigManager] [DEBUG] Saving to disk...
[2021-01-11 15:29:01] [General - ConfigManager] [INFO] Settings saved!
[2021-01-11 15:29:08] [General - ConfigManager] [DEBUG] Saving to disk...
[2021-01-11 15:29:08] [General - ConfigManager] [INFO] Settings saved!
[2021-01-11 15:29:10] [General - ConfigManager] [DEBUG] Saving to disk...
[2021-01-11 15:29:10] [General - ConfigManager] [INFO] Settings saved!
[2021-01-11 15:29:16] [General - ConfigManager] [DEBUG] Saving to disk...
[2021-01-11 15:29:17] [General - ConfigManager] [INFO] Settings saved!
[2021-01-11 15:29:29] [General - ConfigManager] [DEBUG] Saving to disk...
[2021-01-11 15:29:29] [General - ConfigManager] [INFO] Settings saved!
[2021-01-11 15:29:35] [General - ConfigManager] [DEBUG] Saving to disk...
[2021-01-11 15:29:35] [General - ConfigManager] [INFO] Settings saved!
[2021-01-11 15:29:38] [General - ConfigManager] [DEBUG] Saving to disk...
[2021-01-11 15:29:39] [General - ConfigManager] [INFO] Settings saved!
[2021-01-11 15:29:58] [General - ConfigManager] [DEBUG] Saving to disk...
[2021-01-11 15:29:58] [General - ConfigManager] [INFO] Settings saved!
[2021-01-11 15:30:27] [General - ConfigManager] [DEBUG] Saving to disk...
[2021-01-11 15:30:27] [General - ConfigManager] [INFO] Settings saved!
[2021-01-11 15:30:32] [General - ConfigManager] [DEBUG] Saving to disk...
[2021-01-11 15:30:33] [General - ConfigManager] [INFO] Settings saved!
[2021-01-11 15:30:35] [General - ConfigManager] [DEBUG] Saving to disk...
[2021-01-11 15:30:35] [General - ConfigManager] [INFO] Settings saved!
[2021-01-11 15:30:39] [General - ConfigManager] [DEBUG] Saving to disk...
[2021-01-11 15:30:39] [General - ConfigManager] [INFO] Settings saved!
[2021-01-11 15:30:40] [General - ConfigManager] [DEBUG] Saving to disk...
[2021-01-11 15:30:41] [General - ConfigManager] [INFO] Settings saved!
[2021-01-11 15:30:49] [General - ConfigManager] [DEBUG] Saving to disk...
[2021-01-11 15:30:49] [General - ConfigManager] [INFO] Settings saved!
[2021-01-11 15:30:55] [General - ConfigManager] [DEBUG] Saving to disk...
[2021-01-11 15:30:55] [General - ConfigManager] [INFO] Settings saved!
[2021-01-11 15:31:01] [General - ConfigManager] [DEBUG] Saving to disk...
[2021-01-11 15:31:02] [General - ConfigManager] [INFO] Settings saved!
[2021-01-11 15:31:07] [General - ConfigManager] [DEBUG] Saving to disk...
[2021-01-11 15:31:07] [General - ConfigManager] [INFO] Settings saved!
[2021-01-11 15:31:11] [General - ConfigManager] [DEBUG] Saving to disk...
[2021-01-11 15:31:11] [General - ConfigManager] [INFO] Settings saved!
[2021-01-11 15:31:16] [General - ConfigManager] [DEBUG] Saving to disk...
[2021-01-11 15:31:17] [General - ConfigManager] [INFO] Settings saved!
[2021-01-11 15:31:19] [General - ConfigManager] [DEBUG] Saving to disk...
[2021-01-11 15:31:19] [General - ConfigManager] [INFO] Settings saved!
[2021-01-11 15:31:20] [General - ConfigManager] [DEBUG] Saving to disk...
[2021-01-11 15:31:20] [General - ConfigManager] [INFO] Settings saved!
[2021-01-11 15:31:23] [General - ConfigManager] [DEBUG] Saving to disk...
[2021-01-11 15:31:24] [General - ConfigManager] [INFO] Settings saved!
[2021-01-11 15:31:28] [General - ConfigManager] [DEBUG] Saving to disk...
[2021-01-11 15:31:28] [General - ConfigManager] [INFO] Settings saved!
[2021-01-11 15:31:41] [General - ConfigManager] [DEBUG] Saving to disk...
[2021-01-11 15:31:41] [General - ConfigManager] [INFO] Settings saved!
[2021-01-11 15:31:45] [General - ConfigManager] [DEBUG] Saving to disk...
[2021-01-11 15:31:45] [General - ConfigManager] [INFO] Settings saved!
[2021-01-11 15:31:47] [General - ConfigManager] [DEBUG] Saving to disk...
[2021-01-11 15:31:47] [General - ConfigManager] [INFO] Settings saved!
[2021-01-11 15:31:53] [General - ConfigManager] [DEBUG] Saving to disk...
[2021-01-11 15:31:54] [General - ConfigManager] [INFO] Settings saved!
[2021-01-11 15:31:56] [General - ConfigManager] [DEBUG] Saving to disk...
[2021-01-11 15:31:56] [General - ConfigManager] [INFO] Settings saved!
[2021-01-11 15:31:59] [General - ConfigManager] [DEBUG] Saving to disk...
[2021-01-11 15:31:59] [General - ConfigManager] [INFO] Settings saved!
[2021-01-11 15:32:17] [General - ConfigManager] [DEBUG] Saving to disk...
[2021-01-11 15:32:18] [General - ConfigManager] [INFO] Settings saved!
[2021-01-11 15:32:26] [General - ConfigManager] [DEBUG] Saving to disk...
[2021-01-11 15:32:26] [General - ConfigManager] [INFO] Settings saved!
[2021-01-11 15:32:29] [General - ConfigManager] [DEBUG] Saving to disk...
[2021-01-11 15:32:29] [General - ConfigManager] [INFO] Settings saved!
[2021-01-11 15:32:31] [General - ConfigManager] [DEBUG] Saving to disk...
[2021-01-11 15:32:31] [General - ConfigManager] [INFO] Settings saved!
[2021-01-11 15:32:50] [General - ConfigManager] [DEBUG] Saving to disk...
[2021-01-11 15:32:50] [General - ConfigManager] [INFO] Settings saved!
[2021-01-11 15:33:14] [General - ConfigManager] [DEBUG] Saving to disk...
[2021-01-11 15:33:15] [General - ConfigManager] [INFO] Settings saved!
[2021-01-11 15:33:27] [General - ConfigManager] [DEBUG] Saving to disk...
[2021-01-11 15:33:27] [General - ConfigManager] [INFO] Settings saved!
[2021-01-11 15:33:50] [General - ConfigManager] [DEBUG] Saving to disk...
[2021-01-11 15:33:50] [General - ConfigManager] [INFO] Settings saved!
[2021-01-11 15:34:10] [General - ConfigManager] [DEBUG] Saving to disk...
[2021-01-11 15:34:11] [General - ConfigManager] [INFO] Settings saved!
[2021-01-11 15:34:13] [General - ConfigManager] [DEBUG] Saving to disk...
[2021-01-11 15:34:13] [General - ConfigManager] [INFO] Settings saved!
[2021-01-11 15:34:20] [General - ConfigManager] [DEBUG] Saving to disk...
[2021-01-11 15:34:20] [General - ConfigManager] [INFO] Settings saved!
[2021-01-11 15:34:22] [General - ConfigManager] [DEBUG] Saving to disk...
[2021-01-11 15:34:23] [General - ConfigManager] [INFO] Settings saved!
[2021-01-11 15:34:25] [General - ConfigManager] [DEBUG] Saving to disk...
[2021-01-11 15:34:25] [General - ConfigManager] [INFO] Settings saved!
[2021-01-11 15:34:33] [General - ConfigManager] [DEBUG] Saving to disk...
[2021-01-11 15:34:33] [General - ConfigManager] [INFO] Settings saved!
[2021-01-11 15:34:34] [General - ConfigManager] [DEBUG] Saving to disk...
[2021-01-11 15:34:34] [General - ConfigManager] [INFO] Settings saved!
[2021-01-11 15:34:44] [General - ConfigManager] [DEBUG] Saving to disk...
[2021-01-11 15:34:45] [General - ConfigManager] [INFO] Settings saved!
[2021-01-11 15:34:46] [General - ConfigManager] [DEBUG] Saving to disk...
[2021-01-11 15:34:46] [General - ConfigManager] [INFO] Settings saved!
[2021-01-11 15:34:52] [General - ConfigManager] [DEBUG] Saving to disk...
[2021-01-11 15:34:53] [General - ConfigManager] [INFO] Settings saved!
[2021-01-11 15:34:57] [General - ConfigManager] [DEBUG] Saving to disk...
[2021-01-11 15:34:57] [General - ConfigManager] [INFO] Settings saved!
[2021-01-11 15:35:07] [General - ConfigManager] [DEBUG] Saving to disk...
[2021-01-11 15:35:07] [General - ConfigManager] [INFO] Settings saved!
[2021-01-11 15:35:13] [General - ConfigManager] [DEBUG] Saving to disk...
[2021-01-11 15:35:13] [General - ConfigManager] [INFO] Settings saved!
[2021-01-11 15:35:15] [General - ConfigManager] [DEBUG] Saving to disk...
[2021-01-11 15:35:16] [General - ConfigManager] [INFO] Settings saved!
[2021-01-11 15:35:20] [General - ConfigManager] [DEBUG] Saving to disk...
[2021-01-11 15:35:20] [General - ConfigManager] [INFO] Settings saved!
[2021-01-11 15:35:25] [General - ConfigManager] [DEBUG] Saving to disk...
[2021-01-11 15:35:25] [General - ConfigManager] [INFO] Settings saved!
[2021-01-11 15:35:26] [General - ConfigManager] [DEBUG] Saving to disk...
[2021-01-11 15:35:27] [General - ConfigManager] [INFO] Settings saved!
[2021-01-11 15:35:34] [General - ConfigManager] [DEBUG] Saving to disk...
[2021-01-11 15:35:34] [General - ConfigManager] [INFO] Settings saved!
[2021-01-11 15:35:42] [General - ConfigManager] [DEBUG] Saving to disk...
[2021-01-11 15:35:42] [General - ConfigManager] [INFO] Settings saved!
[2021-01-11 15:35:48] [General - ConfigManager] [DEBUG] Saving to disk...
[2021-01-11 15:35:48] [General - ConfigManager] [INFO] Settings saved!
[2021-01-11 15:35:54] [General - ConfigManager] [DEBUG] Saving to disk...
[2021-01-11 15:35:54] [General - ConfigManager] [INFO] Settings saved!
[2021-01-11 15:35:58] [General - ConfigManager] [DEBUG] Saving to disk...
[2021-01-11 15:35:59] [General - ConfigManager] [INFO] Settings saved!
[2021-01-11 15:36:05] [General - ConfigManager] [DEBUG] Saving to disk...
[2021-01-11 15:36:05] [General - ConfigManager] [INFO] Settings saved!
[2021-01-11 15:36:07] [General - ConfigManager] [DEBUG] Saving to disk...
[2021-01-11 15:36:07] [General - ConfigManager] [INFO] Settings saved!
[2021-01-11 15:36:10] [General - ConfigManager] [DEBUG] Saving to disk...
[2021-01-11 15:36:10] [General - ConfigManager] [INFO] Settings saved!
[2021-01-11 15:36:15] [General - ConfigManager] [DEBUG] Saving to disk...
[2021-01-11 15:36:15] [General - ConfigManager] [INFO] Settings saved!
[2021-01-11 15:36:19] [General - ConfigManager] [DEBUG] Saving to disk...
[2021-01-11 15:36:20] [General - ConfigManager] [INFO] Settings saved!
[2021-01-11 15:36:23] [General - ConfigManager] [DEBUG] Saving to disk...
[2021-01-11 15:36:23] [General - ConfigManager] [INFO] Settings saved!
[2021-01-11 15:36:39] [General - ConfigManager] [DEBUG] Saving to disk...
[2021-01-11 15:36:39] [General - ConfigManager] [INFO] Settings saved!
[2021-01-11 15:37:11] [General - ConfigManager] [DEBUG] Saving to disk...
[2021-01-11 15:37:11] [General - ConfigManager] [INFO] Settings saved!
[2021-01-11 15:37:37] [General - ConfigManager] [DEBUG] Saving to disk...
[2021-01-11 15:37:38] [General - ConfigManager] [INFO] Settings saved!
[2021-01-11 15:37:42] [General - ConfigManager] [DEBUG] Saving to disk...
[2021-01-11 15:37:42] [General - ConfigManager] [INFO] Settings saved!
[2021-01-11 15:38:35] [General - ConfigManager] [DEBUG] Saving to disk...
[2021-01-11 15:38:35] [General - ConfigManager] [INFO] Settings saved!
[2021-01-11 15:38:44] [General - ConfigManager] [DEBUG] Saving to disk...
[2021-01-11 15:38:44] [General - ConfigManager] [INFO] Settings saved!
[2021-01-11 15:39:03] [General - ConfigManager] [DEBUG] Saving to disk...
[2021-01-11 15:39:04] [General - ConfigManager] [INFO] Settings saved!
[2021-01-11 15:39:11] [General - ConfigManager] [DEBUG] Saving to disk...
[2021-01-11 15:39:11] [General - ConfigManager] [INFO] Settings saved!
[2021-01-11 15:39:14] [General - ConfigManager] [DEBUG] Saving to disk...
[2021-01-11 15:39:14] [General - ConfigManager] [INFO] Settings saved!
[2021-01-11 15:39:17] [General - ConfigManager] [DEBUG] Saving to disk...
[2021-01-11 15:39:17] [General - ConfigManager] [INFO] Settings saved!
[2021-01-11 15:39:20] [General - ConfigManager] [DEBUG] Saving to disk...
[2021-01-11 15:39:20] [General - ConfigManager] [INFO] Settings saved!
[2021-01-11 15:39:24] [General - ConfigManager] [DEBUG] Saving to disk...
[2021-01-11 15:39:25] [General - ConfigManager] [INFO] Settings saved!
[2021-01-11 15:39:44] [General - ConfigManager] [DEBUG] Saving to disk...
[2021-01-11 15:39:44] [General - ConfigManager] [INFO] Settings saved!
[2021-01-11 15:39:50] [General - ConfigManager] [DEBUG] Saving to disk...
[2021-01-11 15:39:50] [General - ConfigManager] [INFO] Settings saved!
[2021-01-11 15:39:57] [General - ConfigManager] [DEBUG] Saving to disk...
[2021-01-11 15:39:57] [General - ConfigManager] [INFO] Settings saved!
[2021-01-11 15:40:06] [General - ConfigManager] [DEBUG] Saving to disk...
[2021-01-11 15:40:07] [General - ConfigManager] [INFO] Settings saved!
[2021-01-11 15:40:17] [General - ConfigManager] [DEBUG] Saving to disk...
[2021-01-11 15:40:17] [General - ConfigManager] [INFO] Settings saved!
[2021-01-11 15:40:29] [General - ConfigManager] [DEBUG] Saving to disk...
[2021-01-11 15:40:29] [General - ConfigManager] [INFO] Settings saved!
[2021-01-11 15:40:30] [General - ConfigManager] [DEBUG] Saving to disk...
[2021-01-11 15:40:30] [General - ConfigManager] [INFO] Settings saved!
[2021-01-11 15:40:34] [General - ConfigManager] [DEBUG] Saving to disk...
[2021-01-11 15:40:34] [General - ConfigManager] [INFO] Settings saved!
[2021-01-11 15:40:38] [General - ConfigManager] [DEBUG] Saving to disk...
[2021-01-11 15:40:39] [General - ConfigManager] [INFO] Settings saved!
[2021-01-11 15:40:40] [General - ConfigManager] [DEBUG] Saving to disk...
[2021-01-11 15:40:40] [General - ConfigManager] [INFO] Settings saved!
[2021-01-11 15:40:53] [General - ConfigManager] [DEBUG] Saving to disk...
[2021-01-11 15:40:53] [General - ConfigManager] [INFO] Settings saved!
[2021-01-11 15:40:59] [General - ConfigManager] [DEBUG] Saving to disk...
[2021-01-11 15:41:00] [General - ConfigManager] [INFO] Settings saved!
[2021-01-11 15:41:05] [General - ConfigManager] [DEBUG] Saving to disk...
[2021-01-11 15:41:05] [General - ConfigManager] [INFO] Settings saved!
[2021-01-11 15:41:12] [General - ConfigManager] [DEBUG] Saving to disk...
[2021-01-11 15:41:12] [General - ConfigManager] [INFO] Settings saved!
[2021-01-11 15:41:28] [General - ConfigManager] [DEBUG] Saving to disk...
[2021-01-11 15:41:28] [General - ConfigManager] [INFO] Settings saved!
[2021-01-11 15:41:30] [General - ConfigManager] [DEBUG] Saving to disk...
[2021-01-11 15:41:31] [General - ConfigManager] [INFO] Settings saved!
[2021-01-11 15:41:49] [General - ConfigManager] [DEBUG] Saving to disk...
[2021-01-11 15:41:49] [General - ConfigManager] [INFO] Settings saved!
[2021-01-11 15:42:02] [General - ConfigManager] [DEBUG] Saving to disk...
[2021-01-11 15:42:02] [General - ConfigManager] [INFO] Settings saved!
[2021-01-11 15:42:04] [General - ConfigManager] [DEBUG] Saving to disk...
[2021-01-11 15:42:04] [General - ConfigManager] [INFO] Settings saved!
[2021-01-11 15:42:06] [General - ConfigManager] [DEBUG] Saving to disk...
[2021-01-11 15:42:07] [General - ConfigManager] [INFO] Settings saved!
[2021-01-11 15:42:15] [General - ConfigManager] [DEBUG] Saving to disk...
[2021-01-11 15:42:15] [General - ConfigManager] [INFO] Settings saved!
[2021-01-11 15:42:22] [General - ConfigManager] [DEBUG] Saving to disk...
[2021-01-11 15:42:22] [General - ConfigManager] [INFO] Settings saved!
[2021-01-11 15:42:24] [General - ConfigManager] [DEBUG] Saving to disk...
[2021-01-11 15:42:24] [General - ConfigManager] [INFO] Settings saved!
[2021-01-11 15:42:26] [General - ConfigManager] [DEBUG] Saving to disk...
[2021-01-11 15:42:27] [General - ConfigManager] [INFO] Settings saved!
[2021-01-11 15:42:30] [General - ConfigManager] [DEBUG] Saving to disk...
[2021-01-11 15:42:30] [General - ConfigManager] [INFO] Settings saved!
[2021-01-11 15:42:34] [General - ConfigManager] [DEBUG] Saving to disk...
[2021-01-11 15:42:34] [General - ConfigManager] [INFO] Settings saved!
[2021-01-11 15:42:42] [General - ConfigManager] [DEBUG] Saving to disk...
[2021-01-11 15:42:42] [General - ConfigManager] [INFO] Settings saved!
[2021-01-11 15:42:46] [General - ConfigManager] [DEBUG] Saving to disk...
[2021-01-11 15:42:47] [General - ConfigManager] [INFO] Settings saved!
[2021-01-11 15:42:56] [General - ConfigManager] [DEBUG] Saving to disk...
[2021-01-11 15:42:56] [General - ConfigManager] [INFO] Settings saved!
[2021-01-11 15:42:58] [General - ConfigManager] [DEBUG] Saving to disk...
[2021-01-11 15:42:58] [General - ConfigManager] [INFO] Settings saved!
[2021-01-11 15:43:00] [General - ConfigManager] [DEBUG] Saving to disk...
[2021-01-11 15:43:00] [General - ConfigManager] [INFO] Settings saved!
[2021-01-11 15:43:23] [General - ConfigManager] [DEBUG] Saving to disk...
[2021-01-11 15:43:23] [General - ConfigManager] [INFO] Settings saved!
[2021-01-11 15:43:30] [General - ConfigManager] [DEBUG] Saving to disk...
[2021-01-11 15:43:31] [General - ConfigManager] [INFO] Settings saved!
[2021-01-11 15:43:40] [General - ConfigManager] [DEBUG] Saving to disk...
[2021-01-11 15:43:40] [General - ConfigManager] [INFO] Settings saved!
[2021-01-11 15:43:43] [General - ConfigManager] [DEBUG] Saving to disk...
[2021-01-11 15:43:43] [General - ConfigManager] [INFO] Settings saved!
[2021-01-11 15:43:50] [General - ConfigManager] [DEBUG] Saving to disk...
[2021-01-11 15:43:51] [General - ConfigManager] [INFO] Settings saved!
[2021-01-11 15:43:54] [General - ConfigManager] [DEBUG] Saving to disk...
[2021-01-11 15:43:54] [General - ConfigManager] [INFO] Settings saved!
[2021-01-11 15:44:12] [General - ConfigManager] [DEBUG] Saving to disk...
[2021-01-11 15:44:12] [General - ConfigManager] [INFO] Settings saved!
[2021-01-11 15:44:27] [General - ConfigManager] [DEBUG] Saving to disk...
[2021-01-11 15:44:28] [General - ConfigManager] [INFO] Settings saved!
[2021-01-11 15:44:31] [General - ConfigManager] [DEBUG] Saving to disk...
[2021-01-11 15:44:31] [General - ConfigManager] [INFO] Settings saved!
[2021-01-11 15:44:35] [General - ConfigManager] [DEBUG] Saving to disk...
[2021-01-11 15:44:35] [General - ConfigManager] [INFO] Settings saved!
[2021-01-11 15:44:40] [General - ConfigManager] [DEBUG] Saving to disk...
[2021-01-11 15:44:40] [General - ConfigManager] [INFO] Settings saved!
[2021-01-11 15:45:03] [General - ConfigManager] [DEBUG] Saving to disk...
[2021-01-11 15:45:04] [General - ConfigManager] [INFO] Settings saved!
[2021-01-11 15:45:07] [VisionModule - VisionModuleChangeSubscriber - mmal_service_16.1] [INFO] Deleting current pipe at index 0
[2021-01-11 15:45:07] [VisionModule - VisionModule - mmal_service_16.1] [INFO] Setting pipeline to 0
[2021-01-11 15:45:09] [General - ConfigManager] [DEBUG] Saving to disk...
[2021-01-11 15:45:09] [General - ConfigManager] [INFO] Settings saved!
[2021-01-11 15:45:16] [VisionModule - VisionModuleChangeSubscriber - mmal_service_16.1] [INFO] Adding a ColoredShape pipeline with name Red Cargo
[2021-01-11 15:45:18] [General - ConfigManager] [DEBUG] Saving to disk...
[2021-01-11 15:45:18] [General - ConfigManager] [INFO] Settings saved!
[2021-01-11 15:45:20] [VisionModule - VisionModule - mmal_service_16.1] [INFO] Setting pipeline to 1
[2021-01-11 15:45:22] [General - ConfigManager] [DEBUG] Saving to disk...
[2021-01-11 15:45:22] [General - ConfigManager] [INFO] Settings saved!
[2021-01-11 15:45:39] [General - ConfigManager] [DEBUG] Saving to disk...
[2021-01-11 15:45:39] [General - ConfigManager] [INFO] Settings saved!
[2021-01-11 15:45:45] [General - ConfigManager] [DEBUG] Saving to disk...
[2021-01-11 15:45:45] [General - ConfigManager] [INFO] Settings saved!
[2021-01-11 15:45:52] [General - ConfigManager] [DEBUG] Saving to disk...
[2021-01-11 15:45:53] [General - ConfigManager] [INFO] Settings saved!
[2021-01-11 15:46:01] [General - ConfigManager] [DEBUG] Saving to disk...
[2021-01-11 15:46:01] [General - ConfigManager] [INFO] Settings saved!
[2021-01-11 15:46:09] [General - ConfigManager] [DEBUG] Saving to disk...
[2021-01-11 15:46:09] [General - ConfigManager] [INFO] Settings saved!
[2021-01-11 15:46:15] [General - ConfigManager] [DEBUG] Saving to disk...
[2021-01-11 15:46:15] [General - ConfigManager] [INFO] Settings saved!
[2021-01-11 15:46:21] [General - ConfigManager] [DEBUG] Saving to disk...
[2021-01-11 15:46:22] [General - ConfigManager] [INFO] Settings saved!
[2021-01-11 15:46:40] [General - ConfigManager] [DEBUG] Saving to disk...
[2021-01-11 15:46:40] [General - ConfigManager] [INFO] Settings saved!
[2021-01-11 15:46:44] [General - ConfigManager] [DEBUG] Saving to disk...
[2021-01-11 15:46:44] [General - ConfigManager] [INFO] Settings saved!
[2021-01-11 15:46:52] [General - ConfigManager] [DEBUG] Saving to disk...
[2021-01-11 15:46:53] [General - ConfigManager] [INFO] Settings saved!
[2021-01-11 15:46:58] [General - ConfigManager] [DEBUG] Saving to disk...
[2021-01-11 15:46:58] [General - ConfigManager] [INFO] Settings saved!
[2021-01-11 15:47:19] [General - ConfigManager] [DEBUG] Saving to disk...
[2021-01-11 15:47:19] [General - ConfigManager] [INFO] Settings saved!
[2021-01-11 15:47:23] [General - ConfigManager] [DEBUG] Saving to disk...
[2021-01-11 15:47:23] [General - ConfigManager] [INFO] Settings saved!
[2021-01-11 15:47:25] [General - ConfigManager] [DEBUG] Saving to disk...
[2021-01-11 15:47:26] [General - ConfigManager] [INFO] Settings saved!
[2021-01-11 15:47:30] [General - ConfigManager] [DEBUG] Saving to disk...
[2021-01-11 15:47:30] [General - ConfigManager] [INFO] Settings saved!
[2021-01-11 15:47:38] [General - ConfigManager] [DEBUG] Saving to disk...
[2021-01-11 15:47:38] [General - ConfigManager] [INFO] Settings saved!
[2021-01-11 15:47:50] [General - ConfigManager] [DEBUG] Saving to disk...
[2021-01-11 15:47:50] [General - ConfigManager] [INFO] Settings saved!
[2021-01-11 15:47:58] [General - ConfigManager] [DEBUG] Saving to disk...
[2021-01-11 15:47:58] [General - ConfigManager] [INFO] Settings saved!
[2021-01-11 15:48:01] [General - ConfigManager] [DEBUG] Saving to disk...
[2021-01-11 15:48:02] [General - ConfigManager] [INFO] Settings saved!
[2021-01-11 15:48:21] [General - ConfigManager] [DEBUG] Saving to disk...
[2021-01-11 15:48:21] [General - ConfigManager] [INFO] Settings saved!
[2021-01-11 15:48:24] [General - ConfigManager] [DEBUG] Saving to disk...
[2021-01-11 15:48:24] [General - ConfigManager] [INFO] Settings saved!
[2021-01-11 15:48:33] [General - ConfigManager] [DEBUG] Saving to disk...
[2021-01-11 15:48:33] [General - ConfigManager] [INFO] Settings saved!
[2021-01-11 15:48:38] [General - ConfigManager] [DEBUG] Saving to disk...
[2021-01-11 15:48:38] [General - ConfigManager] [INFO] Settings saved!
[2021-01-11 15:48:39] [General - ConfigManager] [DEBUG] Saving to disk...
[2021-01-11 15:48:40] [General - ConfigManager] [INFO] Settings saved!
[2021-01-11 15:48:46] [General - ConfigManager] [DEBUG] Saving to disk...
[2021-01-11 15:48:46] [General - ConfigManager] [INFO] Settings saved!
[2021-01-11 15:54:07] [General - ConfigManager] [DEBUG] Saving to disk...
[2021-01-11 15:54:07] [General - ConfigManager] [INFO] Settings saved!
[2021-01-11 15:54:23] [General - ConfigManager] [DEBUG] Saving to disk...
[2021-01-11 15:54:23] [General - ConfigManager] [INFO] Settings saved!
[2021-01-11 15:54:26] [General - ConfigManager] [DEBUG] Saving to disk...
[2021-01-11 15:54:26] [General - ConfigManager] [INFO] Settings saved!
[2021-01-11 15:54:34] [General - ConfigManager] [DEBUG] Saving to disk...
[2021-01-11 15:54:35] [General - ConfigManager] [INFO] Settings saved!
[2021-01-11 15:54:41] [General - ConfigManager] [DEBUG] Saving to disk...
[2021-01-11 15:54:41] [General - ConfigManager] [INFO] Settings saved!
[2021-01-11 15:54:45] [General - ConfigManager] [DEBUG] Saving to disk...
[2021-01-11 15:54:45] [General - ConfigManager] [INFO] Settings saved!
[2021-01-11 15:55:05] [General - ConfigManager] [DEBUG] Saving to disk...
[2021-01-11 15:55:05] [General - ConfigManager] [INFO] Settings saved!
[2021-01-11 15:55:19] [General - ConfigManager] [DEBUG] Saving to disk...
[2021-01-11 15:55:20] [General - ConfigManager] [INFO] Settings saved!
[2021-01-11 15:55:24] [General - ConfigManager] [DEBUG] Saving to disk...
[2021-01-11 15:55:24] [General - ConfigManager] [INFO] Settings saved!
[2021-01-11 15:55:25] [General - ConfigManager] [DEBUG] Saving to disk...
[2021-01-11 15:55:25] [General - ConfigManager] [INFO] Settings saved!
[2021-01-11 15:55:33] [General - ConfigManager] [DEBUG] Saving to disk...
[2021-01-11 15:55:33] [General - ConfigManager] [INFO] Settings saved!
[2021-01-11 15:55:39] [General - ConfigManager] [DEBUG] Saving to disk...
[2021-01-11 15:55:40] [General - ConfigManager] [INFO] Settings saved!
[2021-01-11 15:55:43] [General - ConfigManager] [DEBUG] Saving to disk...
[2021-01-11 15:55:43] [General - ConfigManager] [INFO] Settings saved!
[2021-01-11 15:55:57] [General - ConfigManager] [DEBUG] Saving to disk...
[2021-01-11 15:55:58] [General - ConfigManager] [INFO] Settings saved!
[2021-01-11 15:56:10] [General - ConfigManager] [DEBUG] Saving to disk...
[2021-01-11 15:56:10] [General - ConfigManager] [INFO] Settings saved!
[2021-01-11 15:56:16] [General - ConfigManager] [DEBUG] Saving to disk...
[2021-01-11 15:56:16] [General - ConfigManager] [INFO] Settings saved!
[2021-01-11 15:56:28] [General - ConfigManager] [DEBUG] Saving to disk...
[2021-01-11 15:56:28] [General - ConfigManager] [INFO] Settings saved!
[2021-01-11 15:56:31] [General - ConfigManager] [DEBUG] Saving to disk...
[2021-01-11 15:56:31] [General - ConfigManager] [INFO] Settings saved!
[2021-01-11 15:56:37] [General - ConfigManager] [DEBUG] Saving to disk...
[2021-01-11 15:56:38] [General - ConfigManager] [INFO] Settings saved!
[2021-01-11 15:56:43] [General - ConfigManager] [DEBUG] Saving to disk...
[2021-01-11 15:56:43] [General - ConfigManager] [INFO] Settings saved!
[2021-01-11 15:56:51] [General - ConfigManager] [DEBUG] Saving to disk...
[2021-01-11 15:56:51] [General - ConfigManager] [INFO] Settings saved!
[2021-01-11 15:56:54] [General - ConfigManager] [DEBUG] Saving to disk...
[2021-01-11 15:56:54] [General - ConfigManager] [INFO] Settings saved!
[2021-01-11 15:57:05] [General - ConfigManager] [DEBUG] Saving to disk...
[2021-01-11 15:57:06] [General - ConfigManager] [INFO] Settings saved!
[2021-01-11 15:57:14] [General - ConfigManager] [DEBUG] Saving to disk...
[2021-01-11 15:57:14] [General - ConfigManager] [INFO] Settings saved!
[2021-01-11 15:57:35] [General - ConfigManager] [DEBUG] Saving to disk...
[2021-01-11 15:57:35] [General - ConfigManager] [INFO] Settings saved!
[2021-01-11 15:57:38] [General - ConfigManager] [DEBUG] Saving to disk...
[2021-01-11 15:57:38] [General - ConfigManager] [INFO] Settings saved!
[2021-01-11 15:58:07] [General - ConfigManager] [DEBUG] Saving to disk...
[2021-01-11 15:58:08] [General - ConfigManager] [INFO] Settings saved!
[2021-01-11 15:58:30] [General - ConfigManager] [DEBUG] Saving to disk...
[2021-01-11 15:58:30] [General - ConfigManager] [INFO] Settings saved!
[2021-01-11 15:58:40] [General - ConfigManager] [DEBUG] Saving to disk...
[2021-01-11 15:58:40] [General - ConfigManager] [INFO] Settings saved!
[2021-01-11 15:58:42] [General - ConfigManager] [DEBUG] Saving to disk...
[2021-01-11 15:58:42] [General - ConfigManager] [INFO] Settings saved!
[2021-01-11 15:58:51] [General - ConfigManager] [DEBUG] Saving to disk...
[2021-01-11 15:58:52] [General - ConfigManager] [INFO] Settings saved!
[2021-01-11 15:59:05] [General - ConfigManager] [DEBUG] Saving to disk...
[2021-01-11 15:59:05] [General - ConfigManager] [INFO] Settings saved!
[2021-01-11 15:59:13] [General - ConfigManager] [DEBUG] Saving to disk...
[2021-01-11 15:59:13] [General - ConfigManager] [INFO] Settings saved!
[2021-01-11 15:59:18] [General - ConfigManager] [DEBUG] Saving to disk...
[2021-01-11 15:59:18] [General - ConfigManager] [INFO] Settings saved!
[2021-01-11 15:59:23] [General - ConfigManager] [DEBUG] Saving to disk...
[2021-01-11 15:59:24] [General - ConfigManager] [INFO] Settings saved!
[2021-01-11 15:59:32] [General - ConfigManager] [DEBUG] Saving to disk...
[2021-01-11 15:59:32] [General - ConfigManager] [INFO] Settings saved!
[2021-01-11 15:59:40] [General - ConfigManager] [DEBUG] Saving to disk...
[2021-01-11 15:59:40] [General - ConfigManager] [INFO] Settings saved!
[2021-01-11 15:59:42] [General - ConfigManager] [DEBUG] Saving to disk...
[2021-01-11 15:59:42] [General - ConfigManager] [INFO] Settings saved!
[2021-01-11 15:59:49] [General - ConfigManager] [DEBUG] Saving to disk...
[2021-01-11 15:59:49] [General - ConfigManager] [INFO] Settings saved!
[2021-01-11 15:59:57] [General - ConfigManager] [DEBUG] Saving to disk...
[2021-01-11 15:59:58] [General - ConfigManager] [INFO] Settings saved!
[2021-01-11 15:59:59] [VisionModule - VisionModule - mmal_service_16.1] [INFO] Setting pipeline to 0
[2021-01-11 16:00:01] [General - ConfigManager] [DEBUG] Saving to disk...
[2021-01-11 16:00:01] [General - ConfigManager] [INFO] Settings saved!
[2021-01-11 16:00:26] [General - ConfigManager] [DEBUG] Saving to disk...
[2021-01-11 16:00:26] [General - ConfigManager] [INFO] Settings saved!
[2021-01-11 16:00:35] [General - ConfigManager] [DEBUG] Saving to disk...
[2021-01-11 16:00:35] [General - ConfigManager] [INFO] Settings saved!
[2021-01-11 16:00:44] [General - ConfigManager] [DEBUG] Saving to disk...
[2021-01-11 16:00:45] [General - ConfigManager] [INFO] Settings saved!
[2021-01-11 16:00:47] [General - ConfigManager] [DEBUG] Saving to disk...
[2021-01-11 16:00:47] [General - ConfigManager] [INFO] Settings saved!
[2021-01-11 16:00:52] [General - ConfigManager] [DEBUG] Saving to disk...
[2021-01-11 16:00:52] [General - ConfigManager] [INFO] Settings saved!
[2021-01-11 16:00:54] [General - ConfigManager] [DEBUG] Saving to disk...
[2021-01-11 16:00:54] [General - ConfigManager] [INFO] Settings saved!
[2021-01-11 16:01:01] [General - ConfigManager] [DEBUG] Saving to disk...
[2021-01-11 16:01:01] [General - ConfigManager] [INFO] Settings saved!
[2021-01-11 16:01:07] [General - ConfigManager] [DEBUG] Saving to disk...
[2021-01-11 16:01:08] [General - ConfigManager] [INFO] Settings saved!
[2021-01-11 16:01:13] [General - ConfigManager] [DEBUG] Saving to disk...
[2021-01-11 16:01:13] [General - ConfigManager] [INFO] Settings saved!
[2021-01-11 16:01:19] [General - ConfigManager] [DEBUG] Saving to disk...
[2021-01-11 16:01:19] [General - ConfigManager] [INFO] Settings saved!
[2021-01-11 16:01:38] [General - ConfigManager] [DEBUG] Saving to disk...
[2021-01-11 16:01:38] [General - ConfigManager] [INFO] Settings saved!
[2021-01-11 16:01:40] [General - ConfigManager] [DEBUG] Saving to disk...
[2021-01-11 16:01:40] [General - ConfigManager] [INFO] Settings saved!
[2021-01-11 16:01:47] [General - ConfigManager] [DEBUG] Saving to disk...
[2021-01-11 16:01:48] [General - ConfigManager] [INFO] Settings saved!
[2021-01-11 16:02:09] [General - ConfigManager] [DEBUG] Saving to disk...
[2021-01-11 16:02:09] [General - ConfigManager] [INFO] Settings saved!
[2021-01-11 16:02:12] [General - ConfigManager] [DEBUG] Saving to disk...
[2021-01-11 16:02:12] [General - ConfigManager] [INFO] Settings saved!
[2021-01-11 16:02:18] [General - ConfigManager] [DEBUG] Saving to disk...
[2021-01-11 16:02:18] [General - ConfigManager] [INFO] Settings saved!
[2021-01-11 16:02:20] [General - ConfigManager] [DEBUG] Saving to disk...
[2021-01-11 16:02:20] [General - ConfigManager] [INFO] Settings saved!
[2021-01-11 16:02:29] [General - ConfigManager] [DEBUG] Saving to disk...
[2021-01-11 16:02:30] [General - ConfigManager] [INFO] Settings saved!
[2021-01-11 16:02:57] [General - ConfigManager] [DEBUG] Saving to disk...
[2021-01-11 16:02:57] [General - ConfigManager] [INFO] Settings saved!
[2021-01-11 16:03:03] [General - ConfigManager] [DEBUG] Saving to disk...
[2021-01-11 16:03:03] [General - ConfigManager] [INFO] Settings saved!
[2021-01-11 16:03:21] [General - ConfigManager] [DEBUG] Saving to disk...
[2021-01-11 16:03:21] [General - ConfigManager] [INFO] Settings saved!
[2021-01-11 16:03:25] [General - ConfigManager] [DEBUG] Saving to disk...
[2021-01-11 16:03:25] [General - ConfigManager] [INFO] Settings saved!
[2021-01-11 16:03:28] [General - ConfigManager] [DEBUG] Saving to disk...
[2021-01-11 16:03:29] [General - ConfigManager] [INFO] Settings saved!
[2021-01-11 16:03:43] [General - ConfigManager] [DEBUG] Saving to disk...
[2021-01-11 16:03:43] [General - ConfigManager] [INFO] Settings saved!
[2021-01-11 16:03:51] [General - ConfigManager] [DEBUG] Saving to disk...
[2021-01-11 16:03:51] [General - ConfigManager] [INFO] Settings saved!
[2021-01-11 16:03:52] [General - ConfigManager] [DEBUG] Saving to disk...
[2021-01-11 16:03:53] [General - ConfigManager] [INFO] Settings saved!
[2021-01-11 16:03:57] [General - ConfigManager] [DEBUG] Saving to disk...
[2021-01-11 16:03:57] [General - ConfigManager] [INFO] Settings saved!
[2021-01-11 16:04:02] [General - ConfigManager] [DEBUG] Saving to disk...
[2021-01-11 16:04:02] [General - ConfigManager] [INFO] Settings saved!
[2021-01-11 16:04:05] [General - ConfigManager] [DEBUG] Saving to disk...
[2021-01-11 16:04:05] [General - ConfigManager] [INFO] Settings saved!
[2021-01-11 16:04:13] [General - ConfigManager] [DEBUG] Saving to disk...
[2021-01-11 16:04:13] [General - ConfigManager] [INFO] Settings saved!
[2021-01-11 16:04:26] [General - ConfigManager] [DEBUG] Saving to disk...
[2021-01-11 16:04:27] [General - ConfigManager] [INFO] Settings saved!
[2021-01-11 16:04:28] [General - ConfigManager] [DEBUG] Saving to disk...
[2021-01-11 16:04:28] [General - ConfigManager] [INFO] Settings saved!
[2021-01-11 16:04:38] [General - ConfigManager] [DEBUG] Saving to disk...
[2021-01-11 16:04:38] [General - ConfigManager] [INFO] Settings saved!
[2021-01-11 16:04:54] [General - ConfigManager] [DEBUG] Saving to disk...
[2021-01-11 16:04:54] [General - ConfigManager] [INFO] Settings saved!
[2021-01-11 16:04:59] [General - ConfigManager] [DEBUG] Saving to disk...
[2021-01-11 16:04:59] [General - ConfigManager] [INFO] Settings saved!
[2021-01-11 16:05:01] [General - ConfigManager] [DEBUG] Saving to disk...
[2021-01-11 16:05:02] [General - ConfigManager] [INFO] Settings saved!
[2021-01-11 16:05:06] [General - ConfigManager] [DEBUG] Saving to disk...
[2021-01-11 16:05:06] [General - ConfigManager] [INFO] Settings saved!
[2021-01-11 16:05:12] [General - ConfigManager] [DEBUG] Saving to disk...
[2021-01-11 16:05:12] [General - ConfigManager] [INFO] Settings saved!
[2021-01-11 16:05:18] [General - ConfigManager] [DEBUG] Saving to disk...
[2021-01-11 16:05:18] [General - ConfigManager] [INFO] Settings saved!
[2021-01-11 16:05:29] [General - ConfigManager] [DEBUG] Saving to disk...
[2021-01-11 16:05:29] [General - ConfigManager] [INFO] Settings saved!
[2021-01-11 16:06:25] [General - ConfigManager] [DEBUG] Saving to disk...
[2021-01-11 16:06:26] [General - ConfigManager] [INFO] Settings saved!
[2021-01-11 16:06:36] [General - ConfigManager] [DEBUG] Saving to disk...
[2021-01-11 16:06:36] [General - ConfigManager] [INFO] Settings saved!
[2021-01-11 16:06:37] [General - ConfigManager] [DEBUG] Saving to disk...
[2021-01-11 16:06:37] [General - ConfigManager] [INFO] Settings saved!
[2021-01-11 16:06:43] [General - ConfigManager] [DEBUG] Saving to disk...
[2021-01-11 16:06:43] [General - ConfigManager] [INFO] Settings saved!
[2021-01-11 16:08:06] [VisionModule - VisionModule - mmal_service_16.1] [INFO] Setting pipeline to 1
[2021-01-11 16:08:08] [General - ConfigManager] [DEBUG] Saving to disk...
[2021-01-11 16:08:08] [General - ConfigManager] [INFO] Settings saved!
[2021-01-11 16:08:36] [General - ConfigManager] [DEBUG] Saving to disk...
[2021-01-11 16:08:36] [General - ConfigManager] [INFO] Settings saved!
[2021-01-11 16:08:41] [General - ConfigManager] [DEBUG] Saving to disk...
[2021-01-11 16:08:41] [General - ConfigManager] [INFO] Settings saved!
[2021-01-11 16:08:47] [General - ConfigManager] [DEBUG] Saving to disk...
[2021-01-11 16:08:48] [General - ConfigManager] [INFO] Settings saved!
[2021-01-11 16:08:52] [General - ConfigManager] [DEBUG] Saving to disk...
[2021-01-11 16:08:52] [General - ConfigManager] [INFO] Settings saved!
[2021-01-11 16:08:57] [General - ConfigManager] [DEBUG] Saving to disk...
[2021-01-11 16:08:57] [General - ConfigManager] [INFO] Settings saved!
[2021-01-11 16:09:05] [General - ConfigManager] [DEBUG] Saving to disk...
[2021-01-11 16:09:05] [General - ConfigManager] [INFO] Settings saved!
[2021-01-11 16:09:22] [General - ConfigManager] [DEBUG] Saving to disk...
[2021-01-11 16:09:23] [General - ConfigManager] [INFO] Settings saved!
[2021-01-11 16:09:28] [General - ConfigManager] [DEBUG] Saving to disk...
[2021-01-11 16:09:28] [General - ConfigManager] [INFO] Settings saved!
[2021-01-11 16:09:34] [General - ConfigManager] [DEBUG] Saving to disk...
[2021-01-11 16:09:34] [General - ConfigManager] [INFO] Settings saved!
[2021-01-11 16:09:46] [General - ConfigManager] [DEBUG] Saving to disk...
[2021-01-11 16:09:46] [General - ConfigManager] [INFO] Settings saved!
[2021-01-11 16:09:54] [General - ConfigManager] [DEBUG] Saving to disk...
[2021-01-11 16:09:54] [General - ConfigManager] [INFO] Settings saved!
[2021-01-11 16:10:00] [General - ConfigManager] [DEBUG] Saving to disk...
[2021-01-11 16:10:01] [General - ConfigManager] [INFO] Settings saved!
[2021-01-11 16:10:03] [General - ConfigManager] [DEBUG] Saving to disk...
[2021-01-11 16:10:03] [General - ConfigManager] [INFO] Settings saved!
[2021-01-11 16:10:11] [General - ConfigManager] [DEBUG] Saving to disk...
[2021-01-11 16:10:11] [General - ConfigManager] [INFO] Settings saved!
[2021-01-11 16:10:21] [General - ConfigManager] [DEBUG] Saving to disk...
[2021-01-11 16:10:21] [General - ConfigManager] [INFO] Settings saved!
[2021-01-11 16:10:29] [General - ConfigManager] [DEBUG] Saving to disk...
[2021-01-11 16:10:30] [General - ConfigManager] [INFO] Settings saved!
[2021-01-11 16:10:42] [General - ConfigManager] [DEBUG] Saving to disk...
[2021-01-11 16:10:42] [General - ConfigManager] [INFO] Settings saved!
[2021-01-11 16:10:49] [General - ConfigManager] [DEBUG] Saving to disk...
[2021-01-11 16:10:49] [General - ConfigManager] [INFO] Settings saved!
[2021-01-11 16:10:51] [General - ConfigManager] [DEBUG] Saving to disk...
[2021-01-11 16:10:51] [General - ConfigManager] [INFO] Settings saved!
[2021-01-11 16:10:57] [General - ConfigManager] [DEBUG] Saving to disk...
[2021-01-11 16:10:57] [General - ConfigManager] [INFO] Settings saved!
[2021-01-11 16:11:00] [General - ConfigManager] [DEBUG] Saving to disk...
[2021-01-11 16:11:00] [General - ConfigManager] [INFO] Settings saved!
[2021-01-11 16:11:05] [General - ConfigManager] [DEBUG] Saving to disk...
[2021-01-11 16:11:06] [General - ConfigManager] [INFO] Settings saved!
[2021-01-11 16:11:20] [General - ConfigManager] [DEBUG] Saving to disk...
[2021-01-11 16:11:20] [General - ConfigManager] [INFO] Settings saved!
[2021-01-11 16:11:37] [General - ConfigManager] [DEBUG] Saving to disk...
[2021-01-11 16:11:37] [General - ConfigManager] [INFO] Settings saved!
[2021-01-11 16:11:50] [General - ConfigManager] [DEBUG] Saving to disk...
[2021-01-11 16:11:50] [General - ConfigManager] [INFO] Settings saved!
[2021-01-11 16:11:53] [General - ConfigManager] [DEBUG] Saving to disk...
[2021-01-11 16:11:53] [General - ConfigManager] [INFO] Settings saved!
[2021-01-11 16:12:04] [General - ConfigManager] [DEBUG] Saving to disk...
[2021-01-11 16:12:04] [General - ConfigManager] [INFO] Settings saved!
[2021-01-11 16:12:08] [General - ConfigManager] [DEBUG] Saving to disk...
[2021-01-11 16:12:08] [General - ConfigManager] [INFO] Settings saved!
[2021-01-11 16:12:22] [General - ConfigManager] [DEBUG] Saving to disk...
[2021-01-11 16:12:22] [General - ConfigManager] [INFO] Settings saved!
[2021-01-11 16:12:25] [General - ConfigManager] [DEBUG] Saving to disk...
[2021-01-11 16:12:25] [General - ConfigManager] [INFO] Settings saved!
[2021-01-11 16:12:27] [General - ConfigManager] [DEBUG] Saving to disk...
[2021-01-11 16:12:27] [General - ConfigManager] [INFO] Settings saved!
[2021-01-11 16:12:36] [General - ConfigManager] [DEBUG] Saving to disk...
[2021-01-11 16:12:37] [General - ConfigManager] [INFO] Settings saved!
[2021-01-11 16:12:50] [General - ConfigManager] [DEBUG] Saving to disk...
[2021-01-11 16:12:50] [General - ConfigManager] [INFO] Settings saved!
[2021-01-11 16:13:01] [General - ConfigManager] [DEBUG] Saving to disk...
[2021-01-11 16:13:01] [General - ConfigManager] [INFO] Settings saved!
[2021-01-11 16:13:11] [General - ConfigManager] [DEBUG] Saving to disk...
[2021-01-11 16:13:11] [General - ConfigManager] [INFO] Settings saved!
[2021-01-11 16:13:13] [General - ConfigManager] [DEBUG] Saving to disk...
[2021-01-11 16:13:13] [General - ConfigManager] [INFO] Settings saved!
[2021-01-11 16:13:15] [General - ConfigManager] [DEBUG] Saving to disk...
[2021-01-11 16:13:16] [General - ConfigManager] [INFO] Settings saved!
[2021-01-11 16:13:19] [General - ConfigManager] [DEBUG] Saving to disk...
[2021-01-11 16:13:19] [General - ConfigManager] [INFO] Settings saved!
[2021-01-11 16:13:54] [General - ConfigManager] [DEBUG] Saving to disk...
[2021-01-11 16:13:54] [General - ConfigManager] [INFO] Settings saved!
[2021-01-11 16:13:55] [General - ConfigManager] [DEBUG] Saving to disk...
[2021-01-11 16:13:55] [General - ConfigManager] [INFO] Settings saved!
[2021-01-11 16:14:09] [General - ConfigManager] [DEBUG] Saving to disk...
[2021-01-11 16:14:09] [General - ConfigManager] [INFO] Settings saved!
[2021-01-11 16:14:24] [General - ConfigManager] [DEBUG] Saving to disk...
[2021-01-11 16:14:24] [General - ConfigManager] [INFO] Settings saved!
[2021-01-11 16:14:29] [General - ConfigManager] [DEBUG] Saving to disk...
[2021-01-11 16:14:30] [General - ConfigManager] [INFO] Settings saved!
[2021-01-11 16:14:39] [General - ConfigManager] [DEBUG] Saving to disk...
[2021-01-11 16:14:39] [General - ConfigManager] [INFO] Settings saved!
[2021-01-11 16:14:47] [General - ConfigManager] [DEBUG] Saving to disk...
[2021-01-11 16:14:47] [General - ConfigManager] [INFO] Settings saved!
[2021-01-11 16:14:50] [General - ConfigManager] [DEBUG] Saving to disk...
[2021-01-11 16:14:50] [General - ConfigManager] [INFO] Settings saved!
[2021-01-11 16:15:06] [General - ConfigManager] [DEBUG] Saving to disk...
[2021-01-11 16:15:06] [General - ConfigManager] [INFO] Settings saved!
[2021-01-11 16:15:17] [General - ConfigManager] [DEBUG] Saving to disk...
[2021-01-11 16:15:17] [General - ConfigManager] [INFO] Settings saved!
[2021-01-11 16:15:21] [General - ConfigManager] [DEBUG] Saving to disk...
[2021-01-11 16:15:21] [General - ConfigManager] [INFO] Settings saved!
[2021-01-11 16:15:35] [General - ConfigManager] [DEBUG] Saving to disk...
[2021-01-11 16:15:36] [General - ConfigManager] [INFO] Settings saved!
[2021-01-11 16:15:45] [General - ConfigManager] [DEBUG] Saving to disk...
[2021-01-11 16:15:45] [General - ConfigManager] [INFO] Settings saved!
[2021-01-11 16:15:59] [General - ConfigManager] [DEBUG] Saving to disk...
[2021-01-11 16:15:59] [General - ConfigManager] [INFO] Settings saved!
[2021-01-11 16:16:07] [General - ConfigManager] [DEBUG] Saving to disk...
[2021-01-11 16:16:07] [General - ConfigManager] [INFO] Settings saved!
[2021-01-11 16:16:13] [General - ConfigManager] [DEBUG] Saving to disk...
[2021-01-11 16:16:13] [General - ConfigManager] [INFO] Settings saved!
[2021-01-11 16:16:17] [General - ConfigManager] [DEBUG] Saving to disk...
[2021-01-11 16:16:17] [General - ConfigManager] [INFO] Settings saved!
[2021-01-11 16:16:31] [General - ConfigManager] [DEBUG] Saving to disk...
[2021-01-11 16:16:31] [General - ConfigManager] [INFO] Settings saved!
[2021-01-11 16:16:37] [General - ConfigManager] [DEBUG] Saving to disk...
[2021-01-11 16:16:38] [General - ConfigManager] [INFO] Settings saved!
[2021-01-11 16:16:52] [General - ConfigManager] [DEBUG] Saving to disk...
[2021-01-11 16:16:52] [General - ConfigManager] [INFO] Settings saved!
[2021-01-11 16:16:56] [General - ConfigManager] [DEBUG] Saving to disk...
[2021-01-11 16:16:56] [General - ConfigManager] [INFO] Settings saved!
[2021-01-11 16:17:02] [General - ConfigManager] [DEBUG] Saving to disk...
[2021-01-11 16:17:02] [General - ConfigManager] [INFO] Settings saved!
[2021-01-11 16:17:07] [General - ConfigManager] [DEBUG] Saving to disk...
[2021-01-11 16:17:07] [General - ConfigManager] [INFO] Settings saved!
[2021-01-11 16:17:17] [General - ConfigManager] [DEBUG] Saving to disk...
[2021-01-11 16:17:17] [General - ConfigManager] [INFO] Settings saved!
[2021-01-11 16:17:21] [General - ConfigManager] [DEBUG] Saving to disk...
[2021-01-11 16:17:22] [General - ConfigManager] [INFO] Settings saved!
[2021-01-11 16:18:10] [General - ConfigManager] [DEBUG] Saving to disk...
[2021-01-11 16:18:10] [General - ConfigManager] [INFO] Settings saved!
[2021-01-11 16:18:15] [General - ConfigManager] [DEBUG] Saving to disk...
[2021-01-11 16:18:15] [General - ConfigManager] [INFO] Settings saved!
[2021-01-11 16:18:19] [General - ConfigManager] [DEBUG] Saving to disk...
[2021-01-11 16:18:19] [General - ConfigManager] [INFO] Settings saved!
[2021-01-11 16:18:28] [General - ConfigManager] [DEBUG] Saving to disk...
[2021-01-11 16:18:28] [General - ConfigManager] [INFO] Settings saved!
[2021-01-11 16:18:37] [General - ConfigManager] [DEBUG] Saving to disk...
[2021-01-11 16:18:37] [General - ConfigManager] [INFO] Settings saved!
[2021-01-11 16:18:41] [General - ConfigManager] [DEBUG] Saving to disk...
[2021-01-11 16:18:42] [General - ConfigManager] [INFO] Settings saved!
[2021-01-11 16:19:00] [General - ConfigManager] [DEBUG] Saving to disk...
[2021-01-11 16:19:00] [General - ConfigManager] [INFO] Settings saved!
[2021-01-11 16:19:12] [General - ConfigManager] [DEBUG] Saving to disk...
[2021-01-11 16:19:12] [General - ConfigManager] [INFO] Settings saved!
[2021-01-11 16:19:18] [General - ConfigManager] [DEBUG] Saving to disk...
[2021-01-11 16:19:18] [General - ConfigManager] [INFO] Settings saved!
[2021-01-11 16:19:27] [General - ConfigManager] [DEBUG] Saving to disk...
[2021-01-11 16:19:27] [General - ConfigManager] [INFO] Settings saved!
[2021-01-11 16:20:35] [General - ConfigManager] [DEBUG] Saving to disk...
[2021-01-11 16:20:35] [General - ConfigManager] [INFO] Settings saved!
[2021-01-11 16:20:39] [General - ConfigManager] [DEBUG] Saving to disk...
[2021-01-11 16:20:40] [General - ConfigManager] [INFO] Settings saved!
[2021-01-11 16:21:03] [General - ConfigManager] [DEBUG] Saving to disk...
[2021-01-11 16:21:03] [General - ConfigManager] [INFO] Settings saved!
[2021-01-11 16:21:23] [General - ConfigManager] [DEBUG] Saving to disk...
[2021-01-11 16:21:23] [General - ConfigManager] [INFO] Settings saved!
[2021-01-11 16:21:25] [General - ConfigManager] [DEBUG] Saving to disk...
[2021-01-11 16:21:25] [General - ConfigManager] [INFO] Settings saved!
[2021-01-11 16:21:38] [VisionModule - VisionModule - mmal_service_16.1] [INFO] Setting pipeline to 0
[2021-01-11 16:21:40] [General - ConfigManager] [DEBUG] Saving to disk...
[2021-01-11 16:21:41] [General - ConfigManager] [INFO] Settings saved!
[2021-01-11 16:22:14] [General - ConfigManager] [DEBUG] Saving to disk...
[2021-01-11 16:22:14] [General - ConfigManager] [INFO] Settings saved!
[2021-01-11 16:22:17] [General - ConfigManager] [DEBUG] Saving to disk...
[2021-01-11 16:22:17] [General - ConfigManager] [INFO] Settings saved!
[2021-01-11 16:22:36] [VisionModule - VisionModule - mmal_service_16.1] [INFO] Setting pipeline to 1
[2021-01-11 16:22:38] [General - ConfigManager] [DEBUG] Saving to disk...
[2021-01-11 16:22:39] [General - ConfigManager] [INFO] Settings saved!
[2021-01-11 16:23:01] [VisionModule - VisionModule - mmal_service_16.1] [INFO] Setting pipeline to 0
[2021-01-11 16:23:03] [General - ConfigManager] [DEBUG] Saving to disk...
[2021-01-11 16:23:03] [General - ConfigManager] [INFO] Settings saved!
[2021-01-11 16:23:28] [VisionModule - VisionModule - mmal_service_16.1] [INFO] Setting pipeline to 1
[2021-01-11 16:23:30] [General - ConfigManager] [DEBUG] Saving to disk...
[2021-01-11 16:23:30] [General - ConfigManager] [INFO] Settings saved!
[2021-01-11 16:23:39] [General - ConfigManager] [DEBUG] Saving to disk...
[2021-01-11 16:23:39] [General - ConfigManager] [INFO] Settings saved!
[2021-01-11 16:23:42] [General - ConfigManager] [DEBUG] Saving to disk...
[2021-01-11 16:23:42] [General - ConfigManager] [INFO] Settings saved!
[2021-01-11 16:25:15] [VisionModule - VisionModuleChangeSubscriber - mmal_service_16.1] [DEBUG] Skipping pipeline change, index 1 already active
[2021-01-11 16:25:58] [General - ConfigManager] [DEBUG] Saving to disk...
[2021-01-11 16:25:58] [General - ConfigManager] [INFO] Settings saved!
[2021-01-11 16:26:04] [General - ConfigManager] [DEBUG] Saving to disk...
[2021-01-11 16:26:04] [General - ConfigManager] [INFO] Settings saved!
[2021-01-11 16:26:12] [General - ConfigManager] [DEBUG] Saving to disk...
[2021-01-11 16:26:12] [General - ConfigManager] [INFO] Settings saved!
[2021-01-11 16:26:16] [General - ConfigManager] [DEBUG] Saving to disk...
[2021-01-11 16:26:16] [General - ConfigManager] [INFO] Settings saved!
[2021-01-11 16:26:17] [General - ConfigManager] [DEBUG] Saving to disk...
[2021-01-11 16:26:17] [General - ConfigManager] [INFO] Settings saved!
[2021-01-11 16:26:24] [General - ConfigManager] [DEBUG] Saving to disk...
[2021-01-11 16:26:24] [General - ConfigManager] [INFO] Settings saved!
[2021-01-11 16:26:34] [General - ConfigManager] [DEBUG] Saving to disk...
[2021-01-11 16:26:35] [General - ConfigManager] [INFO] Settings saved!
[2021-01-11 16:26:52] [General - ConfigManager] [DEBUG] Saving to disk...
[2021-01-11 16:26:52] [General - ConfigManager] [INFO] Settings saved!
[2021-01-11 16:26:56] [General - ConfigManager] [DEBUG] Saving to disk...
[2021-01-11 16:26:56] [General - ConfigManager] [INFO] Settings saved!
[2021-01-11 16:27:01] [General - ConfigManager] [DEBUG] Saving to disk...
[2021-01-11 16:27:01] [General - ConfigManager] [INFO] Settings saved!
[2021-01-11 16:27:05] [General - ConfigManager] [DEBUG] Saving to disk...
[2021-01-11 16:27:05] [General - ConfigManager] [INFO] Settings saved!
[2021-01-11 16:27:07] [General - ConfigManager] [DEBUG] Saving to disk...
[2021-01-11 16:27:07] [General - ConfigManager] [INFO] Settings saved!
[2021-01-11 16:27:38] [General - ConfigManager] [DEBUG] Saving to disk...
[2021-01-11 16:27:39] [General - ConfigManager] [INFO] Settings saved!
[2021-01-11 16:27:43] [General - ConfigManager] [DEBUG] Saving to disk...
[2021-01-11 16:27:43] [General - ConfigManager] [INFO] Settings saved!
[2021-01-11 16:29:26] [General - ConfigManager] [DEBUG] Saving to disk...
[2021-01-11 16:29:26] [General - ConfigManager] [INFO] Settings saved!
[2021-01-11 16:29:32] [General - ConfigManager] [DEBUG] Saving to disk...
[2021-01-11 16:29:32] [General - ConfigManager] [INFO] Settings saved!
[2021-01-11 16:29:35] [General - ConfigManager] [DEBUG] Saving to disk...
[2021-01-11 16:29:35] [General - ConfigManager] [INFO] Settings saved!
[2021-01-11 16:29:44] [General - ConfigManager] [DEBUG] Saving to disk...
[2021-01-11 16:29:45] [General - ConfigManager] [INFO] Settings saved!
[2021-01-11 16:33:19] [General - MetricsPublisher] [DEBUG] Publishing Metrics...
[2021-01-11 16:33:19] [General - ShellExec] [DEBUG] Executing "sed 's/.\{3\}$/.&/' <<< cat /sys/class/thermal/thermal_zone0/temp"
[2021-01-11 16:33:19] [General - ShellExec] [DEBUG] Got exit code 0
[2021-01-11 16:33:19] [General - ShellExec] [DEBUG] Executing "top -bn1 | grep "Cpu(s)" | sed "s/.*, *\([0-9.]*\)%* id.*/\1/" | awk '{print 100 - $1}'"
[2021-01-11 16:33:20] [General - ShellExec] [DEBUG] Got exit code 0
[2021-01-11 16:33:20] [General - ShellExec] [DEBUG] Executing "free --mega | awk -v i=2 -v j=3 'FNR == i {print $j}'"
[2021-01-11 16:33:20] [General - ShellExec] [DEBUG] Got exit code 0
[2021-01-11 16:33:20] [General - ShellExec] [DEBUG] Executing "vcgencmd get_mem malloc | grep -Eo '[0-9]+'"
[2021-01-11 16:33:20] [General - ShellExec] [DEBUG] Got exit code 0
[2021-01-11 16:33:20] [General - ShellExec] [DEBUG] Executing "df ./ --output=pcent | tail -n +2"
[2021-01-11 16:33:20] [General - ShellExec] [DEBUG] Got exit code 0
[2021-01-11 16:33:20] [WebServer - Server] [DEBUG] Handled HTTP POST request from 10.6.86.99 in 515.3717ms
[2021-01-11 16:33:20] [WebServer - RequestHandler] [INFO] exporting settings to download...
